Success (17):
group 117 _e-0000dfc1-34ff-8000-45e1-011e94011e94_38 "AllUsers"
content 4834 _a-0000e051-c1fa-8000-6110-01ef9001ef90_5579 "Scaled Process Throughput"
content 4835 _a-0000e051-c1fa-8000-6110-01ef9001ef90_5581 "SPT_ALL_PROCESSES_REPORT"
content 4836 _a-0000e051-c1fa-8000-6110-01ef9001ef90_5580 "SPT_MY_TASKS_REPORT"
processModelFolder 117 _g-0000dfc0-31a0-8000-45e1-014d98014d98_52 "Scaled Process Throughput Test Process Models"
processModel 356 0016e052-bad5-8000-60e0-014d98014d98 "Java and K Unchained Script Tasks"
processModel 357 0016e052-ba88-8000-60e0-014d98014d98 "Java and K Chained Script Tasks"
processModel 358 0016e078-803c-8000-903a-014d98014d98 "Complex Java Unchained Tasks"
processModel 359 0004dfc0-39c8-8000-45e1-014d98014d98 "Java & K Script Task"
processModel 360 0016e077-f540-8000-903a-014d98014d98 "Complex Java Chained Tasks"
processModel 361 0003dfc0-3595-8000-45e1-014d98014d98 "K Script Task"
processModel 362 0003dfc0-36d8-8000-45e1-014d98014d98 "Java Script Task"
processModel 363 0002dfc0-3508-8000-45e1-014d98014d98 "Start & End Node"
webApi 22 561d117f-a9c0-4246-8139-8c55feadab96 "Scaled Process Throughput: All Processes"
webApi 23 6750cfd5-85b6-421d-a9fa-ca0ffb7dfe46 "Scaled Process Throughput: My Tasks"
webApi 24 29130fb7-a4de-4d37-bf7c-0016ce29b64f "Get Exec Stats"
webApi 25 6692d720-09e6-4069-bf7d-983b99e3fde4 "Get Rule Performance"

Referenced precedents that were not exported (3):
user admin.user admin.user
content 23 SYSTEM_REPORT_ALL_PROCESSES
content 36 SYSTEM_REPORT_ACTIVE_TASKS

Trace:
2021-10-07 13:56:46.719 DEBUG group 117 _e-0000dfc1-34ff-8000-45e1-011e94011e94_38 Begin transport.
2021-10-07 13:56:46.719 DEBUG group 117 _e-0000dfc1-34ff-8000-45e1-011e94011e94_38 Retrieving object data.
2021-10-07 13:56:46.748 DEBUG group 117 _e-0000dfc1-34ff-8000-45e1-011e94011e94_38 Setting uuids of object references.
2021-10-07 13:56:46.75 DEBUG group 117 _e-0000dfc1-34ff-8000-45e1-011e94011e94_38 Processing reference: Role[name=<null>]
2021-10-07 13:56:46.75 DEBUG group 117 _e-0000dfc1-34ff-8000-45e1-011e94011e94_38 Processing reference: Group.groupTypeId
2021-10-07 13:56:46.753 DEBUG group 117 _e-0000dfc1-34ff-8000-45e1-011e94011e94_38 Processing reference: Group.parentId
2021-10-07 13:56:46.753 DEBUG group 117 _e-0000dfc1-34ff-8000-45e1-011e94011e94_38 Processing reference: Group.homePageId
2021-10-07 13:56:46.753 DEBUG group 117 _e-0000dfc1-34ff-8000-45e1-011e94011e94_38 Processing reference: Role[name=<null>]
2021-10-07 13:56:46.753 DEBUG group 117 _e-0000dfc1-34ff-8000-45e1-011e94011e94_38 Processing reference: Expression[entityTypeName=u,conditions={Condition[attributeName=username,operatorId=1,operatorName=equals,value=*]}]
2021-10-07 13:56:46.753 DEBUG group 117 _e-0000dfc1-34ff-8000-45e1-011e94011e94_38 Completing produce.
2021-10-07 13:56:46.754 DEBUG group 117 _e-0000dfc1-34ff-8000-45e1-011e94011e94_38 Exporting binary resources.
2021-10-07 13:56:46.754 DEBUG group 117 _e-0000dfc1-34ff-8000-45e1-011e94011e94_38 Serializing object to XML.
2021-10-07 13:56:46.777 DEBUG group 117 _e-0000dfc1-34ff-8000-45e1-011e94011e94_38 Object transported.
2021-10-07 13:56:46.782 DEBUG content 4834 _a-0000e051-c1fa-8000-6110-01ef9001ef90_5579 Begin transport.
2021-10-07 13:56:46.782 DEBUG content 4834 _a-0000e051-c1fa-8000-6110-01ef9001ef90_5579 Retrieving object data.
2021-10-07 13:56:46.817 DEBUG content 4834 _a-0000e051-c1fa-8000-6110-01ef9001ef90_5579 Setting uuids of object references.
2021-10-07 13:56:46.817 DEBUG content 4834 _a-0000e051-c1fa-8000-6110-01ef9001ef90_5579 Processing reference: RulesFolder.forum
2021-10-07 13:56:46.818 DEBUG content 4834 _a-0000e051-c1fa-8000-6110-01ef9001ef90_5579 Processing reference: RulesFolder.parent
2021-10-07 13:56:46.823 DEBUG content 4834 _a-0000e051-c1fa-8000-6110-01ef9001ef90_5579 Processing reference: com.appiancorp.suiteapi.content.ContentRoleMap@10be6562[
  ContentRole[name=readers,inherit=true,allowForAll=false]
  ContentRole[name=authors,inherit=true,allowForAll=false]
  ContentRole[name=administrators,inherit=true,allowForAll=false]
  ContentRole[name=denyReaders,inherit=false,allowForAll=false]
  ContentRole[name=denyAuthors,inherit=false,allowForAll=false]
  ContentRole[name=denyAdministrators,inherit=false,allowForAll=false]
  securityVector=15:SEC_PUBLIC=true,SEC_CREATOR_ADMIN=false,SEC_INH_ADMIN=true,SEC_INH_EDITOR=true,SEC_INH_VIEWER=true,SEC_ALL_ADMIN=false,SEC_ALL_EDITOR=false,SEC_ALL_VIEWER=false
]
2021-10-07 13:56:46.823 DEBUG content 4834 _a-0000e051-c1fa-8000-6110-01ef9001ef90_5579 Processing reference: ContentRole[name=readers,inherit=true,allowForAll=false]
2021-10-07 13:56:46.823 DEBUG content 4834 _a-0000e051-c1fa-8000-6110-01ef9001ef90_5579 Processing reference: ContentRole[name=authors,inherit=true,allowForAll=false]
2021-10-07 13:56:46.823 DEBUG content 4834 _a-0000e051-c1fa-8000-6110-01ef9001ef90_5579 Processing reference: ContentRole[name=administrators,inherit=true,allowForAll=false]
2021-10-07 13:56:46.823 DEBUG content 4834 _a-0000e051-c1fa-8000-6110-01ef9001ef90_5579 Processing reference: ContentRole[name=denyReaders,inherit=false,allowForAll=false]
2021-10-07 13:56:46.823 DEBUG content 4834 _a-0000e051-c1fa-8000-6110-01ef9001ef90_5579 Processing reference: ContentRole[name=denyAuthors,inherit=false,allowForAll=false]
2021-10-07 13:56:46.823 DEBUG content 4834 _a-0000e051-c1fa-8000-6110-01ef9001ef90_5579 Processing reference: ContentRole[name=denyAdministrators,inherit=false,allowForAll=false]
2021-10-07 13:56:46.823 DEBUG content 4834 _a-0000e051-c1fa-8000-6110-01ef9001ef90_5579 Completing produce.
2021-10-07 13:56:46.823 DEBUG content 4834 _a-0000e051-c1fa-8000-6110-01ef9001ef90_5579 Exporting binary resources.
2021-10-07 13:56:46.823 DEBUG content 4834 _a-0000e051-c1fa-8000-6110-01ef9001ef90_5579 Serializing object to XML.
2021-10-07 13:56:46.833 DEBUG content 4834 _a-0000e051-c1fa-8000-6110-01ef9001ef90_5579 Object transported.
2021-10-07 13:56:46.833 DEBUG content 4835 _a-0000e051-c1fa-8000-6110-01ef9001ef90_5581 Begin transport.
2021-10-07 13:56:46.833 DEBUG content 4835 _a-0000e051-c1fa-8000-6110-01ef9001ef90_5581 Retrieving object data.
2021-10-07 13:56:46.848 DEBUG content 4835 _a-0000e051-c1fa-8000-6110-01ef9001ef90_5581 Setting uuids of object references.
2021-10-07 13:56:46.848 DEBUG content 4835 _a-0000e051-c1fa-8000-6110-01ef9001ef90_5581 Processing reference: [Content:id=4835,versionId=-1,name=SPT_ALL_PROCESSES_REPORT,type=32,subtype=0,uuid=_a-0000e051-c1fa-8000-6110-01ef9001ef90_5581,parent=4834]
2021-10-07 13:56:46.851 DEBUG content 4835 _a-0000e051-c1fa-8000-6110-01ef9001ef90_5581 Processing reference: Constant.forum
2021-10-07 13:56:46.852 DEBUG content 4835 _a-0000e051-c1fa-8000-6110-01ef9001ef90_5581 Processing reference: Constant.parent
2021-10-07 13:56:46.855 DEBUG content 4835 _a-0000e051-c1fa-8000-6110-01ef9001ef90_5581 Processing reference: com.appiancorp.suiteapi.content.ContentRoleMap@11ecb97b[
  ContentRole[name=readers,inherit=true,allowForAll=false]
  ContentRole[name=authors,inherit=true,allowForAll=false]
  ContentRole[name=administrators,inherit=true,allowForAll=false]
  ContentRole[name=denyReaders,inherit=false,allowForAll=false]
  ContentRole[name=denyAuthors,inherit=false,allowForAll=false]
  ContentRole[name=denyAdministrators,inherit=false,allowForAll=false]
  securityVector=15:SEC_PUBLIC=true,SEC_CREATOR_ADMIN=false,SEC_INH_ADMIN=true,SEC_INH_EDITOR=true,SEC_INH_VIEWER=true,SEC_ALL_ADMIN=false,SEC_ALL_EDITOR=false,SEC_ALL_VIEWER=false
]
2021-10-07 13:56:46.855 DEBUG content 4835 _a-0000e051-c1fa-8000-6110-01ef9001ef90_5581 Processing reference: ContentRole[name=readers,inherit=true,allowForAll=false]
2021-10-07 13:56:46.855 DEBUG content 4835 _a-0000e051-c1fa-8000-6110-01ef9001ef90_5581 Processing reference: ContentRole[name=authors,inherit=true,allowForAll=false]
2021-10-07 13:56:46.855 DEBUG content 4835 _a-0000e051-c1fa-8000-6110-01ef9001ef90_5581 Processing reference: ContentRole[name=administrators,inherit=true,allowForAll=false]
2021-10-07 13:56:46.855 DEBUG content 4835 _a-0000e051-c1fa-8000-6110-01ef9001ef90_5581 Processing reference: ContentRole[name=denyReaders,inherit=false,allowForAll=false]
2021-10-07 13:56:46.855 DEBUG content 4835 _a-0000e051-c1fa-8000-6110-01ef9001ef90_5581 Processing reference: ContentRole[name=denyAuthors,inherit=false,allowForAll=false]
2021-10-07 13:56:46.855 DEBUG content 4835 _a-0000e051-c1fa-8000-6110-01ef9001ef90_5581 Processing reference: ContentRole[name=denyAdministrators,inherit=false,allowForAll=false]
2021-10-07 13:56:46.858 DEBUG content 4835 _a-0000e051-c1fa-8000-6110-01ef9001ef90_5581 Completing produce.
2021-10-07 13:56:46.858 DEBUG content 4835 _a-0000e051-c1fa-8000-6110-01ef9001ef90_5581 Exporting binary resources.
2021-10-07 13:56:46.858 DEBUG content 4835 _a-0000e051-c1fa-8000-6110-01ef9001ef90_5581 Serializing object to XML.
2021-10-07 13:56:46.876 DEBUG content 4835 _a-0000e051-c1fa-8000-6110-01ef9001ef90_5581 Object transported.
2021-10-07 13:56:46.876 DEBUG content 4836 _a-0000e051-c1fa-8000-6110-01ef9001ef90_5580 Begin transport.
2021-10-07 13:56:46.876 DEBUG content 4836 _a-0000e051-c1fa-8000-6110-01ef9001ef90_5580 Retrieving object data.
2021-10-07 13:56:46.886 DEBUG content 4836 _a-0000e051-c1fa-8000-6110-01ef9001ef90_5580 Setting uuids of object references.
2021-10-07 13:56:46.886 DEBUG content 4836 _a-0000e051-c1fa-8000-6110-01ef9001ef90_5580 Processing reference: [Content:id=4836,versionId=-1,name=SPT_MY_TASKS_REPORT,type=32,subtype=0,uuid=_a-0000e051-c1fa-8000-6110-01ef9001ef90_5580,parent=4834]
2021-10-07 13:56:46.888 DEBUG content 4836 _a-0000e051-c1fa-8000-6110-01ef9001ef90_5580 Processing reference: Constant.forum
2021-10-07 13:56:46.889 DEBUG content 4836 _a-0000e051-c1fa-8000-6110-01ef9001ef90_5580 Processing reference: Constant.parent
2021-10-07 13:56:46.908 DEBUG content 4836 _a-0000e051-c1fa-8000-6110-01ef9001ef90_5580 Processing reference: com.appiancorp.suiteapi.content.ContentRoleMap@5075a9ad[
  ContentRole[name=readers,inherit=true,allowForAll=false]
  ContentRole[name=authors,inherit=true,allowForAll=false]
  ContentRole[name=administrators,inherit=true,allowForAll=false]
  ContentRole[name=denyReaders,inherit=false,allowForAll=false]
  ContentRole[name=denyAuthors,inherit=false,allowForAll=false]
  ContentRole[name=denyAdministrators,inherit=false,allowForAll=false]
  securityVector=15:SEC_PUBLIC=true,SEC_CREATOR_ADMIN=false,SEC_INH_ADMIN=true,SEC_INH_EDITOR=true,SEC_INH_VIEWER=true,SEC_ALL_ADMIN=false,SEC_ALL_EDITOR=false,SEC_ALL_VIEWER=false
]
2021-10-07 13:56:46.908 DEBUG content 4836 _a-0000e051-c1fa-8000-6110-01ef9001ef90_5580 Processing reference: ContentRole[name=readers,inherit=true,allowForAll=false]
2021-10-07 13:56:46.908 DEBUG content 4836 _a-0000e051-c1fa-8000-6110-01ef9001ef90_5580 Processing reference: ContentRole[name=authors,inherit=true,allowForAll=false]
2021-10-07 13:56:46.908 DEBUG content 4836 _a-0000e051-c1fa-8000-6110-01ef9001ef90_5580 Processing reference: ContentRole[name=administrators,inherit=true,allowForAll=false]
2021-10-07 13:56:46.908 DEBUG content 4836 _a-0000e051-c1fa-8000-6110-01ef9001ef90_5580 Processing reference: ContentRole[name=denyReaders,inherit=false,allowForAll=false]
2021-10-07 13:56:46.908 DEBUG content 4836 _a-0000e051-c1fa-8000-6110-01ef9001ef90_5580 Processing reference: ContentRole[name=denyAuthors,inherit=false,allowForAll=false]
2021-10-07 13:56:46.908 DEBUG content 4836 _a-0000e051-c1fa-8000-6110-01ef9001ef90_5580 Processing reference: ContentRole[name=denyAdministrators,inherit=false,allowForAll=false]
2021-10-07 13:56:46.908 DEBUG content 4836 _a-0000e051-c1fa-8000-6110-01ef9001ef90_5580 Completing produce.
2021-10-07 13:56:46.908 DEBUG content 4836 _a-0000e051-c1fa-8000-6110-01ef9001ef90_5580 Exporting binary resources.
2021-10-07 13:56:46.908 DEBUG content 4836 _a-0000e051-c1fa-8000-6110-01ef9001ef90_5580 Serializing object to XML.
2021-10-07 13:56:46.92 DEBUG content 4836 _a-0000e051-c1fa-8000-6110-01ef9001ef90_5580 Object transported.
2021-10-07 13:56:46.922 DEBUG processModelFolder 117 _g-0000dfc0-31a0-8000-45e1-014d98014d98_52 Begin transport.
2021-10-07 13:56:46.922 DEBUG processModelFolder 117 _g-0000dfc0-31a0-8000-45e1-014d98014d98_52 Retrieving object data.
2021-10-07 13:56:46.935 DEBUG processModelFolder 117 _g-0000dfc0-31a0-8000-45e1-014d98014d98_52 Setting uuids of object references.
2021-10-07 13:56:46.935 DEBUG processModelFolder 117 _g-0000dfc0-31a0-8000-45e1-014d98014d98_52 Processing reference: ProcessModelFolder.parentFolderId
2021-10-07 13:56:46.936 DEBUG processModelFolder 117 _g-0000dfc0-31a0-8000-45e1-014d98014d98_52 Processing reference: com.appiancorp.suiteapi.process.ProcessRoleMap@55033caf[
  Role[name=ADMIN_OWNER]
  Role[name=EDITOR]
  Role[name=EXPLICIT_NONMEMBER]
  Role[name=VIEWER,groupIds=[117]]
  Role[name=MANAGER]
  Role[name=INITIATOR]
]
2021-10-07 13:56:46.936 DEBUG processModelFolder 117 _g-0000dfc0-31a0-8000-45e1-014d98014d98_52 Processing reference: Role[name=ADMIN_OWNER]
2021-10-07 13:56:46.936 DEBUG processModelFolder 117 _g-0000dfc0-31a0-8000-45e1-014d98014d98_52 Processing reference: Role[name=EDITOR]
2021-10-07 13:56:46.936 DEBUG processModelFolder 117 _g-0000dfc0-31a0-8000-45e1-014d98014d98_52 Processing reference: Role[name=EXPLICIT_NONMEMBER]
2021-10-07 13:56:46.936 DEBUG processModelFolder 117 _g-0000dfc0-31a0-8000-45e1-014d98014d98_52 Processing reference: Role[name=VIEWER,groupIds=[117]]
2021-10-07 13:56:46.938 DEBUG processModelFolder 117 _g-0000dfc0-31a0-8000-45e1-014d98014d98_52 Processing reference: Role[name=MANAGER]
2021-10-07 13:56:46.938 DEBUG processModelFolder 117 _g-0000dfc0-31a0-8000-45e1-014d98014d98_52 Processing reference: Role[name=INITIATOR]
2021-10-07 13:56:46.938 DEBUG processModelFolder 117 _g-0000dfc0-31a0-8000-45e1-014d98014d98_52 Completing produce.
2021-10-07 13:56:46.938 DEBUG processModelFolder 117 _g-0000dfc0-31a0-8000-45e1-014d98014d98_52 Exporting binary resources.
2021-10-07 13:56:46.938 DEBUG processModelFolder 117 _g-0000dfc0-31a0-8000-45e1-014d98014d98_52 Serializing object to XML.
2021-10-07 13:56:46.946 DEBUG processModelFolder 117 _g-0000dfc0-31a0-8000-45e1-014d98014d98_52 Object transported.
2021-10-07 13:56:46.948 DEBUG processModel 356 0016e052-bad5-8000-60e0-014d98014d98 Begin transport.
2021-10-07 13:56:46.948 DEBUG processModel 356 0016e052-bad5-8000-60e0-014d98014d98 Retrieving object data.
2021-10-07 13:56:47.087 DEBUG processModel 356 0016e052-bad5-8000-60e0-014d98014d98 Setting uuids of object references.
2021-10-07 13:56:47.087 DEBUG processModel 356 0016e052-bad5-8000-60e0-014d98014d98 Processing reference: ProcessModelHaul.folderId
2021-10-07 13:56:47.088 DEBUG processModel 356 0016e052-bad5-8000-60e0-014d98014d98 Processing reference: ProcessModelHaul.modelDashboardPageId
2021-10-07 13:56:47.088 DEBUG processModel 356 0016e052-bad5-8000-60e0-014d98014d98 Processing reference: ProcessModelHaul.processDashboardPageId
2021-10-07 13:56:47.089 DEBUG processModel 356 0016e052-bad5-8000-60e0-014d98014d98 Processing reference: ProcessModel.emailAttachmentFolderId
2021-10-07 13:56:47.097 DEBUG processModel 356 0016e052-bad5-8000-60e0-014d98014d98 Processing reference: ActivityClassParameter[name=pmID,it=23,v=<null>]
2021-10-07 13:56:47.097 DEBUG processModel 356 0016e052-bad5-8000-60e0-014d98014d98 Processing reference: ActivityClassParameter[name=inMap,it=111,v={}]
2021-10-07 13:56:47.097 DEBUG processModel 356 0016e052-bad5-8000-60e0-014d98014d98 Processing reference: ActivityClassParameter[name=procInheritsPriority,it=1,v=1]
2021-10-07 13:56:47.097 DEBUG processModel 356 0016e052-bad5-8000-60e0-014d98014d98 Processing reference: ActivityClassParameter[name=pmUUID,it=3,v=]
2021-10-07 13:56:47.097 DEBUG processModel 356 0016e052-bad5-8000-60e0-014d98014d98 Processing reference: ActivityClassParameter[name=isAsynchronous,it=26,v=1]
2021-10-07 13:56:47.097 DEBUG processModel 356 0016e052-bad5-8000-60e0-014d98014d98 Processing reference: ActivityClassParameter[name=isTransparent,it=26,v=1]
2021-10-07 13:56:47.097 DEBUG processModel 356 0016e052-bad5-8000-60e0-014d98014d98 Processing reference: ActivityClassParameter[name=inheritSecurity,it=26,v=0]
2021-10-07 13:56:47.098 DEBUG processModel 356 0016e052-bad5-8000-60e0-014d98014d98 Processing reference: ProcessVariable[name=testJavaPV,it=101,v={}]
2021-10-07 13:56:47.099 DEBUG processModel 356 0016e052-bad5-8000-60e0-014d98014d98 Processing reference: ProcessVariable[name=testKPV,it=1,v=0]
2021-10-07 13:56:47.099 DEBUG processModel 356 0016e052-bad5-8000-60e0-014d98014d98 Processing reference: com.appiancorp.suiteapi.process.ProcessRoleMap@7c7a25fd[
  Role[name=ADMIN_OWNER]
  Role[name=EDITOR]
  Role[name=EXPLICIT_NONMEMBER]
  Role[name=VIEWER]
  Role[name=MANAGER]
  Role[name=INITIATOR]
]
2021-10-07 13:56:47.099 DEBUG processModel 356 0016e052-bad5-8000-60e0-014d98014d98 Processing reference: Role[name=ADMIN_OWNER]
2021-10-07 13:56:47.099 DEBUG processModel 356 0016e052-bad5-8000-60e0-014d98014d98 Processing reference: Role[name=EDITOR]
2021-10-07 13:56:47.099 DEBUG processModel 356 0016e052-bad5-8000-60e0-014d98014d98 Processing reference: Role[name=EXPLICIT_NONMEMBER]
2021-10-07 13:56:47.099 DEBUG processModel 356 0016e052-bad5-8000-60e0-014d98014d98 Processing reference: Role[name=VIEWER]
2021-10-07 13:56:47.099 DEBUG processModel 356 0016e052-bad5-8000-60e0-014d98014d98 Processing reference: Role[name=MANAGER]
2021-10-07 13:56:47.099 DEBUG processModel 356 0016e052-bad5-8000-60e0-014d98014d98 Processing reference: Role[name=INITIATOR]
2021-10-07 13:56:47.099 DEBUG processModel 356 0016e052-bad5-8000-60e0-014d98014d98 Completing produce.
2021-10-07 13:56:47.099 DEBUG processModel 356 0016e052-bad5-8000-60e0-014d98014d98 Exporting binary resources.
2021-10-07 13:56:47.099 DEBUG processModel 356 0016e052-bad5-8000-60e0-014d98014d98 Serializing object to XML.
2021-10-07 13:56:47.349 DEBUG processModel 356 0016e052-bad5-8000-60e0-014d98014d98 Object transported.
2021-10-07 13:56:47.349 DEBUG processModel 357 0016e052-ba88-8000-60e0-014d98014d98 Begin transport.
2021-10-07 13:56:47.349 DEBUG processModel 357 0016e052-ba88-8000-60e0-014d98014d98 Retrieving object data.
2021-10-07 13:56:47.456 DEBUG processModel 357 0016e052-ba88-8000-60e0-014d98014d98 Setting uuids of object references.
2021-10-07 13:56:47.456 DEBUG processModel 357 0016e052-ba88-8000-60e0-014d98014d98 Processing reference: ProcessModelHaul.folderId
2021-10-07 13:56:47.457 DEBUG processModel 357 0016e052-ba88-8000-60e0-014d98014d98 Processing reference: ProcessModelHaul.modelDashboardPageId
2021-10-07 13:56:47.457 DEBUG processModel 357 0016e052-ba88-8000-60e0-014d98014d98 Processing reference: ProcessModelHaul.processDashboardPageId
2021-10-07 13:56:47.457 DEBUG processModel 357 0016e052-ba88-8000-60e0-014d98014d98 Processing reference: ProcessModel.emailAttachmentFolderId
2021-10-07 13:56:47.461 DEBUG processModel 357 0016e052-ba88-8000-60e0-014d98014d98 Processing reference: ActivityClassParameter[name=pmID,it=23,v=<null>]
2021-10-07 13:56:47.461 DEBUG processModel 357 0016e052-ba88-8000-60e0-014d98014d98 Processing reference: ActivityClassParameter[name=inMap,it=111,v={}]
2021-10-07 13:56:47.461 DEBUG processModel 357 0016e052-ba88-8000-60e0-014d98014d98 Processing reference: ActivityClassParameter[name=procInheritsPriority,it=1,v=1]
2021-10-07 13:56:47.462 DEBUG processModel 357 0016e052-ba88-8000-60e0-014d98014d98 Processing reference: ActivityClassParameter[name=pmUUID,it=3,v=]
2021-10-07 13:56:47.462 DEBUG processModel 357 0016e052-ba88-8000-60e0-014d98014d98 Processing reference: ActivityClassParameter[name=isAsynchronous,it=26,v=1]
2021-10-07 13:56:47.462 DEBUG processModel 357 0016e052-ba88-8000-60e0-014d98014d98 Processing reference: ActivityClassParameter[name=isTransparent,it=26,v=1]
2021-10-07 13:56:47.462 DEBUG processModel 357 0016e052-ba88-8000-60e0-014d98014d98 Processing reference: ActivityClassParameter[name=inheritSecurity,it=26,v=0]
2021-10-07 13:56:47.462 DEBUG processModel 357 0016e052-ba88-8000-60e0-014d98014d98 Processing reference: ProcessVariable[name=testJavaPV,it=101,v={}]
2021-10-07 13:56:47.463 DEBUG processModel 357 0016e052-ba88-8000-60e0-014d98014d98 Processing reference: ProcessVariable[name=testKPV,it=1,v=0]
2021-10-07 13:56:47.463 DEBUG processModel 357 0016e052-ba88-8000-60e0-014d98014d98 Processing reference: com.appiancorp.suiteapi.process.ProcessRoleMap@5fc17afd[
  Role[name=ADMIN_OWNER]
  Role[name=EDITOR]
  Role[name=EXPLICIT_NONMEMBER]
  Role[name=VIEWER]
  Role[name=MANAGER]
  Role[name=INITIATOR]
]
2021-10-07 13:56:47.463 DEBUG processModel 357 0016e052-ba88-8000-60e0-014d98014d98 Processing reference: Role[name=ADMIN_OWNER]
2021-10-07 13:56:47.463 DEBUG processModel 357 0016e052-ba88-8000-60e0-014d98014d98 Processing reference: Role[name=EDITOR]
2021-10-07 13:56:47.463 DEBUG processModel 357 0016e052-ba88-8000-60e0-014d98014d98 Processing reference: Role[name=EXPLICIT_NONMEMBER]
2021-10-07 13:56:47.463 DEBUG processModel 357 0016e052-ba88-8000-60e0-014d98014d98 Processing reference: Role[name=VIEWER]
2021-10-07 13:56:47.463 DEBUG processModel 357 0016e052-ba88-8000-60e0-014d98014d98 Processing reference: Role[name=MANAGER]
2021-10-07 13:56:47.463 DEBUG processModel 357 0016e052-ba88-8000-60e0-014d98014d98 Processing reference: Role[name=INITIATOR]
2021-10-07 13:56:47.463 DEBUG processModel 357 0016e052-ba88-8000-60e0-014d98014d98 Completing produce.
2021-10-07 13:56:47.463 DEBUG processModel 357 0016e052-ba88-8000-60e0-014d98014d98 Exporting binary resources.
2021-10-07 13:56:47.463 DEBUG processModel 357 0016e052-ba88-8000-60e0-014d98014d98 Serializing object to XML.
2021-10-07 13:56:47.529 DEBUG processModel 357 0016e052-ba88-8000-60e0-014d98014d98 Object transported.
2021-10-07 13:56:47.529 DEBUG processModel 358 0016e078-803c-8000-903a-014d98014d98 Begin transport.
2021-10-07 13:56:47.529 DEBUG processModel 358 0016e078-803c-8000-903a-014d98014d98 Retrieving object data.
2021-10-07 13:56:47.697 DEBUG processModel 358 0016e078-803c-8000-903a-014d98014d98 Setting uuids of object references.
2021-10-07 13:56:47.697 DEBUG processModel 358 0016e078-803c-8000-903a-014d98014d98 Processing reference: ProcessModelHaul.folderId
2021-10-07 13:56:47.699 DEBUG processModel 358 0016e078-803c-8000-903a-014d98014d98 Processing reference: ProcessModelHaul.modelDashboardPageId
2021-10-07 13:56:47.699 DEBUG processModel 358 0016e078-803c-8000-903a-014d98014d98 Processing reference: ProcessModelHaul.processDashboardPageId
2021-10-07 13:56:47.699 DEBUG processModel 358 0016e078-803c-8000-903a-014d98014d98 Processing reference: ProcessModel.emailAttachmentFolderId
2021-10-07 13:56:47.7 DEBUG processModel 358 0016e078-803c-8000-903a-014d98014d98 Processing reference: ActivityClassParameter[name=pmID,it=23,v=<null>]
2021-10-07 13:56:47.7 DEBUG processModel 358 0016e078-803c-8000-903a-014d98014d98 Processing reference: ActivityClassParameter[name=inMap,it=111,v={}]
2021-10-07 13:56:47.7 DEBUG processModel 358 0016e078-803c-8000-903a-014d98014d98 Processing reference: ActivityClassParameter[name=procInheritsPriority,it=1,v=1]
2021-10-07 13:56:47.7 DEBUG processModel 358 0016e078-803c-8000-903a-014d98014d98 Processing reference: ActivityClassParameter[name=pmUUID,it=3,v=]
2021-10-07 13:56:47.701 DEBUG processModel 358 0016e078-803c-8000-903a-014d98014d98 Processing reference: ActivityClassParameter[name=isAsynchronous,it=26,v=1]
2021-10-07 13:56:47.701 DEBUG processModel 358 0016e078-803c-8000-903a-014d98014d98 Processing reference: ActivityClassParameter[name=isTransparent,it=26,v=1]
2021-10-07 13:56:47.701 DEBUG processModel 358 0016e078-803c-8000-903a-014d98014d98 Processing reference: ActivityClassParameter[name=inheritSecurity,it=26,v=0]
2021-10-07 13:56:47.702 DEBUG processModel 358 0016e078-803c-8000-903a-014d98014d98 Processing reference: ProcessVariable[name=testJavaPV,it=101,v={}]
2021-10-07 13:56:47.702 DEBUG processModel 358 0016e078-803c-8000-903a-014d98014d98 Processing reference: com.appiancorp.suiteapi.process.ProcessRoleMap@68df03da[
  Role[name=ADMIN_OWNER,usernames=[admin.user]]
  Role[name=EDITOR]
  Role[name=EXPLICIT_NONMEMBER]
  Role[name=VIEWER]
  Role[name=MANAGER]
  Role[name=INITIATOR,groupIds=[117]]
]
2021-10-07 13:56:47.702 DEBUG processModel 358 0016e078-803c-8000-903a-014d98014d98 Processing reference: Role[name=ADMIN_OWNER,usernames=[admin.user]]
2021-10-07 13:56:47.709 DEBUG processModel 358 0016e078-803c-8000-903a-014d98014d98 Processing reference: Role[name=EDITOR]
2021-10-07 13:56:47.709 DEBUG processModel 358 0016e078-803c-8000-903a-014d98014d98 Processing reference: Role[name=EXPLICIT_NONMEMBER]
2021-10-07 13:56:47.709 DEBUG processModel 358 0016e078-803c-8000-903a-014d98014d98 Processing reference: Role[name=VIEWER]
2021-10-07 13:56:47.709 DEBUG processModel 358 0016e078-803c-8000-903a-014d98014d98 Processing reference: Role[name=MANAGER]
2021-10-07 13:56:47.709 DEBUG processModel 358 0016e078-803c-8000-903a-014d98014d98 Processing reference: Role[name=INITIATOR,groupIds=[117]]
2021-10-07 13:56:47.711 DEBUG processModel 358 0016e078-803c-8000-903a-014d98014d98 Completing produce.
2021-10-07 13:56:47.711 DEBUG processModel 358 0016e078-803c-8000-903a-014d98014d98 Exporting binary resources.
2021-10-07 13:56:47.711 DEBUG processModel 358 0016e078-803c-8000-903a-014d98014d98 Serializing object to XML.
2021-10-07 13:56:47.861 DEBUG processModel 358 0016e078-803c-8000-903a-014d98014d98 Object transported.
2021-10-07 13:56:47.861 DEBUG processModel 359 0004dfc0-39c8-8000-45e1-014d98014d98 Begin transport.
2021-10-07 13:56:47.861 DEBUG processModel 359 0004dfc0-39c8-8000-45e1-014d98014d98 Retrieving object data.
2021-10-07 13:56:47.928 DEBUG processModel 359 0004dfc0-39c8-8000-45e1-014d98014d98 Setting uuids of object references.
2021-10-07 13:56:47.928 DEBUG processModel 359 0004dfc0-39c8-8000-45e1-014d98014d98 Processing reference: ProcessModelHaul.folderId
2021-10-07 13:56:47.933 DEBUG processModel 359 0004dfc0-39c8-8000-45e1-014d98014d98 Processing reference: ProcessModelHaul.modelDashboardPageId
2021-10-07 13:56:47.933 DEBUG processModel 359 0004dfc0-39c8-8000-45e1-014d98014d98 Processing reference: ProcessModelHaul.processDashboardPageId
2021-10-07 13:56:47.933 DEBUG processModel 359 0004dfc0-39c8-8000-45e1-014d98014d98 Processing reference: ProcessModel.emailAttachmentFolderId
2021-10-07 13:56:47.952 DEBUG processModel 359 0004dfc0-39c8-8000-45e1-014d98014d98 Processing reference: ActivityClassParameter[name=pmID,it=23,v=<null>]
2021-10-07 13:56:47.953 DEBUG processModel 359 0004dfc0-39c8-8000-45e1-014d98014d98 Processing reference: ActivityClassParameter[name=inMap,it=111,v={}]
2021-10-07 13:56:47.953 DEBUG processModel 359 0004dfc0-39c8-8000-45e1-014d98014d98 Processing reference: ActivityClassParameter[name=procInheritsPriority,it=1,v=1]
2021-10-07 13:56:47.953 DEBUG processModel 359 0004dfc0-39c8-8000-45e1-014d98014d98 Processing reference: ActivityClassParameter[name=pmUUID,it=3,v=]
2021-10-07 13:56:47.953 DEBUG processModel 359 0004dfc0-39c8-8000-45e1-014d98014d98 Processing reference: ActivityClassParameter[name=isAsynchronous,it=26,v=1]
2021-10-07 13:56:47.953 DEBUG processModel 359 0004dfc0-39c8-8000-45e1-014d98014d98 Processing reference: ActivityClassParameter[name=isTransparent,it=26,v=1]
2021-10-07 13:56:47.953 DEBUG processModel 359 0004dfc0-39c8-8000-45e1-014d98014d98 Processing reference: ActivityClassParameter[name=inheritSecurity,it=26,v=0]
2021-10-07 13:56:47.953 DEBUG processModel 359 0004dfc0-39c8-8000-45e1-014d98014d98 Processing reference: ProcessVariable[name=testJavaPV,it=101,v={}]
2021-10-07 13:56:47.953 DEBUG processModel 359 0004dfc0-39c8-8000-45e1-014d98014d98 Processing reference: ProcessVariable[name=testKPV,it=1,v=0]
2021-10-07 13:56:47.954 DEBUG processModel 359 0004dfc0-39c8-8000-45e1-014d98014d98 Processing reference: com.appiancorp.suiteapi.process.ProcessRoleMap@420afdc1[
  Role[name=ADMIN_OWNER,usernames=[admin.user]]
  Role[name=EDITOR]
  Role[name=EXPLICIT_NONMEMBER]
  Role[name=VIEWER]
  Role[name=MANAGER]
  Role[name=INITIATOR,groupIds=[117]]
]
2021-10-07 13:56:47.954 DEBUG processModel 359 0004dfc0-39c8-8000-45e1-014d98014d98 Processing reference: Role[name=ADMIN_OWNER,usernames=[admin.user]]
2021-10-07 13:56:47.956 DEBUG processModel 359 0004dfc0-39c8-8000-45e1-014d98014d98 Processing reference: Role[name=EDITOR]
2021-10-07 13:56:47.956 DEBUG processModel 359 0004dfc0-39c8-8000-45e1-014d98014d98 Processing reference: Role[name=EXPLICIT_NONMEMBER]
2021-10-07 13:56:47.956 DEBUG processModel 359 0004dfc0-39c8-8000-45e1-014d98014d98 Processing reference: Role[name=VIEWER]
2021-10-07 13:56:47.956 DEBUG processModel 359 0004dfc0-39c8-8000-45e1-014d98014d98 Processing reference: Role[name=MANAGER]
2021-10-07 13:56:47.956 DEBUG processModel 359 0004dfc0-39c8-8000-45e1-014d98014d98 Processing reference: Role[name=INITIATOR,groupIds=[117]]
2021-10-07 13:56:47.957 DEBUG processModel 359 0004dfc0-39c8-8000-45e1-014d98014d98 Completing produce.
2021-10-07 13:56:47.957 DEBUG processModel 359 0004dfc0-39c8-8000-45e1-014d98014d98 Exporting binary resources.
2021-10-07 13:56:47.957 DEBUG processModel 359 0004dfc0-39c8-8000-45e1-014d98014d98 Serializing object to XML.
2021-10-07 13:56:47.988 DEBUG processModel 359 0004dfc0-39c8-8000-45e1-014d98014d98 Object transported.
2021-10-07 13:56:47.988 DEBUG processModel 360 0016e077-f540-8000-903a-014d98014d98 Begin transport.
2021-10-07 13:56:47.988 DEBUG processModel 360 0016e077-f540-8000-903a-014d98014d98 Retrieving object data.
2021-10-07 13:56:48.101 DEBUG processModel 360 0016e077-f540-8000-903a-014d98014d98 Setting uuids of object references.
2021-10-07 13:56:48.101 DEBUG processModel 360 0016e077-f540-8000-903a-014d98014d98 Processing reference: ProcessModelHaul.folderId
2021-10-07 13:56:48.103 DEBUG processModel 360 0016e077-f540-8000-903a-014d98014d98 Processing reference: ProcessModelHaul.modelDashboardPageId
2021-10-07 13:56:48.103 DEBUG processModel 360 0016e077-f540-8000-903a-014d98014d98 Processing reference: ProcessModelHaul.processDashboardPageId
2021-10-07 13:56:48.103 DEBUG processModel 360 0016e077-f540-8000-903a-014d98014d98 Processing reference: ProcessModel.emailAttachmentFolderId
2021-10-07 13:56:48.104 DEBUG processModel 360 0016e077-f540-8000-903a-014d98014d98 Processing reference: ActivityClassParameter[name=pmID,it=23,v=<null>]
2021-10-07 13:56:48.104 DEBUG processModel 360 0016e077-f540-8000-903a-014d98014d98 Processing reference: ActivityClassParameter[name=inMap,it=111,v={}]
2021-10-07 13:56:48.104 DEBUG processModel 360 0016e077-f540-8000-903a-014d98014d98 Processing reference: ActivityClassParameter[name=procInheritsPriority,it=1,v=1]
2021-10-07 13:56:48.104 DEBUG processModel 360 0016e077-f540-8000-903a-014d98014d98 Processing reference: ActivityClassParameter[name=pmUUID,it=3,v=]
2021-10-07 13:56:48.104 DEBUG processModel 360 0016e077-f540-8000-903a-014d98014d98 Processing reference: ActivityClassParameter[name=isAsynchronous,it=26,v=1]
2021-10-07 13:56:48.104 DEBUG processModel 360 0016e077-f540-8000-903a-014d98014d98 Processing reference: ActivityClassParameter[name=isTransparent,it=26,v=1]
2021-10-07 13:56:48.104 DEBUG processModel 360 0016e077-f540-8000-903a-014d98014d98 Processing reference: ActivityClassParameter[name=inheritSecurity,it=26,v=0]
2021-10-07 13:56:48.105 DEBUG processModel 360 0016e077-f540-8000-903a-014d98014d98 Processing reference: ProcessVariable[name=testJavaPV,it=101,v={}]
2021-10-07 13:56:48.106 DEBUG processModel 360 0016e077-f540-8000-903a-014d98014d98 Processing reference: com.appiancorp.suiteapi.process.ProcessRoleMap@799c8a94[
  Role[name=ADMIN_OWNER,usernames=[admin.user]]
  Role[name=EDITOR]
  Role[name=EXPLICIT_NONMEMBER]
  Role[name=VIEWER]
  Role[name=MANAGER]
  Role[name=INITIATOR,groupIds=[117]]
]
2021-10-07 13:56:48.106 DEBUG processModel 360 0016e077-f540-8000-903a-014d98014d98 Processing reference: Role[name=ADMIN_OWNER,usernames=[admin.user]]
2021-10-07 13:56:48.107 DEBUG processModel 360 0016e077-f540-8000-903a-014d98014d98 Processing reference: Role[name=EDITOR]
2021-10-07 13:56:48.107 DEBUG processModel 360 0016e077-f540-8000-903a-014d98014d98 Processing reference: Role[name=EXPLICIT_NONMEMBER]
2021-10-07 13:56:48.107 DEBUG processModel 360 0016e077-f540-8000-903a-014d98014d98 Processing reference: Role[name=VIEWER]
2021-10-07 13:56:48.107 DEBUG processModel 360 0016e077-f540-8000-903a-014d98014d98 Processing reference: Role[name=MANAGER]
2021-10-07 13:56:48.107 DEBUG processModel 360 0016e077-f540-8000-903a-014d98014d98 Processing reference: Role[name=INITIATOR,groupIds=[117]]
2021-10-07 13:56:48.109 DEBUG processModel 360 0016e077-f540-8000-903a-014d98014d98 Completing produce.
2021-10-07 13:56:48.109 DEBUG processModel 360 0016e077-f540-8000-903a-014d98014d98 Exporting binary resources.
2021-10-07 13:56:48.109 DEBUG processModel 360 0016e077-f540-8000-903a-014d98014d98 Serializing object to XML.
2021-10-07 13:56:48.138 DEBUG processModel 360 0016e077-f540-8000-903a-014d98014d98 Object transported.
2021-10-07 13:56:48.138 DEBUG processModel 361 0003dfc0-3595-8000-45e1-014d98014d98 Begin transport.
2021-10-07 13:56:48.138 DEBUG processModel 361 0003dfc0-3595-8000-45e1-014d98014d98 Retrieving object data.
2021-10-07 13:56:48.171 DEBUG processModel 361 0003dfc0-3595-8000-45e1-014d98014d98 Setting uuids of object references.
2021-10-07 13:56:48.172 DEBUG processModel 361 0003dfc0-3595-8000-45e1-014d98014d98 Processing reference: ProcessModelHaul.folderId
2021-10-07 13:56:48.173 DEBUG processModel 361 0003dfc0-3595-8000-45e1-014d98014d98 Processing reference: ProcessModelHaul.modelDashboardPageId
2021-10-07 13:56:48.173 DEBUG processModel 361 0003dfc0-3595-8000-45e1-014d98014d98 Processing reference: ProcessModelHaul.processDashboardPageId
2021-10-07 13:56:48.173 DEBUG processModel 361 0003dfc0-3595-8000-45e1-014d98014d98 Processing reference: ProcessModel.emailAttachmentFolderId
2021-10-07 13:56:48.178 DEBUG processModel 361 0003dfc0-3595-8000-45e1-014d98014d98 Processing reference: ActivityClassParameter[name=pmID,it=23,v=<null>]
2021-10-07 13:56:48.178 DEBUG processModel 361 0003dfc0-3595-8000-45e1-014d98014d98 Processing reference: ActivityClassParameter[name=inMap,it=111,v={}]
2021-10-07 13:56:48.178 DEBUG processModel 361 0003dfc0-3595-8000-45e1-014d98014d98 Processing reference: ActivityClassParameter[name=procInheritsPriority,it=1,v=1]
2021-10-07 13:56:48.178 DEBUG processModel 361 0003dfc0-3595-8000-45e1-014d98014d98 Processing reference: ActivityClassParameter[name=pmUUID,it=3,v=]
2021-10-07 13:56:48.178 DEBUG processModel 361 0003dfc0-3595-8000-45e1-014d98014d98 Processing reference: ActivityClassParameter[name=isAsynchronous,it=26,v=1]
2021-10-07 13:56:48.178 DEBUG processModel 361 0003dfc0-3595-8000-45e1-014d98014d98 Processing reference: ActivityClassParameter[name=isTransparent,it=26,v=1]
2021-10-07 13:56:48.178 DEBUG processModel 361 0003dfc0-3595-8000-45e1-014d98014d98 Processing reference: ActivityClassParameter[name=inheritSecurity,it=26,v=0]
2021-10-07 13:56:48.178 DEBUG processModel 361 0003dfc0-3595-8000-45e1-014d98014d98 Processing reference: ProcessVariable[name=testPV,it=1,v=0]
2021-10-07 13:56:48.178 DEBUG processModel 361 0003dfc0-3595-8000-45e1-014d98014d98 Processing reference: com.appiancorp.suiteapi.process.ProcessRoleMap@2e167707[
  Role[name=ADMIN_OWNER,usernames=[admin.user]]
  Role[name=EDITOR]
  Role[name=EXPLICIT_NONMEMBER]
  Role[name=VIEWER]
  Role[name=MANAGER]
  Role[name=INITIATOR,groupIds=[117]]
]
2021-10-07 13:56:48.178 DEBUG processModel 361 0003dfc0-3595-8000-45e1-014d98014d98 Processing reference: Role[name=ADMIN_OWNER,usernames=[admin.user]]
2021-10-07 13:56:48.18 DEBUG processModel 361 0003dfc0-3595-8000-45e1-014d98014d98 Processing reference: Role[name=EDITOR]
2021-10-07 13:56:48.18 DEBUG processModel 361 0003dfc0-3595-8000-45e1-014d98014d98 Processing reference: Role[name=EXPLICIT_NONMEMBER]
2021-10-07 13:56:48.18 DEBUG processModel 361 0003dfc0-3595-8000-45e1-014d98014d98 Processing reference: Role[name=VIEWER]
2021-10-07 13:56:48.18 DEBUG processModel 361 0003dfc0-3595-8000-45e1-014d98014d98 Processing reference: Role[name=MANAGER]
2021-10-07 13:56:48.18 DEBUG processModel 361 0003dfc0-3595-8000-45e1-014d98014d98 Processing reference: Role[name=INITIATOR,groupIds=[117]]
2021-10-07 13:56:48.181 DEBUG processModel 361 0003dfc0-3595-8000-45e1-014d98014d98 Completing produce.
2021-10-07 13:56:48.181 DEBUG processModel 361 0003dfc0-3595-8000-45e1-014d98014d98 Exporting binary resources.
2021-10-07 13:56:48.181 DEBUG processModel 361 0003dfc0-3595-8000-45e1-014d98014d98 Serializing object to XML.
2021-10-07 13:56:48.192 DEBUG processModel 361 0003dfc0-3595-8000-45e1-014d98014d98 Object transported.
2021-10-07 13:56:48.192 DEBUG processModel 362 0003dfc0-36d8-8000-45e1-014d98014d98 Begin transport.
2021-10-07 13:56:48.192 DEBUG processModel 362 0003dfc0-36d8-8000-45e1-014d98014d98 Retrieving object data.
2021-10-07 13:56:48.21 DEBUG processModel 362 0003dfc0-36d8-8000-45e1-014d98014d98 Setting uuids of object references.
2021-10-07 13:56:48.211 DEBUG processModel 362 0003dfc0-36d8-8000-45e1-014d98014d98 Processing reference: ProcessModelHaul.folderId
2021-10-07 13:56:48.212 DEBUG processModel 362 0003dfc0-36d8-8000-45e1-014d98014d98 Processing reference: ProcessModelHaul.modelDashboardPageId
2021-10-07 13:56:48.212 DEBUG processModel 362 0003dfc0-36d8-8000-45e1-014d98014d98 Processing reference: ProcessModelHaul.processDashboardPageId
2021-10-07 13:56:48.212 DEBUG processModel 362 0003dfc0-36d8-8000-45e1-014d98014d98 Processing reference: ProcessModel.emailAttachmentFolderId
2021-10-07 13:56:48.216 DEBUG processModel 362 0003dfc0-36d8-8000-45e1-014d98014d98 Processing reference: ActivityClassParameter[name=pmID,it=23,v=<null>]
2021-10-07 13:56:48.216 DEBUG processModel 362 0003dfc0-36d8-8000-45e1-014d98014d98 Processing reference: ActivityClassParameter[name=inMap,it=111,v={}]
2021-10-07 13:56:48.216 DEBUG processModel 362 0003dfc0-36d8-8000-45e1-014d98014d98 Processing reference: ActivityClassParameter[name=procInheritsPriority,it=1,v=1]
2021-10-07 13:56:48.216 DEBUG processModel 362 0003dfc0-36d8-8000-45e1-014d98014d98 Processing reference: ActivityClassParameter[name=pmUUID,it=3,v=]
2021-10-07 13:56:48.216 DEBUG processModel 362 0003dfc0-36d8-8000-45e1-014d98014d98 Processing reference: ActivityClassParameter[name=isAsynchronous,it=26,v=1]
2021-10-07 13:56:48.217 DEBUG processModel 362 0003dfc0-36d8-8000-45e1-014d98014d98 Processing reference: ActivityClassParameter[name=isTransparent,it=26,v=1]
2021-10-07 13:56:48.217 DEBUG processModel 362 0003dfc0-36d8-8000-45e1-014d98014d98 Processing reference: ActivityClassParameter[name=inheritSecurity,it=26,v=0]
2021-10-07 13:56:48.217 DEBUG processModel 362 0003dfc0-36d8-8000-45e1-014d98014d98 Processing reference: ProcessVariable[name=testPV,it=101,v={}]
2021-10-07 13:56:48.217 DEBUG processModel 362 0003dfc0-36d8-8000-45e1-014d98014d98 Processing reference: com.appiancorp.suiteapi.process.ProcessRoleMap@58821be7[
  Role[name=ADMIN_OWNER,usernames=[admin.user]]
  Role[name=EDITOR]
  Role[name=EXPLICIT_NONMEMBER]
  Role[name=VIEWER]
  Role[name=MANAGER]
  Role[name=INITIATOR,groupIds=[117]]
]
2021-10-07 13:56:48.217 DEBUG processModel 362 0003dfc0-36d8-8000-45e1-014d98014d98 Processing reference: Role[name=ADMIN_OWNER,usernames=[admin.user]]
2021-10-07 13:56:48.218 DEBUG processModel 362 0003dfc0-36d8-8000-45e1-014d98014d98 Processing reference: Role[name=EDITOR]
2021-10-07 13:56:48.218 DEBUG processModel 362 0003dfc0-36d8-8000-45e1-014d98014d98 Processing reference: Role[name=EXPLICIT_NONMEMBER]
2021-10-07 13:56:48.218 DEBUG processModel 362 0003dfc0-36d8-8000-45e1-014d98014d98 Processing reference: Role[name=VIEWER]
2021-10-07 13:56:48.218 DEBUG processModel 362 0003dfc0-36d8-8000-45e1-014d98014d98 Processing reference: Role[name=MANAGER]
2021-10-07 13:56:48.218 DEBUG processModel 362 0003dfc0-36d8-8000-45e1-014d98014d98 Processing reference: Role[name=INITIATOR,groupIds=[117]]
2021-10-07 13:56:48.22 DEBUG processModel 362 0003dfc0-36d8-8000-45e1-014d98014d98 Completing produce.
2021-10-07 13:56:48.22 DEBUG processModel 362 0003dfc0-36d8-8000-45e1-014d98014d98 Exporting binary resources.
2021-10-07 13:56:48.22 DEBUG processModel 362 0003dfc0-36d8-8000-45e1-014d98014d98 Serializing object to XML.
2021-10-07 13:56:48.228 DEBUG processModel 362 0003dfc0-36d8-8000-45e1-014d98014d98 Object transported.
2021-10-07 13:56:48.228 DEBUG processModel 363 0002dfc0-3508-8000-45e1-014d98014d98 Begin transport.
2021-10-07 13:56:48.228 DEBUG processModel 363 0002dfc0-3508-8000-45e1-014d98014d98 Retrieving object data.
2021-10-07 13:56:48.244 DEBUG processModel 363 0002dfc0-3508-8000-45e1-014d98014d98 Setting uuids of object references.
2021-10-07 13:56:48.244 DEBUG processModel 363 0002dfc0-3508-8000-45e1-014d98014d98 Processing reference: ProcessModelHaul.folderId
2021-10-07 13:56:48.245 DEBUG processModel 363 0002dfc0-3508-8000-45e1-014d98014d98 Processing reference: ProcessModelHaul.modelDashboardPageId
2021-10-07 13:56:48.245 DEBUG processModel 363 0002dfc0-3508-8000-45e1-014d98014d98 Processing reference: ProcessModelHaul.processDashboardPageId
2021-10-07 13:56:48.245 DEBUG processModel 363 0002dfc0-3508-8000-45e1-014d98014d98 Processing reference: ProcessModel.emailAttachmentFolderId
2021-10-07 13:56:48.245 DEBUG processModel 363 0002dfc0-3508-8000-45e1-014d98014d98 Processing reference: ActivityClassParameter[name=pmID,it=23,v=<null>]
2021-10-07 13:56:48.246 DEBUG processModel 363 0002dfc0-3508-8000-45e1-014d98014d98 Processing reference: ActivityClassParameter[name=inMap,it=111,v={}]
2021-10-07 13:56:48.246 DEBUG processModel 363 0002dfc0-3508-8000-45e1-014d98014d98 Processing reference: ActivityClassParameter[name=procInheritsPriority,it=1,v=1]
2021-10-07 13:56:48.246 DEBUG processModel 363 0002dfc0-3508-8000-45e1-014d98014d98 Processing reference: ActivityClassParameter[name=pmUUID,it=3,v=]
2021-10-07 13:56:48.246 DEBUG processModel 363 0002dfc0-3508-8000-45e1-014d98014d98 Processing reference: ActivityClassParameter[name=isAsynchronous,it=26,v=1]
2021-10-07 13:56:48.246 DEBUG processModel 363 0002dfc0-3508-8000-45e1-014d98014d98 Processing reference: ActivityClassParameter[name=isTransparent,it=26,v=1]
2021-10-07 13:56:48.246 DEBUG processModel 363 0002dfc0-3508-8000-45e1-014d98014d98 Processing reference: ActivityClassParameter[name=inheritSecurity,it=26,v=0]
2021-10-07 13:56:48.246 DEBUG processModel 363 0002dfc0-3508-8000-45e1-014d98014d98 Processing reference: com.appiancorp.suiteapi.process.ProcessRoleMap@3adc8b7e[
  Role[name=ADMIN_OWNER]
  Role[name=EDITOR]
  Role[name=EXPLICIT_NONMEMBER]
  Role[name=VIEWER]
  Role[name=MANAGER]
  Role[name=INITIATOR,groupIds=[117]]
]
2021-10-07 13:56:48.246 DEBUG processModel 363 0002dfc0-3508-8000-45e1-014d98014d98 Processing reference: Role[name=ADMIN_OWNER]
2021-10-07 13:56:48.246 DEBUG processModel 363 0002dfc0-3508-8000-45e1-014d98014d98 Processing reference: Role[name=EDITOR]
2021-10-07 13:56:48.246 DEBUG processModel 363 0002dfc0-3508-8000-45e1-014d98014d98 Processing reference: Role[name=EXPLICIT_NONMEMBER]
2021-10-07 13:56:48.246 DEBUG processModel 363 0002dfc0-3508-8000-45e1-014d98014d98 Processing reference: Role[name=VIEWER]
2021-10-07 13:56:48.246 DEBUG processModel 363 0002dfc0-3508-8000-45e1-014d98014d98 Processing reference: Role[name=MANAGER]
2021-10-07 13:56:48.246 DEBUG processModel 363 0002dfc0-3508-8000-45e1-014d98014d98 Processing reference: Role[name=INITIATOR,groupIds=[117]]
2021-10-07 13:56:48.247 DEBUG processModel 363 0002dfc0-3508-8000-45e1-014d98014d98 Completing produce.
2021-10-07 13:56:48.247 DEBUG processModel 363 0002dfc0-3508-8000-45e1-014d98014d98 Exporting binary resources.
2021-10-07 13:56:48.247 DEBUG processModel 363 0002dfc0-3508-8000-45e1-014d98014d98 Serializing object to XML.
2021-10-07 13:56:48.259 DEBUG processModel 363 0002dfc0-3508-8000-45e1-014d98014d98 Object transported.
2021-10-07 13:56:48.318 DEBUG webApi 22 561d117f-a9c0-4246-8139-8c55feadab96 Begin transport.
2021-10-07 13:56:48.318 DEBUG webApi 22 561d117f-a9c0-4246-8139-8c55feadab96 Retrieving object data.
2021-10-07 13:56:48.397 DEBUG webApi 22 561d117f-a9c0-4246-8139-8c55feadab96 Setting uuids of object references.
2021-10-07 13:56:48.397 DEBUG webApi 22 561d117f-a9c0-4246-8139-8c55feadab96 Processing reference: WebApi.expression
2021-10-07 13:56:48.402 DEBUG webApi 22 561d117f-a9c0-4246-8139-8c55feadab96 Processing reference: WebApi.receiveDocumentsFolder
2021-10-07 13:56:48.402 DEBUG webApi 22 561d117f-a9c0-4246-8139-8c55feadab96 Completing produce.
2021-10-07 13:56:48.402 DEBUG webApi 22 561d117f-a9c0-4246-8139-8c55feadab96 Exporting binary resources.
2021-10-07 13:56:48.402 DEBUG webApi 22 561d117f-a9c0-4246-8139-8c55feadab96 Serializing object to XML.
2021-10-07 13:56:48.413 DEBUG webApi 22 561d117f-a9c0-4246-8139-8c55feadab96 Object transported.
2021-10-07 13:56:48.413 DEBUG webApi 23 6750cfd5-85b6-421d-a9fa-ca0ffb7dfe46 Begin transport.
2021-10-07 13:56:48.413 DEBUG webApi 23 6750cfd5-85b6-421d-a9fa-ca0ffb7dfe46 Retrieving object data.
2021-10-07 13:56:48.429 DEBUG webApi 23 6750cfd5-85b6-421d-a9fa-ca0ffb7dfe46 Setting uuids of object references.
2021-10-07 13:56:48.429 DEBUG webApi 23 6750cfd5-85b6-421d-a9fa-ca0ffb7dfe46 Processing reference: WebApi.expression
2021-10-07 13:56:48.432 DEBUG webApi 23 6750cfd5-85b6-421d-a9fa-ca0ffb7dfe46 Processing reference: WebApi.receiveDocumentsFolder
2021-10-07 13:56:48.433 DEBUG webApi 23 6750cfd5-85b6-421d-a9fa-ca0ffb7dfe46 Completing produce.
2021-10-07 13:56:48.433 DEBUG webApi 23 6750cfd5-85b6-421d-a9fa-ca0ffb7dfe46 Exporting binary resources.
2021-10-07 13:56:48.433 DEBUG webApi 23 6750cfd5-85b6-421d-a9fa-ca0ffb7dfe46 Serializing object to XML.
2021-10-07 13:56:48.439 DEBUG webApi 23 6750cfd5-85b6-421d-a9fa-ca0ffb7dfe46 Object transported.
2021-10-07 13:56:48.439 DEBUG webApi 24 29130fb7-a4de-4d37-bf7c-0016ce29b64f Begin transport.
2021-10-07 13:56:48.439 DEBUG webApi 24 29130fb7-a4de-4d37-bf7c-0016ce29b64f Retrieving object data.
2021-10-07 13:56:48.456 DEBUG webApi 24 29130fb7-a4de-4d37-bf7c-0016ce29b64f Setting uuids of object references.
2021-10-07 13:56:48.457 DEBUG webApi 24 29130fb7-a4de-4d37-bf7c-0016ce29b64f Processing reference: WebApi.expression
2021-10-07 13:56:48.457 DEBUG webApi 24 29130fb7-a4de-4d37-bf7c-0016ce29b64f Processing reference: WebApi.receiveDocumentsFolder
2021-10-07 13:56:48.457 DEBUG webApi 24 29130fb7-a4de-4d37-bf7c-0016ce29b64f Completing produce.
2021-10-07 13:56:48.457 DEBUG webApi 24 29130fb7-a4de-4d37-bf7c-0016ce29b64f Exporting binary resources.
2021-10-07 13:56:48.457 DEBUG webApi 24 29130fb7-a4de-4d37-bf7c-0016ce29b64f Serializing object to XML.
2021-10-07 13:56:48.464 DEBUG webApi 24 29130fb7-a4de-4d37-bf7c-0016ce29b64f Object transported.
2021-10-07 13:56:48.464 DEBUG webApi 25 6692d720-09e6-4069-bf7d-983b99e3fde4 Begin transport.
2021-10-07 13:56:48.464 DEBUG webApi 25 6692d720-09e6-4069-bf7d-983b99e3fde4 Retrieving object data.
2021-10-07 13:56:48.483 DEBUG webApi 25 6692d720-09e6-4069-bf7d-983b99e3fde4 Setting uuids of object references.
2021-10-07 13:56:48.483 DEBUG webApi 25 6692d720-09e6-4069-bf7d-983b99e3fde4 Processing reference: WebApi.expression
2021-10-07 13:56:48.484 DEBUG webApi 25 6692d720-09e6-4069-bf7d-983b99e3fde4 Processing reference: WebApi.receiveDocumentsFolder
2021-10-07 13:56:48.484 DEBUG webApi 25 6692d720-09e6-4069-bf7d-983b99e3fde4 Completing produce.
2021-10-07 13:56:48.484 DEBUG webApi 25 6692d720-09e6-4069-bf7d-983b99e3fde4 Exporting binary resources.
2021-10-07 13:56:48.484 DEBUG webApi 25 6692d720-09e6-4069-bf7d-983b99e3fde4 Serializing object to XML.
2021-10-07 13:56:48.49 DEBUG webApi 25 6692d720-09e6-4069-bf7d-983b99e3fde4 Object transported.
