Success (18):
content 4946 _a-0000e1ab-7e88-8000-4d14-01ef9001ef90_44015 "PD_rules"
content 4955 19f447ca-aa79-46f3-ab5b-8ac62f4fe9e8 "PD_rule"
content 4943 _a-0000e1ac-041f-8000-fba8-01ef9001ef90_25556 "PD_KC"
content 4944 _a-0000e1ac-041f-8000-fba8-01ef9001ef90_25563 "PD_Docs"
content 4945 _a-0000e1ac-041f-8000-fba8-01ef9001ef90_25555 "puppy"
content 4947 _a-0000e1ac-041f-8000-fba8-01ef9001ef90_25574 "puppy_rtdf"
content 4948 _a-0000e1ac-041f-8000-fba8-01ef9001ef90_25517 "richText_Rule_rtdf"
content 4949 _a-0000e1ac-041f-8000-fba8-01ef9001ef90_25494 "richText_Count_rtdf"
content 4954 _a-0000e1ac-041f-8000-fba8-01ef9001ef90_25484 "PD_500rtdf"
content 4952 _a-0000e1ac-041f-8000-fba8-01ef9001ef90_25592 "PD_500rtdf_dupe"
content 4950 _a-0000e1ac-041f-8000-fba8-01ef9001ef90_25625 "PD_500rtdf_erd"
content 4951 _a-0000e1ac-041f-8000-fba8-01ef9001ef90_25845 "PD_int"
content 4956 _a-0000e1ac-041f-8000-fba8-01ef9001ef90_26419 "RTDF_Performance"
content 4953 _a-0000e1ac-041f-8000-fba8-01ef9001ef90_26425 "RTDF_PerformanceRule"
processModelFolder 122 _g-0000e1ab-7e88-8000-4d14-014d98014d98_427 "PD PMs"
processModel 392 0002e1ab-f3c4-8000-4d14-014d98014d98 "PM_inEnglish"
application 5235 _a-0000e1ab-7e88-8000-4d14-01ef9001ef90_44009 "RTDF"
tempoReport 451 68f64930-a6f5-4dcc-82ab-8913722be750 "RTDF_PerformanceReport250"

Trace:
2021-10-07 15:02:22.864 DEBUG application 5235 _a-0000e1ab-7e88-8000-4d14-01ef9001ef90_44009 Begin transport.
2021-10-07 15:02:22.865 DEBUG application 5235 _a-0000e1ab-7e88-8000-4d14-01ef9001ef90_44009 Retrieving object data.
2021-10-07 15:02:22.904 DEBUG application 5235 _a-0000e1ab-7e88-8000-4d14-01ef9001ef90_44009 App associated objects: [content=[_a-0000e1ab-7e88-8000-4d14-01ef9001ef90_44015, 19f447ca-aa79-46f3-ab5b-8ac62f4fe9e8, _a-0000e1ac-041f-8000-fba8-01ef9001ef90_25484, _a-0000e1ac-041f-8000-fba8-01ef9001ef90_25494, _a-0000e1ac-041f-8000-fba8-01ef9001ef90_25517, _a-0000e1ac-041f-8000-fba8-01ef9001ef90_25556, _a-0000e1ac-041f-8000-fba8-01ef9001ef90_25563, _a-0000e1ac-041f-8000-fba8-01ef9001ef90_25555, _a-0000e1ac-041f-8000-fba8-01ef9001ef90_25574, _a-0000e1ac-041f-8000-fba8-01ef9001ef90_25592, _a-0000e1ac-041f-8000-fba8-01ef9001ef90_25625, _a-0000e1ac-041f-8000-fba8-01ef9001ef90_25845, _a-0000e1ac-041f-8000-fba8-01ef9001ef90_26419, _a-0000e1ac-041f-8000-fba8-01ef9001ef90_26425],processModelFolder=[_g-0000e1ab-7e88-8000-4d14-014d98014d98_427],processModel=[0002e1ab-f3c4-8000-4d14-014d98014d98],tempoReport=[68f64930-a6f5-4dcc-82ab-8913722be750]]
2021-10-07 15:02:22.942 DEBUG application 5235 _a-0000e1ab-7e88-8000-4d14-01ef9001ef90_44009 Invalid associated objects: []
2021-10-07 15:02:22.942 DEBUG application 5235 _a-0000e1ab-7e88-8000-4d14-01ef9001ef90_44009 Adding valid associated objects to be exported: GlobalBindingMap[content={_a-0000e1ab-7e88-8000-4d14-01ef9001ef90_44015=4946, 19f447ca-aa79-46f3-ab5b-8ac62f4fe9e8=4955, _a-0000e1ac-041f-8000-fba8-01ef9001ef90_25484=4954, _a-0000e1ac-041f-8000-fba8-01ef9001ef90_25494=4949, _a-0000e1ac-041f-8000-fba8-01ef9001ef90_25517=4948, _a-0000e1ac-041f-8000-fba8-01ef9001ef90_25556=4943, _a-0000e1ac-041f-8000-fba8-01ef9001ef90_25563=4944, _a-0000e1ac-041f-8000-fba8-01ef9001ef90_25555=4945, _a-0000e1ac-041f-8000-fba8-01ef9001ef90_25574=4947, _a-0000e1ac-041f-8000-fba8-01ef9001ef90_25592=4952, _a-0000e1ac-041f-8000-fba8-01ef9001ef90_25625=4950, _a-0000e1ac-041f-8000-fba8-01ef9001ef90_25845=4951, _a-0000e1ac-041f-8000-fba8-01ef9001ef90_26419=4956, _a-0000e1ac-041f-8000-fba8-01ef9001ef90_26425=4953},processModelFolder={_g-0000e1ab-7e88-8000-4d14-014d98014d98_427=122},processModel={0002e1ab-f3c4-8000-4d14-014d98014d98=392},tempoReport={68f64930-a6f5-4dcc-82ab-8913722be750=451}]
2021-10-07 15:02:22.943 DEBUG application 5235 _a-0000e1ab-7e88-8000-4d14-01ef9001ef90_44009 Setting uuids of object references.
2021-10-07 15:02:22.943 DEBUG application 5235 _a-0000e1ab-7e88-8000-4d14-01ef9001ef90_44009 Processing reference: Application.forum
2021-10-07 15:02:22.944 DEBUG application 5235 _a-0000e1ab-7e88-8000-4d14-01ef9001ef90_44009 Processing reference: Application.parent
2021-10-07 15:02:22.95 DEBUG application 5235 _a-0000e1ab-7e88-8000-4d14-01ef9001ef90_44009 Processing reference: com.appiancorp.suiteapi.content.ContentRoleMap@1707afdf[
  ContentRole[name=readers,inherit=false,allowForAll=false]
  ContentRole[name=authors,inherit=false,allowForAll=false]
  ContentRole[name=administrators,inherit=false,allowForAll=false]
  ContentRole[name=denyReaders,inherit=false,allowForAll=false]
  ContentRole[name=denyAuthors,inherit=false,allowForAll=false]
  ContentRole[name=denyAdministrators,inherit=false,allowForAll=false]
  securityVector=1:SEC_PUBLIC=true,SEC_CREATOR_ADMIN=false,SEC_INH_ADMIN=false,SEC_INH_EDITOR=false,SEC_INH_VIEWER=false,SEC_ALL_ADMIN=false,SEC_ALL_EDITOR=false,SEC_ALL_VIEWER=false
]
2021-10-07 15:02:22.95 DEBUG application 5235 _a-0000e1ab-7e88-8000-4d14-01ef9001ef90_44009 Processing reference: ContentRole[name=readers,inherit=false,allowForAll=false]
2021-10-07 15:02:22.95 DEBUG application 5235 _a-0000e1ab-7e88-8000-4d14-01ef9001ef90_44009 Processing reference: ContentRole[name=authors,inherit=false,allowForAll=false]
2021-10-07 15:02:22.95 DEBUG application 5235 _a-0000e1ab-7e88-8000-4d14-01ef9001ef90_44009 Processing reference: ContentRole[name=administrators,inherit=false,allowForAll=false]
2021-10-07 15:02:22.95 DEBUG application 5235 _a-0000e1ab-7e88-8000-4d14-01ef9001ef90_44009 Processing reference: ContentRole[name=denyReaders,inherit=false,allowForAll=false]
2021-10-07 15:02:22.95 DEBUG application 5235 _a-0000e1ab-7e88-8000-4d14-01ef9001ef90_44009 Processing reference: ContentRole[name=denyAuthors,inherit=false,allowForAll=false]
2021-10-07 15:02:22.95 DEBUG application 5235 _a-0000e1ab-7e88-8000-4d14-01ef9001ef90_44009 Processing reference: ContentRole[name=denyAdministrators,inherit=false,allowForAll=false]
2021-10-07 15:02:22.954 DEBUG content 4946 _a-0000e1ab-7e88-8000-4d14-01ef9001ef90_44015 Begin transport.
2021-10-07 15:02:22.954 DEBUG content 4946 _a-0000e1ab-7e88-8000-4d14-01ef9001ef90_44015 Retrieving object data.
2021-10-07 15:02:22.975 DEBUG content 4946 _a-0000e1ab-7e88-8000-4d14-01ef9001ef90_44015 Setting uuids of object references.
2021-10-07 15:02:22.975 DEBUG content 4946 _a-0000e1ab-7e88-8000-4d14-01ef9001ef90_44015 Processing reference: RulesFolder.forum
2021-10-07 15:02:22.976 DEBUG content 4946 _a-0000e1ab-7e88-8000-4d14-01ef9001ef90_44015 Processing reference: RulesFolder.parent
2021-10-07 15:02:22.982 DEBUG content 4946 _a-0000e1ab-7e88-8000-4d14-01ef9001ef90_44015 Processing reference: com.appiancorp.suiteapi.content.ContentRoleMap@5d86231e[
  ContentRole[name=readers,inherit=false,allowForAll=false]
  ContentRole[name=authors,inherit=false,allowForAll=false]
  ContentRole[name=administrators,inherit=false,allowForAll=false]
  ContentRole[name=denyReaders,inherit=false,allowForAll=false]
  ContentRole[name=denyAuthors,inherit=false,allowForAll=false]
  ContentRole[name=denyAdministrators,inherit=false,allowForAll=false]
  securityVector=1:SEC_PUBLIC=true,SEC_CREATOR_ADMIN=false,SEC_INH_ADMIN=false,SEC_INH_EDITOR=false,SEC_INH_VIEWER=false,SEC_ALL_ADMIN=false,SEC_ALL_EDITOR=false,SEC_ALL_VIEWER=false
]
2021-10-07 15:02:22.982 DEBUG content 4946 _a-0000e1ab-7e88-8000-4d14-01ef9001ef90_44015 Processing reference: ContentRole[name=readers,inherit=false,allowForAll=false]
2021-10-07 15:02:22.982 DEBUG content 4946 _a-0000e1ab-7e88-8000-4d14-01ef9001ef90_44015 Processing reference: ContentRole[name=authors,inherit=false,allowForAll=false]
2021-10-07 15:02:22.982 DEBUG content 4946 _a-0000e1ab-7e88-8000-4d14-01ef9001ef90_44015 Processing reference: ContentRole[name=administrators,inherit=false,allowForAll=false]
2021-10-07 15:02:22.982 DEBUG content 4946 _a-0000e1ab-7e88-8000-4d14-01ef9001ef90_44015 Processing reference: ContentRole[name=denyReaders,inherit=false,allowForAll=false]
2021-10-07 15:02:22.982 DEBUG content 4946 _a-0000e1ab-7e88-8000-4d14-01ef9001ef90_44015 Processing reference: ContentRole[name=denyAuthors,inherit=false,allowForAll=false]
2021-10-07 15:02:22.982 DEBUG content 4946 _a-0000e1ab-7e88-8000-4d14-01ef9001ef90_44015 Processing reference: ContentRole[name=denyAdministrators,inherit=false,allowForAll=false]
2021-10-07 15:02:22.982 DEBUG content 4946 _a-0000e1ab-7e88-8000-4d14-01ef9001ef90_44015 Completing produce.
2021-10-07 15:02:22.982 DEBUG content 4946 _a-0000e1ab-7e88-8000-4d14-01ef9001ef90_44015 Exporting binary resources.
2021-10-07 15:02:22.982 DEBUG content 4946 _a-0000e1ab-7e88-8000-4d14-01ef9001ef90_44015 Serializing object to XML.
2021-10-07 15:02:22.989 DEBUG content 4946 _a-0000e1ab-7e88-8000-4d14-01ef9001ef90_44015 Object transported.
2021-10-07 15:02:22.989 DEBUG content 4955 19f447ca-aa79-46f3-ab5b-8ac62f4fe9e8 Begin transport.
2021-10-07 15:02:22.989 DEBUG content 4955 19f447ca-aa79-46f3-ab5b-8ac62f4fe9e8 Retrieving object data.
2021-10-07 15:02:23.004 DEBUG content 4955 19f447ca-aa79-46f3-ab5b-8ac62f4fe9e8 Setting uuids of object references.
2021-10-07 15:02:23.004 DEBUG content 4955 19f447ca-aa79-46f3-ab5b-8ac62f4fe9e8 Processing reference: [Content:id=4955,versionId=-1,name=PD_rule,type=32,subtype=1,uuid=19f447ca-aa79-46f3-ab5b-8ac62f4fe9e8,parent=4946]
2021-10-07 15:02:23.119 DEBUG content 4955 19f447ca-aa79-46f3-ab5b-8ac62f4fe9e8 Processing reference: FreeformRule.forum
2021-10-07 15:02:23.12 DEBUG content 4955 19f447ca-aa79-46f3-ab5b-8ac62f4fe9e8 Processing reference: FreeformRule.parent
2021-10-07 15:02:23.132 DEBUG content 4955 19f447ca-aa79-46f3-ab5b-8ac62f4fe9e8 Processing reference: com.appiancorp.suiteapi.content.ContentRoleMap@594304d2[
  ContentRole[name=readers,inherit=true,allowForAll=false]
  ContentRole[name=authors,inherit=true,allowForAll=false]
  ContentRole[name=administrators,inherit=true,allowForAll=false]
  ContentRole[name=denyReaders,inherit=false,allowForAll=false]
  ContentRole[name=denyAuthors,inherit=false,allowForAll=false]
  ContentRole[name=denyAdministrators,inherit=false,allowForAll=false]
  securityVector=15:SEC_PUBLIC=true,SEC_CREATOR_ADMIN=false,SEC_INH_ADMIN=true,SEC_INH_EDITOR=true,SEC_INH_VIEWER=true,SEC_ALL_ADMIN=false,SEC_ALL_EDITOR=false,SEC_ALL_VIEWER=false
]
2021-10-07 15:02:23.132 DEBUG content 4955 19f447ca-aa79-46f3-ab5b-8ac62f4fe9e8 Processing reference: ContentRole[name=readers,inherit=true,allowForAll=false]
2021-10-07 15:02:23.132 DEBUG content 4955 19f447ca-aa79-46f3-ab5b-8ac62f4fe9e8 Processing reference: ContentRole[name=authors,inherit=true,allowForAll=false]
2021-10-07 15:02:23.132 DEBUG content 4955 19f447ca-aa79-46f3-ab5b-8ac62f4fe9e8 Processing reference: ContentRole[name=administrators,inherit=true,allowForAll=false]
2021-10-07 15:02:23.132 DEBUG content 4955 19f447ca-aa79-46f3-ab5b-8ac62f4fe9e8 Processing reference: ContentRole[name=denyReaders,inherit=false,allowForAll=false]
2021-10-07 15:02:23.132 DEBUG content 4955 19f447ca-aa79-46f3-ab5b-8ac62f4fe9e8 Processing reference: ContentRole[name=denyAuthors,inherit=false,allowForAll=false]
2021-10-07 15:02:23.132 DEBUG content 4955 19f447ca-aa79-46f3-ab5b-8ac62f4fe9e8 Processing reference: ContentRole[name=denyAdministrators,inherit=false,allowForAll=false]
2021-10-07 15:02:23.133 DEBUG content 4955 19f447ca-aa79-46f3-ab5b-8ac62f4fe9e8 Completing produce.
2021-10-07 15:02:23.133 DEBUG content 4955 19f447ca-aa79-46f3-ab5b-8ac62f4fe9e8 Exporting binary resources.
2021-10-07 15:02:23.133 DEBUG content 4955 19f447ca-aa79-46f3-ab5b-8ac62f4fe9e8 Serializing object to XML.
2021-10-07 15:02:23.135 DEBUG content 4955 19f447ca-aa79-46f3-ab5b-8ac62f4fe9e8 Object transported.
2021-10-07 15:02:23.135 DEBUG content 4954 _a-0000e1ac-041f-8000-fba8-01ef9001ef90_25484 Begin transport.
2021-10-07 15:02:23.135 DEBUG content 4954 _a-0000e1ac-041f-8000-fba8-01ef9001ef90_25484 Retrieving object data.
2021-10-07 15:02:23.151 DEBUG content 4954 _a-0000e1ac-041f-8000-fba8-01ef9001ef90_25484 Setting uuids of object references.
2021-10-07 15:02:23.151 DEBUG content 4954 _a-0000e1ac-041f-8000-fba8-01ef9001ef90_25484 Processing reference: [Content:id=4954,versionId=-1,name=PD_500rtdf,type=32,subtype=6,uuid=_a-0000e1ac-041f-8000-fba8-01ef9001ef90_25484,parent=4946]
2021-10-07 15:02:23.161 DEBUG content 4949 _a-0000e1ac-041f-8000-fba8-01ef9001ef90_25494 Begin transport.
2021-10-07 15:02:23.161 DEBUG content 4949 _a-0000e1ac-041f-8000-fba8-01ef9001ef90_25494 Retrieving object data.
2021-10-07 15:02:23.173 DEBUG content 4949 _a-0000e1ac-041f-8000-fba8-01ef9001ef90_25494 Setting uuids of object references.
2021-10-07 15:02:23.173 DEBUG content 4949 _a-0000e1ac-041f-8000-fba8-01ef9001ef90_25494 Processing reference: [Content:id=4949,versionId=-1,name=richText_Count_rtdf,type=32,subtype=1,uuid=_a-0000e1ac-041f-8000-fba8-01ef9001ef90_25494,parent=4946]
2021-10-07 15:02:23.19 DEBUG content 4948 _a-0000e1ac-041f-8000-fba8-01ef9001ef90_25517 Begin transport.
2021-10-07 15:02:23.19 DEBUG content 4948 _a-0000e1ac-041f-8000-fba8-01ef9001ef90_25517 Retrieving object data.
2021-10-07 15:02:23.208 DEBUG content 4948 _a-0000e1ac-041f-8000-fba8-01ef9001ef90_25517 Setting uuids of object references.
2021-10-07 15:02:23.208 DEBUG content 4948 _a-0000e1ac-041f-8000-fba8-01ef9001ef90_25517 Processing reference: [Content:id=4948,versionId=-1,name=richText_Rule_rtdf,type=32,subtype=1,uuid=_a-0000e1ac-041f-8000-fba8-01ef9001ef90_25517,parent=4946]
2021-10-07 15:02:23.217 DEBUG content 4947 _a-0000e1ac-041f-8000-fba8-01ef9001ef90_25574 Begin transport.
2021-10-07 15:02:23.217 DEBUG content 4947 _a-0000e1ac-041f-8000-fba8-01ef9001ef90_25574 Retrieving object data.
2021-10-07 15:02:23.232 DEBUG content 4947 _a-0000e1ac-041f-8000-fba8-01ef9001ef90_25574 Setting uuids of object references.
2021-10-07 15:02:23.232 DEBUG content 4947 _a-0000e1ac-041f-8000-fba8-01ef9001ef90_25574 Processing reference: [Content:id=4947,versionId=-1,name=puppy_rtdf,type=32,subtype=0,uuid=_a-0000e1ac-041f-8000-fba8-01ef9001ef90_25574,parent=4946]
2021-10-07 15:02:23.236 DEBUG content 4945 _a-0000e1ac-041f-8000-fba8-01ef9001ef90_25555 Begin transport.
2021-10-07 15:02:23.236 DEBUG content 4945 _a-0000e1ac-041f-8000-fba8-01ef9001ef90_25555 Retrieving object data.
2021-10-07 15:02:23.248 DEBUG content 4945 _a-0000e1ac-041f-8000-fba8-01ef9001ef90_25555 Setting uuids of object references.
2021-10-07 15:02:23.248 DEBUG content 4945 _a-0000e1ac-041f-8000-fba8-01ef9001ef90_25555 Processing reference: Document.forum
2021-10-07 15:02:23.249 DEBUG content 4945 _a-0000e1ac-041f-8000-fba8-01ef9001ef90_25555 Processing reference: Document.parent
2021-10-07 15:02:23.252 DEBUG content 4944 _a-0000e1ac-041f-8000-fba8-01ef9001ef90_25563 Begin transport.
2021-10-07 15:02:23.252 DEBUG content 4944 _a-0000e1ac-041f-8000-fba8-01ef9001ef90_25563 Retrieving object data.
2021-10-07 15:02:23.264 DEBUG content 4944 _a-0000e1ac-041f-8000-fba8-01ef9001ef90_25563 Setting uuids of object references.
2021-10-07 15:02:23.264 DEBUG content 4944 _a-0000e1ac-041f-8000-fba8-01ef9001ef90_25563 Processing reference: KnowledgeFolder.forum
2021-10-07 15:02:23.265 DEBUG content 4944 _a-0000e1ac-041f-8000-fba8-01ef9001ef90_25563 Processing reference: KnowledgeFolder.parent
2021-10-07 15:02:23.267 DEBUG content 4943 _a-0000e1ac-041f-8000-fba8-01ef9001ef90_25556 Begin transport.
2021-10-07 15:02:23.267 DEBUG content 4943 _a-0000e1ac-041f-8000-fba8-01ef9001ef90_25556 Retrieving object data.
2021-10-07 15:02:23.275 DEBUG content 4943 _a-0000e1ac-041f-8000-fba8-01ef9001ef90_25556 Setting uuids of object references.
2021-10-07 15:02:23.275 DEBUG content 4943 _a-0000e1ac-041f-8000-fba8-01ef9001ef90_25556 Processing reference: CommunityKnowledgeCenter.forum
2021-10-07 15:02:23.275 DEBUG content 4943 _a-0000e1ac-041f-8000-fba8-01ef9001ef90_25556 Processing reference: CommunityKnowledgeCenter.parent
2021-10-07 15:02:23.277 DEBUG content 4943 _a-0000e1ac-041f-8000-fba8-01ef9001ef90_25556 Processing reference: com.appiancorp.suiteapi.content.ContentRoleMap@3ef0a71e[
  ContentRole[name=readers,inherit=false,allowForAll=false]
  ContentRole[name=authors,inherit=false,allowForAll=false]
  ContentRole[name=administrators,inherit=true,allowForAll=false]
  ContentRole[name=denyReaders,inherit=false,allowForAll=false]
  ContentRole[name=denyAuthors,inherit=false,allowForAll=false]
  ContentRole[name=denyAdministrators,inherit=false,allowForAll=false]
  securityVector=9:SEC_PUBLIC=true,SEC_CREATOR_ADMIN=false,SEC_INH_ADMIN=true,SEC_INH_EDITOR=false,SEC_INH_VIEWER=false,SEC_ALL_ADMIN=false,SEC_ALL_EDITOR=false,SEC_ALL_VIEWER=false
]
2021-10-07 15:02:23.277 DEBUG content 4943 _a-0000e1ac-041f-8000-fba8-01ef9001ef90_25556 Processing reference: ContentRole[name=readers,inherit=false,allowForAll=false]
2021-10-07 15:02:23.277 DEBUG content 4943 _a-0000e1ac-041f-8000-fba8-01ef9001ef90_25556 Processing reference: ContentRole[name=authors,inherit=false,allowForAll=false]
2021-10-07 15:02:23.277 DEBUG content 4943 _a-0000e1ac-041f-8000-fba8-01ef9001ef90_25556 Processing reference: ContentRole[name=administrators,inherit=true,allowForAll=false]
2021-10-07 15:02:23.277 DEBUG content 4943 _a-0000e1ac-041f-8000-fba8-01ef9001ef90_25556 Processing reference: ContentRole[name=denyReaders,inherit=false,allowForAll=false]
2021-10-07 15:02:23.277 DEBUG content 4943 _a-0000e1ac-041f-8000-fba8-01ef9001ef90_25556 Processing reference: ContentRole[name=denyAuthors,inherit=false,allowForAll=false]
2021-10-07 15:02:23.277 DEBUG content 4943 _a-0000e1ac-041f-8000-fba8-01ef9001ef90_25556 Processing reference: ContentRole[name=denyAdministrators,inherit=false,allowForAll=false]
2021-10-07 15:02:23.277 DEBUG content 4943 _a-0000e1ac-041f-8000-fba8-01ef9001ef90_25556 Completing produce.
2021-10-07 15:02:23.277 DEBUG content 4943 _a-0000e1ac-041f-8000-fba8-01ef9001ef90_25556 Exporting binary resources.
2021-10-07 15:02:23.277 DEBUG content 4943 _a-0000e1ac-041f-8000-fba8-01ef9001ef90_25556 Serializing object to XML.
2021-10-07 15:02:23.278 DEBUG content 4943 _a-0000e1ac-041f-8000-fba8-01ef9001ef90_25556 Object transported.
2021-10-07 15:02:23.278 DEBUG content 4944 _a-0000e1ac-041f-8000-fba8-01ef9001ef90_25563 Processing reference: com.appiancorp.suiteapi.content.ContentRoleMap@6e803035[
  ContentRole[name=readers,inherit=true,allowForAll=false]
  ContentRole[name=authors,inherit=true,allowForAll=false]
  ContentRole[name=administrators,inherit=true,allowForAll=false]
  ContentRole[name=denyReaders,inherit=false,allowForAll=false]
  ContentRole[name=denyAuthors,inherit=false,allowForAll=false]
  ContentRole[name=denyAdministrators,inherit=false,allowForAll=false]
  securityVector=15:SEC_PUBLIC=true,SEC_CREATOR_ADMIN=false,SEC_INH_ADMIN=true,SEC_INH_EDITOR=true,SEC_INH_VIEWER=true,SEC_ALL_ADMIN=false,SEC_ALL_EDITOR=false,SEC_ALL_VIEWER=false
]
2021-10-07 15:02:23.278 DEBUG content 4944 _a-0000e1ac-041f-8000-fba8-01ef9001ef90_25563 Processing reference: ContentRole[name=readers,inherit=true,allowForAll=false]
2021-10-07 15:02:23.278 DEBUG content 4944 _a-0000e1ac-041f-8000-fba8-01ef9001ef90_25563 Processing reference: ContentRole[name=authors,inherit=true,allowForAll=false]
2021-10-07 15:02:23.278 DEBUG content 4944 _a-0000e1ac-041f-8000-fba8-01ef9001ef90_25563 Processing reference: ContentRole[name=administrators,inherit=true,allowForAll=false]
2021-10-07 15:02:23.278 DEBUG content 4944 _a-0000e1ac-041f-8000-fba8-01ef9001ef90_25563 Processing reference: ContentRole[name=denyReaders,inherit=false,allowForAll=false]
2021-10-07 15:02:23.278 DEBUG content 4944 _a-0000e1ac-041f-8000-fba8-01ef9001ef90_25563 Processing reference: ContentRole[name=denyAuthors,inherit=false,allowForAll=false]
2021-10-07 15:02:23.278 DEBUG content 4944 _a-0000e1ac-041f-8000-fba8-01ef9001ef90_25563 Processing reference: ContentRole[name=denyAdministrators,inherit=false,allowForAll=false]
2021-10-07 15:02:23.278 DEBUG content 4944 _a-0000e1ac-041f-8000-fba8-01ef9001ef90_25563 Completing produce.
2021-10-07 15:02:23.278 DEBUG content 4944 _a-0000e1ac-041f-8000-fba8-01ef9001ef90_25563 Exporting binary resources.
2021-10-07 15:02:23.278 DEBUG content 4944 _a-0000e1ac-041f-8000-fba8-01ef9001ef90_25563 Serializing object to XML.
2021-10-07 15:02:23.279 DEBUG content 4944 _a-0000e1ac-041f-8000-fba8-01ef9001ef90_25563 Object transported.
2021-10-07 15:02:23.279 DEBUG content 4945 _a-0000e1ac-041f-8000-fba8-01ef9001ef90_25555 Processing reference: com.appiancorp.suiteapi.content.ContentRoleMap@3a6843cc[
  ContentRole[name=readers,inherit=true,allowForAll=false]
  ContentRole[name=authors,inherit=true,allowForAll=false]
  ContentRole[name=administrators,inherit=true,allowForAll=false]
  ContentRole[name=denyReaders,inherit=false,allowForAll=false]
  ContentRole[name=denyAuthors,inherit=false,allowForAll=false]
  ContentRole[name=denyAdministrators,inherit=false,allowForAll=false]
  securityVector=15:SEC_PUBLIC=true,SEC_CREATOR_ADMIN=false,SEC_INH_ADMIN=true,SEC_INH_EDITOR=true,SEC_INH_VIEWER=true,SEC_ALL_ADMIN=false,SEC_ALL_EDITOR=false,SEC_ALL_VIEWER=false
]
2021-10-07 15:02:23.279 DEBUG content 4945 _a-0000e1ac-041f-8000-fba8-01ef9001ef90_25555 Processing reference: ContentRole[name=readers,inherit=true,allowForAll=false]
2021-10-07 15:02:23.279 DEBUG content 4945 _a-0000e1ac-041f-8000-fba8-01ef9001ef90_25555 Processing reference: ContentRole[name=authors,inherit=true,allowForAll=false]
2021-10-07 15:02:23.279 DEBUG content 4945 _a-0000e1ac-041f-8000-fba8-01ef9001ef90_25555 Processing reference: ContentRole[name=administrators,inherit=true,allowForAll=false]
2021-10-07 15:02:23.279 DEBUG content 4945 _a-0000e1ac-041f-8000-fba8-01ef9001ef90_25555 Processing reference: ContentRole[name=denyReaders,inherit=false,allowForAll=false]
2021-10-07 15:02:23.279 DEBUG content 4945 _a-0000e1ac-041f-8000-fba8-01ef9001ef90_25555 Processing reference: ContentRole[name=denyAuthors,inherit=false,allowForAll=false]
2021-10-07 15:02:23.279 DEBUG content 4945 _a-0000e1ac-041f-8000-fba8-01ef9001ef90_25555 Processing reference: ContentRole[name=denyAdministrators,inherit=false,allowForAll=false]
2021-10-07 15:02:23.279 DEBUG content 4945 _a-0000e1ac-041f-8000-fba8-01ef9001ef90_25555 Completing produce.
2021-10-07 15:02:23.279 DEBUG content 4945 _a-0000e1ac-041f-8000-fba8-01ef9001ef90_25555 Exporting binary resources.
2021-10-07 15:02:23.29 DEBUG content 4945 _a-0000e1ac-041f-8000-fba8-01ef9001ef90_25555 Serializing object to XML.
2021-10-07 15:02:23.29 DEBUG content 4945 _a-0000e1ac-041f-8000-fba8-01ef9001ef90_25555 Object transported.
2021-10-07 15:02:23.291 DEBUG content 4947 _a-0000e1ac-041f-8000-fba8-01ef9001ef90_25574 Processing reference: Constant.forum
2021-10-07 15:02:23.291 DEBUG content 4947 _a-0000e1ac-041f-8000-fba8-01ef9001ef90_25574 Processing reference: Constant.parent
2021-10-07 15:02:23.295 DEBUG content 4947 _a-0000e1ac-041f-8000-fba8-01ef9001ef90_25574 Processing reference: com.appiancorp.suiteapi.content.ContentRoleMap@50e02d53[
  ContentRole[name=readers,inherit=true,allowForAll=false]
  ContentRole[name=authors,inherit=true,allowForAll=false]
  ContentRole[name=administrators,inherit=true,allowForAll=false]
  ContentRole[name=denyReaders,inherit=false,allowForAll=false]
  ContentRole[name=denyAuthors,inherit=false,allowForAll=false]
  ContentRole[name=denyAdministrators,inherit=false,allowForAll=false]
  securityVector=15:SEC_PUBLIC=true,SEC_CREATOR_ADMIN=false,SEC_INH_ADMIN=true,SEC_INH_EDITOR=true,SEC_INH_VIEWER=true,SEC_ALL_ADMIN=false,SEC_ALL_EDITOR=false,SEC_ALL_VIEWER=false
]
2021-10-07 15:02:23.295 DEBUG content 4947 _a-0000e1ac-041f-8000-fba8-01ef9001ef90_25574 Processing reference: ContentRole[name=readers,inherit=true,allowForAll=false]
2021-10-07 15:02:23.295 DEBUG content 4947 _a-0000e1ac-041f-8000-fba8-01ef9001ef90_25574 Processing reference: ContentRole[name=authors,inherit=true,allowForAll=false]
2021-10-07 15:02:23.295 DEBUG content 4947 _a-0000e1ac-041f-8000-fba8-01ef9001ef90_25574 Processing reference: ContentRole[name=administrators,inherit=true,allowForAll=false]
2021-10-07 15:02:23.295 DEBUG content 4947 _a-0000e1ac-041f-8000-fba8-01ef9001ef90_25574 Processing reference: ContentRole[name=denyReaders,inherit=false,allowForAll=false]
2021-10-07 15:02:23.295 DEBUG content 4947 _a-0000e1ac-041f-8000-fba8-01ef9001ef90_25574 Processing reference: ContentRole[name=denyAuthors,inherit=false,allowForAll=false]
2021-10-07 15:02:23.295 DEBUG content 4947 _a-0000e1ac-041f-8000-fba8-01ef9001ef90_25574 Processing reference: ContentRole[name=denyAdministrators,inherit=false,allowForAll=false]
2021-10-07 15:02:23.297 DEBUG content 4947 _a-0000e1ac-041f-8000-fba8-01ef9001ef90_25574 Completing produce.
2021-10-07 15:02:23.297 DEBUG content 4947 _a-0000e1ac-041f-8000-fba8-01ef9001ef90_25574 Exporting binary resources.
2021-10-07 15:02:23.297 DEBUG content 4947 _a-0000e1ac-041f-8000-fba8-01ef9001ef90_25574 Serializing object to XML.
2021-10-07 15:02:23.305 DEBUG content 4947 _a-0000e1ac-041f-8000-fba8-01ef9001ef90_25574 Object transported.
2021-10-07 15:02:23.305 DEBUG content 4948 _a-0000e1ac-041f-8000-fba8-01ef9001ef90_25517 Processing reference: FreeformRule.forum
2021-10-07 15:02:23.306 DEBUG content 4948 _a-0000e1ac-041f-8000-fba8-01ef9001ef90_25517 Processing reference: TypedVariable[name=value,it=3,v=]
2021-10-07 15:02:23.306 DEBUG content 4948 _a-0000e1ac-041f-8000-fba8-01ef9001ef90_25517 Processing reference: TypedVariable[name=input,it=1,v=<null>]
2021-10-07 15:02:23.306 DEBUG content 4948 _a-0000e1ac-041f-8000-fba8-01ef9001ef90_25517 Processing reference: FreeformRule.parent
2021-10-07 15:02:23.309 DEBUG content 4948 _a-0000e1ac-041f-8000-fba8-01ef9001ef90_25517 Processing reference: com.appiancorp.suiteapi.content.ContentRoleMap@29246ef2[
  ContentRole[name=readers,inherit=true,allowForAll=false]
  ContentRole[name=authors,inherit=true,allowForAll=false]
  ContentRole[name=administrators,inherit=true,allowForAll=false]
  ContentRole[name=denyReaders,inherit=false,allowForAll=false]
  ContentRole[name=denyAuthors,inherit=false,allowForAll=false]
  ContentRole[name=denyAdministrators,inherit=false,allowForAll=false]
  securityVector=15:SEC_PUBLIC=true,SEC_CREATOR_ADMIN=false,SEC_INH_ADMIN=true,SEC_INH_EDITOR=true,SEC_INH_VIEWER=true,SEC_ALL_ADMIN=false,SEC_ALL_EDITOR=false,SEC_ALL_VIEWER=false
]
2021-10-07 15:02:23.309 DEBUG content 4948 _a-0000e1ac-041f-8000-fba8-01ef9001ef90_25517 Processing reference: ContentRole[name=readers,inherit=true,allowForAll=false]
2021-10-07 15:02:23.309 DEBUG content 4948 _a-0000e1ac-041f-8000-fba8-01ef9001ef90_25517 Processing reference: ContentRole[name=authors,inherit=true,allowForAll=false]
2021-10-07 15:02:23.309 DEBUG content 4948 _a-0000e1ac-041f-8000-fba8-01ef9001ef90_25517 Processing reference: ContentRole[name=administrators,inherit=true,allowForAll=false]
2021-10-07 15:02:23.309 DEBUG content 4948 _a-0000e1ac-041f-8000-fba8-01ef9001ef90_25517 Processing reference: ContentRole[name=denyReaders,inherit=false,allowForAll=false]
2021-10-07 15:02:23.309 DEBUG content 4948 _a-0000e1ac-041f-8000-fba8-01ef9001ef90_25517 Processing reference: ContentRole[name=denyAuthors,inherit=false,allowForAll=false]
2021-10-07 15:02:23.309 DEBUG content 4948 _a-0000e1ac-041f-8000-fba8-01ef9001ef90_25517 Processing reference: ContentRole[name=denyAdministrators,inherit=false,allowForAll=false]
2021-10-07 15:02:23.31 DEBUG content 4948 _a-0000e1ac-041f-8000-fba8-01ef9001ef90_25517 Completing produce.
2021-10-07 15:02:23.31 DEBUG content 4948 _a-0000e1ac-041f-8000-fba8-01ef9001ef90_25517 Exporting binary resources.
2021-10-07 15:02:23.31 DEBUG content 4948 _a-0000e1ac-041f-8000-fba8-01ef9001ef90_25517 Serializing object to XML.
2021-10-07 15:02:23.313 DEBUG content 4948 _a-0000e1ac-041f-8000-fba8-01ef9001ef90_25517 Object transported.
2021-10-07 15:02:23.316 DEBUG content 4949 _a-0000e1ac-041f-8000-fba8-01ef9001ef90_25494 Processing reference: FreeformRule.forum
2021-10-07 15:02:23.316 DEBUG content 4949 _a-0000e1ac-041f-8000-fba8-01ef9001ef90_25494 Processing reference: TypedVariable[name=value,it=3,v=]
2021-10-07 15:02:23.316 DEBUG content 4949 _a-0000e1ac-041f-8000-fba8-01ef9001ef90_25494 Processing reference: TypedVariable[name=count,it=1,v=<null>]
2021-10-07 15:02:23.317 DEBUG content 4949 _a-0000e1ac-041f-8000-fba8-01ef9001ef90_25494 Processing reference: FreeformRule.parent
2021-10-07 15:02:23.319 DEBUG content 4949 _a-0000e1ac-041f-8000-fba8-01ef9001ef90_25494 Processing reference: com.appiancorp.suiteapi.content.ContentRoleMap@2fe08488[
  ContentRole[name=readers,inherit=true,allowForAll=false]
  ContentRole[name=authors,inherit=true,allowForAll=false]
  ContentRole[name=administrators,inherit=true,allowForAll=false]
  ContentRole[name=denyReaders,inherit=false,allowForAll=false]
  ContentRole[name=denyAuthors,inherit=false,allowForAll=false]
  ContentRole[name=denyAdministrators,inherit=false,allowForAll=false]
  securityVector=15:SEC_PUBLIC=true,SEC_CREATOR_ADMIN=false,SEC_INH_ADMIN=true,SEC_INH_EDITOR=true,SEC_INH_VIEWER=true,SEC_ALL_ADMIN=false,SEC_ALL_EDITOR=false,SEC_ALL_VIEWER=false
]
2021-10-07 15:02:23.319 DEBUG content 4949 _a-0000e1ac-041f-8000-fba8-01ef9001ef90_25494 Processing reference: ContentRole[name=readers,inherit=true,allowForAll=false]
2021-10-07 15:02:23.319 DEBUG content 4949 _a-0000e1ac-041f-8000-fba8-01ef9001ef90_25494 Processing reference: ContentRole[name=authors,inherit=true,allowForAll=false]
2021-10-07 15:02:23.319 DEBUG content 4949 _a-0000e1ac-041f-8000-fba8-01ef9001ef90_25494 Processing reference: ContentRole[name=administrators,inherit=true,allowForAll=false]
2021-10-07 15:02:23.319 DEBUG content 4949 _a-0000e1ac-041f-8000-fba8-01ef9001ef90_25494 Processing reference: ContentRole[name=denyReaders,inherit=false,allowForAll=false]
2021-10-07 15:02:23.319 DEBUG content 4949 _a-0000e1ac-041f-8000-fba8-01ef9001ef90_25494 Processing reference: ContentRole[name=denyAuthors,inherit=false,allowForAll=false]
2021-10-07 15:02:23.319 DEBUG content 4949 _a-0000e1ac-041f-8000-fba8-01ef9001ef90_25494 Processing reference: ContentRole[name=denyAdministrators,inherit=false,allowForAll=false]
2021-10-07 15:02:23.319 DEBUG content 4949 _a-0000e1ac-041f-8000-fba8-01ef9001ef90_25494 Completing produce.
2021-10-07 15:02:23.319 DEBUG content 4949 _a-0000e1ac-041f-8000-fba8-01ef9001ef90_25494 Exporting binary resources.
2021-10-07 15:02:23.319 DEBUG content 4949 _a-0000e1ac-041f-8000-fba8-01ef9001ef90_25494 Serializing object to XML.
2021-10-07 15:02:23.322 DEBUG content 4949 _a-0000e1ac-041f-8000-fba8-01ef9001ef90_25494 Object transported.
2021-10-07 15:02:23.322 DEBUG content 4954 _a-0000e1ac-041f-8000-fba8-01ef9001ef90_25484 Processing reference: Interface.forum
2021-10-07 15:02:23.323 DEBUG content 4954 _a-0000e1ac-041f-8000-fba8-01ef9001ef90_25484 Processing reference: Interface.parent
2021-10-07 15:02:23.325 DEBUG content 4954 _a-0000e1ac-041f-8000-fba8-01ef9001ef90_25484 Processing reference: com.appiancorp.suiteapi.content.ContentRoleMap@7f3965c1[
  ContentRole[name=readers,inherit=true,allowForAll=false]
  ContentRole[name=authors,inherit=true,allowForAll=false]
  ContentRole[name=administrators,inherit=true,allowForAll=false]
  ContentRole[name=denyReaders,inherit=false,allowForAll=false]
  ContentRole[name=denyAuthors,inherit=false,allowForAll=false]
  ContentRole[name=denyAdministrators,inherit=false,allowForAll=false]
  securityVector=15:SEC_PUBLIC=true,SEC_CREATOR_ADMIN=false,SEC_INH_ADMIN=true,SEC_INH_EDITOR=true,SEC_INH_VIEWER=true,SEC_ALL_ADMIN=false,SEC_ALL_EDITOR=false,SEC_ALL_VIEWER=false
]
2021-10-07 15:02:23.325 DEBUG content 4954 _a-0000e1ac-041f-8000-fba8-01ef9001ef90_25484 Processing reference: ContentRole[name=readers,inherit=true,allowForAll=false]
2021-10-07 15:02:23.325 DEBUG content 4954 _a-0000e1ac-041f-8000-fba8-01ef9001ef90_25484 Processing reference: ContentRole[name=authors,inherit=true,allowForAll=false]
2021-10-07 15:02:23.325 DEBUG content 4954 _a-0000e1ac-041f-8000-fba8-01ef9001ef90_25484 Processing reference: ContentRole[name=administrators,inherit=true,allowForAll=false]
2021-10-07 15:02:23.325 DEBUG content 4954 _a-0000e1ac-041f-8000-fba8-01ef9001ef90_25484 Processing reference: ContentRole[name=denyReaders,inherit=false,allowForAll=false]
2021-10-07 15:02:23.325 DEBUG content 4954 _a-0000e1ac-041f-8000-fba8-01ef9001ef90_25484 Processing reference: ContentRole[name=denyAuthors,inherit=false,allowForAll=false]
2021-10-07 15:02:23.325 DEBUG content 4954 _a-0000e1ac-041f-8000-fba8-01ef9001ef90_25484 Processing reference: ContentRole[name=denyAdministrators,inherit=false,allowForAll=false]
2021-10-07 15:02:23.325 DEBUG content 4954 _a-0000e1ac-041f-8000-fba8-01ef9001ef90_25484 Completing produce.
2021-10-07 15:02:23.325 DEBUG content 4954 _a-0000e1ac-041f-8000-fba8-01ef9001ef90_25484 Exporting binary resources.
2021-10-07 15:02:23.325 DEBUG content 4954 _a-0000e1ac-041f-8000-fba8-01ef9001ef90_25484 Serializing object to XML.
2021-10-07 15:02:23.327 DEBUG content 4954 _a-0000e1ac-041f-8000-fba8-01ef9001ef90_25484 Object transported.
2021-10-07 15:02:23.327 DEBUG content 4952 _a-0000e1ac-041f-8000-fba8-01ef9001ef90_25592 Begin transport.
2021-10-07 15:02:23.327 DEBUG content 4952 _a-0000e1ac-041f-8000-fba8-01ef9001ef90_25592 Retrieving object data.
2021-10-07 15:02:23.336 DEBUG content 4952 _a-0000e1ac-041f-8000-fba8-01ef9001ef90_25592 Setting uuids of object references.
2021-10-07 15:02:23.336 DEBUG content 4952 _a-0000e1ac-041f-8000-fba8-01ef9001ef90_25592 Processing reference: [Content:id=4952,versionId=-1,name=PD_500rtdf_dupe,type=32,subtype=6,uuid=_a-0000e1ac-041f-8000-fba8-01ef9001ef90_25592,parent=4946]
2021-10-07 15:02:23.342 DEBUG content 4952 _a-0000e1ac-041f-8000-fba8-01ef9001ef90_25592 Processing reference: Interface.forum
2021-10-07 15:02:23.342 DEBUG content 4952 _a-0000e1ac-041f-8000-fba8-01ef9001ef90_25592 Processing reference: TypedVariable[name=value,it=3,v=]
2021-10-07 15:02:23.343 DEBUG content 4952 _a-0000e1ac-041f-8000-fba8-01ef9001ef90_25592 Processing reference: TypedVariable[name=input,it=1,v=<null>]
2021-10-07 15:02:23.343 DEBUG content 4952 _a-0000e1ac-041f-8000-fba8-01ef9001ef90_25592 Processing reference: Interface.parent
2021-10-07 15:02:23.345 DEBUG content 4952 _a-0000e1ac-041f-8000-fba8-01ef9001ef90_25592 Processing reference: com.appiancorp.suiteapi.content.ContentRoleMap@eb4592e[
  ContentRole[name=readers,inherit=true,allowForAll=false]
  ContentRole[name=authors,inherit=true,allowForAll=false]
  ContentRole[name=administrators,inherit=true,allowForAll=false]
  ContentRole[name=denyReaders,inherit=false,allowForAll=false]
  ContentRole[name=denyAuthors,inherit=false,allowForAll=false]
  ContentRole[name=denyAdministrators,inherit=false,allowForAll=false]
  securityVector=15:SEC_PUBLIC=true,SEC_CREATOR_ADMIN=false,SEC_INH_ADMIN=true,SEC_INH_EDITOR=true,SEC_INH_VIEWER=true,SEC_ALL_ADMIN=false,SEC_ALL_EDITOR=false,SEC_ALL_VIEWER=false
]
2021-10-07 15:02:23.345 DEBUG content 4952 _a-0000e1ac-041f-8000-fba8-01ef9001ef90_25592 Processing reference: ContentRole[name=readers,inherit=true,allowForAll=false]
2021-10-07 15:02:23.345 DEBUG content 4952 _a-0000e1ac-041f-8000-fba8-01ef9001ef90_25592 Processing reference: ContentRole[name=authors,inherit=true,allowForAll=false]
2021-10-07 15:02:23.345 DEBUG content 4952 _a-0000e1ac-041f-8000-fba8-01ef9001ef90_25592 Processing reference: ContentRole[name=administrators,inherit=true,allowForAll=false]
2021-10-07 15:02:23.345 DEBUG content 4952 _a-0000e1ac-041f-8000-fba8-01ef9001ef90_25592 Processing reference: ContentRole[name=denyReaders,inherit=false,allowForAll=false]
2021-10-07 15:02:23.345 DEBUG content 4952 _a-0000e1ac-041f-8000-fba8-01ef9001ef90_25592 Processing reference: ContentRole[name=denyAuthors,inherit=false,allowForAll=false]
2021-10-07 15:02:23.345 DEBUG content 4952 _a-0000e1ac-041f-8000-fba8-01ef9001ef90_25592 Processing reference: ContentRole[name=denyAdministrators,inherit=false,allowForAll=false]
2021-10-07 15:02:23.345 DEBUG content 4952 _a-0000e1ac-041f-8000-fba8-01ef9001ef90_25592 Completing produce.
2021-10-07 15:02:23.345 DEBUG content 4952 _a-0000e1ac-041f-8000-fba8-01ef9001ef90_25592 Exporting binary resources.
2021-10-07 15:02:23.345 DEBUG content 4952 _a-0000e1ac-041f-8000-fba8-01ef9001ef90_25592 Serializing object to XML.
2021-10-07 15:02:23.349 DEBUG content 4952 _a-0000e1ac-041f-8000-fba8-01ef9001ef90_25592 Object transported.
2021-10-07 15:02:23.349 DEBUG content 4950 _a-0000e1ac-041f-8000-fba8-01ef9001ef90_25625 Begin transport.
2021-10-07 15:02:23.349 DEBUG content 4950 _a-0000e1ac-041f-8000-fba8-01ef9001ef90_25625 Retrieving object data.
2021-10-07 15:02:23.364 DEBUG content 4950 _a-0000e1ac-041f-8000-fba8-01ef9001ef90_25625 Setting uuids of object references.
2021-10-07 15:02:23.364 DEBUG content 4950 _a-0000e1ac-041f-8000-fba8-01ef9001ef90_25625 Processing reference: [Content:id=4950,versionId=-1,name=PD_500rtdf_erd,type=32,subtype=1,uuid=_a-0000e1ac-041f-8000-fba8-01ef9001ef90_25625,parent=4946]
2021-10-07 15:02:23.366 DEBUG content 4950 _a-0000e1ac-041f-8000-fba8-01ef9001ef90_25625 Processing reference: FreeformRule.forum
2021-10-07 15:02:23.367 DEBUG content 4950 _a-0000e1ac-041f-8000-fba8-01ef9001ef90_25625 Processing reference: FreeformRule.parent
2021-10-07 15:02:23.37 DEBUG content 4950 _a-0000e1ac-041f-8000-fba8-01ef9001ef90_25625 Processing reference: com.appiancorp.suiteapi.content.ContentRoleMap@4d63db11[
  ContentRole[name=readers,inherit=true,allowForAll=false]
  ContentRole[name=authors,inherit=true,allowForAll=false]
  ContentRole[name=administrators,inherit=true,allowForAll=false]
  ContentRole[name=denyReaders,inherit=false,allowForAll=false]
  ContentRole[name=denyAuthors,inherit=false,allowForAll=false]
  ContentRole[name=denyAdministrators,inherit=false,allowForAll=false]
  securityVector=15:SEC_PUBLIC=true,SEC_CREATOR_ADMIN=false,SEC_INH_ADMIN=true,SEC_INH_EDITOR=true,SEC_INH_VIEWER=true,SEC_ALL_ADMIN=false,SEC_ALL_EDITOR=false,SEC_ALL_VIEWER=false
]
2021-10-07 15:02:23.37 DEBUG content 4950 _a-0000e1ac-041f-8000-fba8-01ef9001ef90_25625 Processing reference: ContentRole[name=readers,inherit=true,allowForAll=false]
2021-10-07 15:02:23.371 DEBUG content 4950 _a-0000e1ac-041f-8000-fba8-01ef9001ef90_25625 Processing reference: ContentRole[name=authors,inherit=true,allowForAll=false]
2021-10-07 15:02:23.371 DEBUG content 4950 _a-0000e1ac-041f-8000-fba8-01ef9001ef90_25625 Processing reference: ContentRole[name=administrators,inherit=true,allowForAll=false]
2021-10-07 15:02:23.371 DEBUG content 4950 _a-0000e1ac-041f-8000-fba8-01ef9001ef90_25625 Processing reference: ContentRole[name=denyReaders,inherit=false,allowForAll=false]
2021-10-07 15:02:23.371 DEBUG content 4950 _a-0000e1ac-041f-8000-fba8-01ef9001ef90_25625 Processing reference: ContentRole[name=denyAuthors,inherit=false,allowForAll=false]
2021-10-07 15:02:23.371 DEBUG content 4950 _a-0000e1ac-041f-8000-fba8-01ef9001ef90_25625 Processing reference: ContentRole[name=denyAdministrators,inherit=false,allowForAll=false]
2021-10-07 15:02:23.371 DEBUG content 4950 _a-0000e1ac-041f-8000-fba8-01ef9001ef90_25625 Completing produce.
2021-10-07 15:02:23.371 DEBUG content 4950 _a-0000e1ac-041f-8000-fba8-01ef9001ef90_25625 Exporting binary resources.
2021-10-07 15:02:23.371 DEBUG content 4950 _a-0000e1ac-041f-8000-fba8-01ef9001ef90_25625 Serializing object to XML.
2021-10-07 15:02:23.372 DEBUG content 4950 _a-0000e1ac-041f-8000-fba8-01ef9001ef90_25625 Object transported.
2021-10-07 15:02:23.372 DEBUG content 4951 _a-0000e1ac-041f-8000-fba8-01ef9001ef90_25845 Begin transport.
2021-10-07 15:02:23.372 DEBUG content 4951 _a-0000e1ac-041f-8000-fba8-01ef9001ef90_25845 Retrieving object data.
2021-10-07 15:02:23.38 DEBUG content 4951 _a-0000e1ac-041f-8000-fba8-01ef9001ef90_25845 Setting uuids of object references.
2021-10-07 15:02:23.38 DEBUG content 4951 _a-0000e1ac-041f-8000-fba8-01ef9001ef90_25845 Processing reference: [Content:id=4951,versionId=-1,name=PD_int,type=32,subtype=6,uuid=_a-0000e1ac-041f-8000-fba8-01ef9001ef90_25845,parent=4946]
2021-10-07 15:02:23.38 DEBUG content 4951 _a-0000e1ac-041f-8000-fba8-01ef9001ef90_25845 Processing reference: Interface.forum
2021-10-07 15:02:23.381 DEBUG content 4951 _a-0000e1ac-041f-8000-fba8-01ef9001ef90_25845 Processing reference: Interface.parent
2021-10-07 15:02:23.383 DEBUG content 4951 _a-0000e1ac-041f-8000-fba8-01ef9001ef90_25845 Processing reference: com.appiancorp.suiteapi.content.ContentRoleMap@48e83b63[
  ContentRole[name=readers,inherit=true,allowForAll=false]
  ContentRole[name=authors,inherit=true,allowForAll=false]
  ContentRole[name=administrators,inherit=true,allowForAll=false]
  ContentRole[name=denyReaders,inherit=false,allowForAll=false]
  ContentRole[name=denyAuthors,inherit=false,allowForAll=false]
  ContentRole[name=denyAdministrators,inherit=false,allowForAll=false]
  securityVector=15:SEC_PUBLIC=true,SEC_CREATOR_ADMIN=false,SEC_INH_ADMIN=true,SEC_INH_EDITOR=true,SEC_INH_VIEWER=true,SEC_ALL_ADMIN=false,SEC_ALL_EDITOR=false,SEC_ALL_VIEWER=false
]
2021-10-07 15:02:23.383 DEBUG content 4951 _a-0000e1ac-041f-8000-fba8-01ef9001ef90_25845 Processing reference: ContentRole[name=readers,inherit=true,allowForAll=false]
2021-10-07 15:02:23.383 DEBUG content 4951 _a-0000e1ac-041f-8000-fba8-01ef9001ef90_25845 Processing reference: ContentRole[name=authors,inherit=true,allowForAll=false]
2021-10-07 15:02:23.383 DEBUG content 4951 _a-0000e1ac-041f-8000-fba8-01ef9001ef90_25845 Processing reference: ContentRole[name=administrators,inherit=true,allowForAll=false]
2021-10-07 15:02:23.383 DEBUG content 4951 _a-0000e1ac-041f-8000-fba8-01ef9001ef90_25845 Processing reference: ContentRole[name=denyReaders,inherit=false,allowForAll=false]
2021-10-07 15:02:23.383 DEBUG content 4951 _a-0000e1ac-041f-8000-fba8-01ef9001ef90_25845 Processing reference: ContentRole[name=denyAuthors,inherit=false,allowForAll=false]
2021-10-07 15:02:23.383 DEBUG content 4951 _a-0000e1ac-041f-8000-fba8-01ef9001ef90_25845 Processing reference: ContentRole[name=denyAdministrators,inherit=false,allowForAll=false]
2021-10-07 15:02:23.383 DEBUG content 4951 _a-0000e1ac-041f-8000-fba8-01ef9001ef90_25845 Completing produce.
2021-10-07 15:02:23.383 DEBUG content 4951 _a-0000e1ac-041f-8000-fba8-01ef9001ef90_25845 Exporting binary resources.
2021-10-07 15:02:23.383 DEBUG content 4951 _a-0000e1ac-041f-8000-fba8-01ef9001ef90_25845 Serializing object to XML.
2021-10-07 15:02:23.384 DEBUG content 4951 _a-0000e1ac-041f-8000-fba8-01ef9001ef90_25845 Object transported.
2021-10-07 15:02:23.384 DEBUG content 4956 _a-0000e1ac-041f-8000-fba8-01ef9001ef90_26419 Begin transport.
2021-10-07 15:02:23.384 DEBUG content 4956 _a-0000e1ac-041f-8000-fba8-01ef9001ef90_26419 Retrieving object data.
2021-10-07 15:02:23.392 DEBUG content 4956 _a-0000e1ac-041f-8000-fba8-01ef9001ef90_26419 Setting uuids of object references.
2021-10-07 15:02:23.392 DEBUG content 4956 _a-0000e1ac-041f-8000-fba8-01ef9001ef90_26419 Processing reference: [Content:id=4956,versionId=-1,name=RTDF_Performance,type=32,subtype=6,uuid=_a-0000e1ac-041f-8000-fba8-01ef9001ef90_26419,parent=4946]
2021-10-07 15:02:23.395 DEBUG content 4956 _a-0000e1ac-041f-8000-fba8-01ef9001ef90_26419 Processing reference: Interface.forum
2021-10-07 15:02:23.396 DEBUG content 4956 _a-0000e1ac-041f-8000-fba8-01ef9001ef90_26419 Processing reference: Interface.parent
2021-10-07 15:02:23.398 DEBUG content 4956 _a-0000e1ac-041f-8000-fba8-01ef9001ef90_26419 Processing reference: com.appiancorp.suiteapi.content.ContentRoleMap@3798035c[
  ContentRole[name=readers,inherit=true,allowForAll=false]
  ContentRole[name=authors,inherit=true,allowForAll=false]
  ContentRole[name=administrators,inherit=true,allowForAll=false]
  ContentRole[name=denyReaders,inherit=false,allowForAll=false]
  ContentRole[name=denyAuthors,inherit=false,allowForAll=false]
  ContentRole[name=denyAdministrators,inherit=false,allowForAll=false]
  securityVector=15:SEC_PUBLIC=true,SEC_CREATOR_ADMIN=false,SEC_INH_ADMIN=true,SEC_INH_EDITOR=true,SEC_INH_VIEWER=true,SEC_ALL_ADMIN=false,SEC_ALL_EDITOR=false,SEC_ALL_VIEWER=false
]
2021-10-07 15:02:23.398 DEBUG content 4956 _a-0000e1ac-041f-8000-fba8-01ef9001ef90_26419 Processing reference: ContentRole[name=readers,inherit=true,allowForAll=false]
2021-10-07 15:02:23.398 DEBUG content 4956 _a-0000e1ac-041f-8000-fba8-01ef9001ef90_26419 Processing reference: ContentRole[name=authors,inherit=true,allowForAll=false]
2021-10-07 15:02:23.398 DEBUG content 4956 _a-0000e1ac-041f-8000-fba8-01ef9001ef90_26419 Processing reference: ContentRole[name=administrators,inherit=true,allowForAll=false]
2021-10-07 15:02:23.398 DEBUG content 4956 _a-0000e1ac-041f-8000-fba8-01ef9001ef90_26419 Processing reference: ContentRole[name=denyReaders,inherit=false,allowForAll=false]
2021-10-07 15:02:23.398 DEBUG content 4956 _a-0000e1ac-041f-8000-fba8-01ef9001ef90_26419 Processing reference: ContentRole[name=denyAuthors,inherit=false,allowForAll=false]
2021-10-07 15:02:23.398 DEBUG content 4956 _a-0000e1ac-041f-8000-fba8-01ef9001ef90_26419 Processing reference: ContentRole[name=denyAdministrators,inherit=false,allowForAll=false]
2021-10-07 15:02:23.398 DEBUG content 4956 _a-0000e1ac-041f-8000-fba8-01ef9001ef90_26419 Completing produce.
2021-10-07 15:02:23.398 DEBUG content 4956 _a-0000e1ac-041f-8000-fba8-01ef9001ef90_26419 Exporting binary resources.
2021-10-07 15:02:23.398 DEBUG content 4956 _a-0000e1ac-041f-8000-fba8-01ef9001ef90_26419 Serializing object to XML.
2021-10-07 15:02:23.399 DEBUG content 4956 _a-0000e1ac-041f-8000-fba8-01ef9001ef90_26419 Object transported.
2021-10-07 15:02:23.399 DEBUG content 4953 _a-0000e1ac-041f-8000-fba8-01ef9001ef90_26425 Begin transport.
2021-10-07 15:02:23.399 DEBUG content 4953 _a-0000e1ac-041f-8000-fba8-01ef9001ef90_26425 Retrieving object data.
2021-10-07 15:02:23.407 DEBUG content 4953 _a-0000e1ac-041f-8000-fba8-01ef9001ef90_26425 Setting uuids of object references.
2021-10-07 15:02:23.407 DEBUG content 4953 _a-0000e1ac-041f-8000-fba8-01ef9001ef90_26425 Processing reference: [Content:id=4953,versionId=-1,name=RTDF_PerformanceRule,type=32,subtype=1,uuid=_a-0000e1ac-041f-8000-fba8-01ef9001ef90_26425,parent=4946]
2021-10-07 15:02:23.409 DEBUG content 4953 _a-0000e1ac-041f-8000-fba8-01ef9001ef90_26425 Processing reference: FreeformRule.forum
2021-10-07 15:02:23.41 DEBUG content 4953 _a-0000e1ac-041f-8000-fba8-01ef9001ef90_26425 Processing reference: FreeformRule.parent
2021-10-07 15:02:23.412 DEBUG content 4953 _a-0000e1ac-041f-8000-fba8-01ef9001ef90_26425 Processing reference: com.appiancorp.suiteapi.content.ContentRoleMap@3e0c0a23[
  ContentRole[name=readers,inherit=true,allowForAll=false]
  ContentRole[name=authors,inherit=true,allowForAll=false]
  ContentRole[name=administrators,inherit=true,allowForAll=false]
  ContentRole[name=denyReaders,inherit=false,allowForAll=false]
  ContentRole[name=denyAuthors,inherit=false,allowForAll=false]
  ContentRole[name=denyAdministrators,inherit=false,allowForAll=false]
  securityVector=15:SEC_PUBLIC=true,SEC_CREATOR_ADMIN=false,SEC_INH_ADMIN=true,SEC_INH_EDITOR=true,SEC_INH_VIEWER=true,SEC_ALL_ADMIN=false,SEC_ALL_EDITOR=false,SEC_ALL_VIEWER=false
]
2021-10-07 15:02:23.412 DEBUG content 4953 _a-0000e1ac-041f-8000-fba8-01ef9001ef90_26425 Processing reference: ContentRole[name=readers,inherit=true,allowForAll=false]
2021-10-07 15:02:23.412 DEBUG content 4953 _a-0000e1ac-041f-8000-fba8-01ef9001ef90_26425 Processing reference: ContentRole[name=authors,inherit=true,allowForAll=false]
2021-10-07 15:02:23.412 DEBUG content 4953 _a-0000e1ac-041f-8000-fba8-01ef9001ef90_26425 Processing reference: ContentRole[name=administrators,inherit=true,allowForAll=false]
2021-10-07 15:02:23.412 DEBUG content 4953 _a-0000e1ac-041f-8000-fba8-01ef9001ef90_26425 Processing reference: ContentRole[name=denyReaders,inherit=false,allowForAll=false]
2021-10-07 15:02:23.412 DEBUG content 4953 _a-0000e1ac-041f-8000-fba8-01ef9001ef90_26425 Processing reference: ContentRole[name=denyAuthors,inherit=false,allowForAll=false]
2021-10-07 15:02:23.412 DEBUG content 4953 _a-0000e1ac-041f-8000-fba8-01ef9001ef90_26425 Processing reference: ContentRole[name=denyAdministrators,inherit=false,allowForAll=false]
2021-10-07 15:02:23.412 DEBUG content 4953 _a-0000e1ac-041f-8000-fba8-01ef9001ef90_26425 Completing produce.
2021-10-07 15:02:23.412 DEBUG content 4953 _a-0000e1ac-041f-8000-fba8-01ef9001ef90_26425 Exporting binary resources.
2021-10-07 15:02:23.412 DEBUG content 4953 _a-0000e1ac-041f-8000-fba8-01ef9001ef90_26425 Serializing object to XML.
2021-10-07 15:02:23.413 DEBUG content 4953 _a-0000e1ac-041f-8000-fba8-01ef9001ef90_26425 Object transported.
2021-10-07 15:02:23.415 DEBUG processModelFolder 122 _g-0000e1ab-7e88-8000-4d14-014d98014d98_427 Begin transport.
2021-10-07 15:02:23.415 DEBUG processModelFolder 122 _g-0000e1ab-7e88-8000-4d14-014d98014d98_427 Retrieving object data.
2021-10-07 15:02:23.43 DEBUG processModelFolder 122 _g-0000e1ab-7e88-8000-4d14-014d98014d98_427 Setting uuids of object references.
2021-10-07 15:02:23.43 DEBUG processModelFolder 122 _g-0000e1ab-7e88-8000-4d14-014d98014d98_427 Processing reference: ProcessModelFolder.parentFolderId
2021-10-07 15:02:23.431 DEBUG processModelFolder 122 _g-0000e1ab-7e88-8000-4d14-014d98014d98_427 Processing reference: com.appiancorp.suiteapi.process.ProcessRoleMap@2133903e[
  Role[name=ADMIN_OWNER]
  Role[name=EDITOR]
  Role[name=EXPLICIT_NONMEMBER]
  Role[name=VIEWER]
  Role[name=MANAGER]
  Role[name=INITIATOR]
]
2021-10-07 15:02:23.431 DEBUG processModelFolder 122 _g-0000e1ab-7e88-8000-4d14-014d98014d98_427 Processing reference: Role[name=ADMIN_OWNER]
2021-10-07 15:02:23.431 DEBUG processModelFolder 122 _g-0000e1ab-7e88-8000-4d14-014d98014d98_427 Processing reference: Role[name=EDITOR]
2021-10-07 15:02:23.431 DEBUG processModelFolder 122 _g-0000e1ab-7e88-8000-4d14-014d98014d98_427 Processing reference: Role[name=EXPLICIT_NONMEMBER]
2021-10-07 15:02:23.431 DEBUG processModelFolder 122 _g-0000e1ab-7e88-8000-4d14-014d98014d98_427 Processing reference: Role[name=VIEWER]
2021-10-07 15:02:23.431 DEBUG processModelFolder 122 _g-0000e1ab-7e88-8000-4d14-014d98014d98_427 Processing reference: Role[name=MANAGER]
2021-10-07 15:02:23.431 DEBUG processModelFolder 122 _g-0000e1ab-7e88-8000-4d14-014d98014d98_427 Processing reference: Role[name=INITIATOR]
2021-10-07 15:02:23.431 DEBUG processModelFolder 122 _g-0000e1ab-7e88-8000-4d14-014d98014d98_427 Completing produce.
2021-10-07 15:02:23.431 DEBUG processModelFolder 122 _g-0000e1ab-7e88-8000-4d14-014d98014d98_427 Exporting binary resources.
2021-10-07 15:02:23.431 DEBUG processModelFolder 122 _g-0000e1ab-7e88-8000-4d14-014d98014d98_427 Serializing object to XML.
2021-10-07 15:02:23.432 DEBUG processModelFolder 122 _g-0000e1ab-7e88-8000-4d14-014d98014d98_427 Object transported.
2021-10-07 15:02:23.433 DEBUG processModel 392 0002e1ab-f3c4-8000-4d14-014d98014d98 Begin transport.
2021-10-07 15:02:23.433 DEBUG processModel 392 0002e1ab-f3c4-8000-4d14-014d98014d98 Retrieving object data.
2021-10-07 15:02:23.506 DEBUG processModel 392 0002e1ab-f3c4-8000-4d14-014d98014d98 Setting uuids of object references.
2021-10-07 15:02:23.507 DEBUG processModel 392 0002e1ab-f3c4-8000-4d14-014d98014d98 Processing reference: ProcessModelHaul.folderId
2021-10-07 15:02:23.509 DEBUG processModel 392 0002e1ab-f3c4-8000-4d14-014d98014d98 Processing reference: ProcessModelHaul.modelDashboardPageId
2021-10-07 15:02:23.509 DEBUG processModel 392 0002e1ab-f3c4-8000-4d14-014d98014d98 Processing reference: ProcessModelHaul.processDashboardPageId
2021-10-07 15:02:23.509 DEBUG processModel 392 0002e1ab-f3c4-8000-4d14-014d98014d98 Processing reference: ProcessModel.emailAttachmentFolderId
2021-10-07 15:02:23.51 DEBUG processModel 392 0002e1ab-f3c4-8000-4d14-014d98014d98 Processing reference: ActivityClass.localId
2021-10-07 15:02:23.51 DEBUG processModel 392 0002e1ab-f3c4-8000-4d14-014d98014d98 Processing reference: ActivityClass.localId
2021-10-07 15:02:23.51 DEBUG processModel 392 0002e1ab-f3c4-8000-4d14-014d98014d98 Processing reference: ActivityClassParameter[name=pmID,it=23,v=<null>]
2021-10-07 15:02:23.511 DEBUG processModel 392 0002e1ab-f3c4-8000-4d14-014d98014d98 Processing reference: ActivityClassParameter[name=inMap,it=111,v={}]
2021-10-07 15:02:23.511 DEBUG processModel 392 0002e1ab-f3c4-8000-4d14-014d98014d98 Processing reference: ActivityClassParameter[name=procInheritsPriority,it=1,v=1]
2021-10-07 15:02:23.511 DEBUG processModel 392 0002e1ab-f3c4-8000-4d14-014d98014d98 Processing reference: ActivityClassParameter[name=pmUUID,it=3,v=]
2021-10-07 15:02:23.511 DEBUG processModel 392 0002e1ab-f3c4-8000-4d14-014d98014d98 Processing reference: ActivityClassParameter[name=isAsynchronous,it=26,v=1]
2021-10-07 15:02:23.511 DEBUG processModel 392 0002e1ab-f3c4-8000-4d14-014d98014d98 Processing reference: ActivityClassParameter[name=isTransparent,it=26,v=1]
2021-10-07 15:02:23.511 DEBUG processModel 392 0002e1ab-f3c4-8000-4d14-014d98014d98 Processing reference: ActivityClassParameter[name=inheritSecurity,it=26,v=0]
2021-10-07 15:02:23.511 DEBUG processModel 392 0002e1ab-f3c4-8000-4d14-014d98014d98 Processing reference: com.appiancorp.suiteapi.process.ProcessRoleMap@6a3d572e[
  Role[name=ADMIN_OWNER]
  Role[name=EDITOR]
  Role[name=EXPLICIT_NONMEMBER]
  Role[name=VIEWER]
  Role[name=MANAGER]
  Role[name=INITIATOR]
]
2021-10-07 15:02:23.511 DEBUG processModel 392 0002e1ab-f3c4-8000-4d14-014d98014d98 Processing reference: Role[name=ADMIN_OWNER]
2021-10-07 15:02:23.511 DEBUG processModel 392 0002e1ab-f3c4-8000-4d14-014d98014d98 Processing reference: Role[name=EDITOR]
2021-10-07 15:02:23.511 DEBUG processModel 392 0002e1ab-f3c4-8000-4d14-014d98014d98 Processing reference: Role[name=EXPLICIT_NONMEMBER]
2021-10-07 15:02:23.511 DEBUG processModel 392 0002e1ab-f3c4-8000-4d14-014d98014d98 Processing reference: Role[name=VIEWER]
2021-10-07 15:02:23.511 DEBUG processModel 392 0002e1ab-f3c4-8000-4d14-014d98014d98 Processing reference: Role[name=MANAGER]
2021-10-07 15:02:23.511 DEBUG processModel 392 0002e1ab-f3c4-8000-4d14-014d98014d98 Processing reference: Role[name=INITIATOR]
2021-10-07 15:02:23.512 DEBUG processModel 392 0002e1ab-f3c4-8000-4d14-014d98014d98 Completing produce.
2021-10-07 15:02:23.512 DEBUG processModel 392 0002e1ab-f3c4-8000-4d14-014d98014d98 Exporting binary resources.
2021-10-07 15:02:23.512 DEBUG processModel 392 0002e1ab-f3c4-8000-4d14-014d98014d98 Serializing object to XML.
2021-10-07 15:02:23.55 DEBUG processModel 392 0002e1ab-f3c4-8000-4d14-014d98014d98 Object transported.
2021-10-07 15:02:23.553 DEBUG tempoReport 451 68f64930-a6f5-4dcc-82ab-8913722be750 Begin transport.
2021-10-07 15:02:23.553 DEBUG tempoReport 451 68f64930-a6f5-4dcc-82ab-8913722be750 Retrieving object data.
2021-10-07 15:02:23.586 DEBUG tempoReport 451 68f64930-a6f5-4dcc-82ab-8913722be750 Setting uuids of object references.
2021-10-07 15:02:23.586 DEBUG tempoReport 451 68f64930-a6f5-4dcc-82ab-8913722be750 Processing reference: UiContainer.uiExpr
2021-10-07 15:02:23.592 DEBUG tempoReport 451 68f64930-a6f5-4dcc-82ab-8913722be750 Completing produce.
2021-10-07 15:02:23.592 DEBUG tempoReport 451 68f64930-a6f5-4dcc-82ab-8913722be750 Exporting binary resources.
2021-10-07 15:02:23.592 DEBUG tempoReport 451 68f64930-a6f5-4dcc-82ab-8913722be750 Serializing object to XML.
2021-10-07 15:02:23.593 DEBUG tempoReport 451 68f64930-a6f5-4dcc-82ab-8913722be750 Object transported.
2021-10-07 15:02:23.593 DEBUG application 5235 _a-0000e1ab-7e88-8000-4d14-01ef9001ef90_44009 Completing produce.
2021-10-07 15:02:23.593 DEBUG application 5235 _a-0000e1ab-7e88-8000-4d14-01ef9001ef90_44009 Exporting binary resources.
2021-10-07 15:02:23.593 DEBUG application 5235 _a-0000e1ab-7e88-8000-4d14-01ef9001ef90_44009 Serializing object to XML.
2021-10-07 15:02:23.595 DEBUG application 5235 _a-0000e1ab-7e88-8000-4d14-01ef9001ef90_44009 Object transported.
