Success (20):
group 4 SYSTEM_GROUP_PROCESS_MODEL_CREATORS "Process Model Creators"
content 5792 0039d137-f5f5-8000-f11f-75fb5175fb51 "aikong_meika"
content 5793 _a-0000d63b-a906-8000-7288-010000010000_702 "rodrigo_munoz_d"
content 5794 0059d137-f5f5-8000-f11f-75fb5175fb51 "joshua_weiland"
content 5795 _a-0000d657-64e3-8000-e359-010000010000_762 "jay_berkenbilt"
content 5796 _636f6e74656e74-0000d16e-98b7-8000-1d21-01000001000000000000231 "carlos_aguayo"
content 5797 0015d137-f5f5-8000-f11f-75fb5175fb51 "chris_hoard"
content 5798 _636f6e74656e74-0000d16e-98b7-8000-1d21-01000001000000000000242 "andrew_radcliffe_s"
content 5799 0006d137-f5f5-8000-f11f-75fb5175fb51 "leonard_magill"
content 5800 0043d137-f5f5-8000-f11f-75fb5175fb51 "fred_jefferies"
content 5801 0034d137-f5f5-8000-f11f-75fb5175fb51 "phillip_boatman"
content 5802 _a-0001daf6-194e-8000-194e-0d00000d0000_3626 "mobile_user1_s"
content 5803 0053d137-f5f5-8000-f11f-75fb5175fb51 "tony_hertz"
content 5804 0040d137-f5f5-8000-f11f-75fb5175fb51 "wesley_luo"
content 5805 0049d137-f5f5-8000-f11f-75fb5175fb51 "marshall_law"
content 5806 0009d137-f5f5-8000-f11f-75fb5175fb51 "manu_surendra"
content 5807 0065d137-f5f5-8000-f11f-75fb5175fb51 "loria_goyal"
content 5808 _636f6e74656e74-0000d16e-98b7-8000-1d21-01000001000000000000237 "ali_alavi"
content 5809 0023d137-f5f5-8000-f11f-75fb5175fb51 "justin_muro"
processModel 0 001bdaf2-5dd5-8000-d78e-010000010000 "Execute User Creation"

Referenced precedents that were not exported (16):
group 6 SYSTEM_GROUP_ROLE_DESIGNERS
group 7 SYSTEM_GROUP_ROLE_QUICK_APP_CREATORS
group 40 0001d0b7-c973-8000-c973-4e2a554e2a55
content 5193 _a-0000d451-5c64-8000-ac7a-680000680000_1051
content 5205 0000d13a-924a-8000-91fb-75fb5175fb51
content 5197 _a-0000d64b-6e41-8000-6aac-010000010000_716
content 5202 0000d15c-a20c-8000-35ea-010000010000
content 5196 0000d13a-9264-8000-91fb-75fb5175fb51
content 5200 _a-0000da5d-d2d2-8000-7861-010000010000_2789
content 5199 0000d13a-9234-8000-91fb-75fb5175fb51
content 5204 _a-0000dd15-2a18-8000-b3a0-01ef9001ef90_4120
content 5198 0001d13a-91fb-8000-91fb-75fb5175fb51
content 5203 0000d13a-9279-8000-91fb-75fb5175fb51
content 5201 _a-0000db0c-dedd-8000-dca1-010000010000_3657
content 5195 0000d13a-9218-8000-91fb-75fb5175fb51
processModelFolder 1 _g-0000daef-7dee-8000-d78e-010000010000_77

Trace:
2019-11-08 14:10:07.03 DEBUG group 4 SYSTEM_GROUP_PROCESS_MODEL_CREATORS Begin transport.
2019-11-08 14:10:07.03 DEBUG group 4 SYSTEM_GROUP_PROCESS_MODEL_CREATORS Retrieving object data.
2019-11-08 14:10:07.044 DEBUG group 4 SYSTEM_GROUP_PROCESS_MODEL_CREATORS Setting uuids of object references.
2019-11-08 14:10:07.044 DEBUG group 4 SYSTEM_GROUP_PROCESS_MODEL_CREATORS Processing reference: Role[name=<null>,usernames=[Administrator]]
2019-11-08 14:10:07.046 DEBUG group 4 SYSTEM_GROUP_PROCESS_MODEL_CREATORS Processing reference: Group.groupTypeId
2019-11-08 14:10:07.048 DEBUG group 4 SYSTEM_GROUP_PROCESS_MODEL_CREATORS Processing reference: Group.parentId
2019-11-08 14:10:07.048 DEBUG group 4 SYSTEM_GROUP_PROCESS_MODEL_CREATORS Processing reference: Group.homePageId
2019-11-08 14:10:07.048 DEBUG group 4 SYSTEM_GROUP_PROCESS_MODEL_CREATORS Processing reference: Role[name=<null>]
2019-11-08 14:10:07.048 DEBUG group 4 SYSTEM_GROUP_PROCESS_MODEL_CREATORS Completing produce.
2019-11-08 14:10:07.048 DEBUG group 4 SYSTEM_GROUP_PROCESS_MODEL_CREATORS Exporting binary resources.
2019-11-08 14:10:07.048 DEBUG group 4 SYSTEM_GROUP_PROCESS_MODEL_CREATORS Serializing object to XML.
2019-11-08 14:10:07.055 DEBUG group 4 SYSTEM_GROUP_PROCESS_MODEL_CREATORS Object transported.
2019-11-08 14:10:07.06 DEBUG content 5792 0039d137-f5f5-8000-f11f-75fb5175fb51 Begin transport.
2019-11-08 14:10:07.06 DEBUG content 5792 0039d137-f5f5-8000-f11f-75fb5175fb51 Retrieving object data.
2019-11-08 14:10:07.07 DEBUG content 5792 0039d137-f5f5-8000-f11f-75fb5175fb51 Setting uuids of object references.
2019-11-08 14:10:07.07 DEBUG content 5792 0039d137-f5f5-8000-f11f-75fb5175fb51 Processing reference: Document.forum
2019-11-08 14:10:07.071 DEBUG content 5792 0039d137-f5f5-8000-f11f-75fb5175fb51 Processing reference: Document.parent
2019-11-08 14:10:07.074 DEBUG content 5792 0039d137-f5f5-8000-f11f-75fb5175fb51 Processing reference: com.appiancorp.suiteapi.content.ContentRoleMap@e91b0d2[
  ContentRole[name=readers,inherit=true,allowForAll=false]
  ContentRole[name=authors,inherit=true,allowForAll=false]
  ContentRole[name=administrators,usernames=[Administrator],inherit=true,allowForAll=false]
  ContentRole[name=denyReaders,inherit=false,allowForAll=false]
  ContentRole[name=denyAuthors,inherit=false,allowForAll=false]
  ContentRole[name=denyAdministrators,inherit=false,allowForAll=false]
  securityVector=143:SEC_PUBLIC=true,SEC_CREATOR_ADMIN=true,SEC_INH_ADMIN=true,SEC_INH_EDITOR=true,SEC_INH_VIEWER=true,SEC_ALL_ADMIN=false,SEC_ALL_EDITOR=false,SEC_ALL_VIEWER=false
]
2019-11-08 14:10:07.074 DEBUG content 5792 0039d137-f5f5-8000-f11f-75fb5175fb51 Processing reference: ContentRole[name=readers,inherit=true,allowForAll=false]
2019-11-08 14:10:07.074 DEBUG content 5792 0039d137-f5f5-8000-f11f-75fb5175fb51 Processing reference: ContentRole[name=authors,inherit=true,allowForAll=false]
2019-11-08 14:10:07.074 DEBUG content 5792 0039d137-f5f5-8000-f11f-75fb5175fb51 Processing reference: ContentRole[name=administrators,usernames=[Administrator],inherit=true,allowForAll=false]
2019-11-08 14:10:07.076 DEBUG content 5792 0039d137-f5f5-8000-f11f-75fb5175fb51 Processing reference: ContentRole[name=denyReaders,inherit=false,allowForAll=false]
2019-11-08 14:10:07.076 DEBUG content 5792 0039d137-f5f5-8000-f11f-75fb5175fb51 Processing reference: ContentRole[name=denyAuthors,inherit=false,allowForAll=false]
2019-11-08 14:10:07.076 DEBUG content 5792 0039d137-f5f5-8000-f11f-75fb5175fb51 Processing reference: ContentRole[name=denyAdministrators,inherit=false,allowForAll=false]
2019-11-08 14:10:07.076 DEBUG content 5792 0039d137-f5f5-8000-f11f-75fb5175fb51 Completing produce.
2019-11-08 14:10:07.076 DEBUG content 5792 0039d137-f5f5-8000-f11f-75fb5175fb51 Exporting binary resources.
2019-11-08 14:10:07.087 DEBUG content 5792 0039d137-f5f5-8000-f11f-75fb5175fb51 Serializing object to XML.
2019-11-08 14:10:07.094 DEBUG content 5792 0039d137-f5f5-8000-f11f-75fb5175fb51 Object transported.
2019-11-08 14:10:07.094 DEBUG content 5793 _a-0000d63b-a906-8000-7288-010000010000_702 Begin transport.
2019-11-08 14:10:07.094 DEBUG content 5793 _a-0000d63b-a906-8000-7288-010000010000_702 Retrieving object data.
2019-11-08 14:10:07.104 DEBUG content 5793 _a-0000d63b-a906-8000-7288-010000010000_702 Setting uuids of object references.
2019-11-08 14:10:07.105 DEBUG content 5793 _a-0000d63b-a906-8000-7288-010000010000_702 Processing reference: Document.forum
2019-11-08 14:10:07.105 DEBUG content 5793 _a-0000d63b-a906-8000-7288-010000010000_702 Processing reference: Document.parent
2019-11-08 14:10:07.108 DEBUG content 5793 _a-0000d63b-a906-8000-7288-010000010000_702 Processing reference: com.appiancorp.suiteapi.content.ContentRoleMap@32a9fc37[
  ContentRole[name=readers,inherit=true,allowForAll=false]
  ContentRole[name=authors,inherit=true,allowForAll=false]
  ContentRole[name=administrators,usernames=[Administrator],inherit=true,allowForAll=false]
  ContentRole[name=denyReaders,inherit=false,allowForAll=false]
  ContentRole[name=denyAuthors,inherit=false,allowForAll=false]
  ContentRole[name=denyAdministrators,inherit=false,allowForAll=false]
  securityVector=143:SEC_PUBLIC=true,SEC_CREATOR_ADMIN=true,SEC_INH_ADMIN=true,SEC_INH_EDITOR=true,SEC_INH_VIEWER=true,SEC_ALL_ADMIN=false,SEC_ALL_EDITOR=false,SEC_ALL_VIEWER=false
]
2019-11-08 14:10:07.108 DEBUG content 5793 _a-0000d63b-a906-8000-7288-010000010000_702 Processing reference: ContentRole[name=readers,inherit=true,allowForAll=false]
2019-11-08 14:10:07.108 DEBUG content 5793 _a-0000d63b-a906-8000-7288-010000010000_702 Processing reference: ContentRole[name=authors,inherit=true,allowForAll=false]
2019-11-08 14:10:07.108 DEBUG content 5793 _a-0000d63b-a906-8000-7288-010000010000_702 Processing reference: ContentRole[name=administrators,usernames=[Administrator],inherit=true,allowForAll=false]
2019-11-08 14:10:07.109 DEBUG content 5793 _a-0000d63b-a906-8000-7288-010000010000_702 Processing reference: ContentRole[name=denyReaders,inherit=false,allowForAll=false]
2019-11-08 14:10:07.109 DEBUG content 5793 _a-0000d63b-a906-8000-7288-010000010000_702 Processing reference: ContentRole[name=denyAuthors,inherit=false,allowForAll=false]
2019-11-08 14:10:07.109 DEBUG content 5793 _a-0000d63b-a906-8000-7288-010000010000_702 Processing reference: ContentRole[name=denyAdministrators,inherit=false,allowForAll=false]
2019-11-08 14:10:07.109 DEBUG content 5793 _a-0000d63b-a906-8000-7288-010000010000_702 Completing produce.
2019-11-08 14:10:07.109 DEBUG content 5793 _a-0000d63b-a906-8000-7288-010000010000_702 Exporting binary resources.
2019-11-08 14:10:07.119 DEBUG content 5793 _a-0000d63b-a906-8000-7288-010000010000_702 Serializing object to XML.
2019-11-08 14:10:07.123 DEBUG content 5793 _a-0000d63b-a906-8000-7288-010000010000_702 Object transported.
2019-11-08 14:10:07.123 DEBUG content 5794 0059d137-f5f5-8000-f11f-75fb5175fb51 Begin transport.
2019-11-08 14:10:07.123 DEBUG content 5794 0059d137-f5f5-8000-f11f-75fb5175fb51 Retrieving object data.
2019-11-08 14:10:07.134 DEBUG content 5794 0059d137-f5f5-8000-f11f-75fb5175fb51 Setting uuids of object references.
2019-11-08 14:10:07.134 DEBUG content 5794 0059d137-f5f5-8000-f11f-75fb5175fb51 Processing reference: Document.forum
2019-11-08 14:10:07.134 DEBUG content 5794 0059d137-f5f5-8000-f11f-75fb5175fb51 Processing reference: Document.parent
2019-11-08 14:10:07.137 DEBUG content 5794 0059d137-f5f5-8000-f11f-75fb5175fb51 Processing reference: com.appiancorp.suiteapi.content.ContentRoleMap@233e3c73[
  ContentRole[name=readers,inherit=true,allowForAll=false]
  ContentRole[name=authors,inherit=true,allowForAll=false]
  ContentRole[name=administrators,usernames=[Administrator],inherit=true,allowForAll=false]
  ContentRole[name=denyReaders,inherit=false,allowForAll=false]
  ContentRole[name=denyAuthors,inherit=false,allowForAll=false]
  ContentRole[name=denyAdministrators,inherit=false,allowForAll=false]
  securityVector=143:SEC_PUBLIC=true,SEC_CREATOR_ADMIN=true,SEC_INH_ADMIN=true,SEC_INH_EDITOR=true,SEC_INH_VIEWER=true,SEC_ALL_ADMIN=false,SEC_ALL_EDITOR=false,SEC_ALL_VIEWER=false
]
2019-11-08 14:10:07.137 DEBUG content 5794 0059d137-f5f5-8000-f11f-75fb5175fb51 Processing reference: ContentRole[name=readers,inherit=true,allowForAll=false]
2019-11-08 14:10:07.137 DEBUG content 5794 0059d137-f5f5-8000-f11f-75fb5175fb51 Processing reference: ContentRole[name=authors,inherit=true,allowForAll=false]
2019-11-08 14:10:07.137 DEBUG content 5794 0059d137-f5f5-8000-f11f-75fb5175fb51 Processing reference: ContentRole[name=administrators,usernames=[Administrator],inherit=true,allowForAll=false]
2019-11-08 14:10:07.138 DEBUG content 5794 0059d137-f5f5-8000-f11f-75fb5175fb51 Processing reference: ContentRole[name=denyReaders,inherit=false,allowForAll=false]
2019-11-08 14:10:07.138 DEBUG content 5794 0059d137-f5f5-8000-f11f-75fb5175fb51 Processing reference: ContentRole[name=denyAuthors,inherit=false,allowForAll=false]
2019-11-08 14:10:07.138 DEBUG content 5794 0059d137-f5f5-8000-f11f-75fb5175fb51 Processing reference: ContentRole[name=denyAdministrators,inherit=false,allowForAll=false]
2019-11-08 14:10:07.138 DEBUG content 5794 0059d137-f5f5-8000-f11f-75fb5175fb51 Completing produce.
2019-11-08 14:10:07.138 DEBUG content 5794 0059d137-f5f5-8000-f11f-75fb5175fb51 Exporting binary resources.
2019-11-08 14:10:07.147 DEBUG content 5794 0059d137-f5f5-8000-f11f-75fb5175fb51 Serializing object to XML.
2019-11-08 14:10:07.151 DEBUG content 5794 0059d137-f5f5-8000-f11f-75fb5175fb51 Object transported.
2019-11-08 14:10:07.151 DEBUG content 5795 _a-0000d657-64e3-8000-e359-010000010000_762 Begin transport.
2019-11-08 14:10:07.151 DEBUG content 5795 _a-0000d657-64e3-8000-e359-010000010000_762 Retrieving object data.
2019-11-08 14:10:07.161 DEBUG content 5795 _a-0000d657-64e3-8000-e359-010000010000_762 Setting uuids of object references.
2019-11-08 14:10:07.161 DEBUG content 5795 _a-0000d657-64e3-8000-e359-010000010000_762 Processing reference: Document.forum
2019-11-08 14:10:07.162 DEBUG content 5795 _a-0000d657-64e3-8000-e359-010000010000_762 Processing reference: Document.parent
2019-11-08 14:10:07.165 DEBUG content 5795 _a-0000d657-64e3-8000-e359-010000010000_762 Processing reference: com.appiancorp.suiteapi.content.ContentRoleMap@5a29c438[
  ContentRole[name=readers,inherit=true,allowForAll=false]
  ContentRole[name=authors,inherit=true,allowForAll=false]
  ContentRole[name=administrators,usernames=[Administrator],inherit=true,allowForAll=false]
  ContentRole[name=denyReaders,inherit=false,allowForAll=false]
  ContentRole[name=denyAuthors,inherit=false,allowForAll=false]
  ContentRole[name=denyAdministrators,inherit=false,allowForAll=false]
  securityVector=143:SEC_PUBLIC=true,SEC_CREATOR_ADMIN=true,SEC_INH_ADMIN=true,SEC_INH_EDITOR=true,SEC_INH_VIEWER=true,SEC_ALL_ADMIN=false,SEC_ALL_EDITOR=false,SEC_ALL_VIEWER=false
]
2019-11-08 14:10:07.165 DEBUG content 5795 _a-0000d657-64e3-8000-e359-010000010000_762 Processing reference: ContentRole[name=readers,inherit=true,allowForAll=false]
2019-11-08 14:10:07.166 DEBUG content 5795 _a-0000d657-64e3-8000-e359-010000010000_762 Processing reference: ContentRole[name=authors,inherit=true,allowForAll=false]
2019-11-08 14:10:07.166 DEBUG content 5795 _a-0000d657-64e3-8000-e359-010000010000_762 Processing reference: ContentRole[name=administrators,usernames=[Administrator],inherit=true,allowForAll=false]
2019-11-08 14:10:07.167 DEBUG content 5795 _a-0000d657-64e3-8000-e359-010000010000_762 Processing reference: ContentRole[name=denyReaders,inherit=false,allowForAll=false]
2019-11-08 14:10:07.167 DEBUG content 5795 _a-0000d657-64e3-8000-e359-010000010000_762 Processing reference: ContentRole[name=denyAuthors,inherit=false,allowForAll=false]
2019-11-08 14:10:07.167 DEBUG content 5795 _a-0000d657-64e3-8000-e359-010000010000_762 Processing reference: ContentRole[name=denyAdministrators,inherit=false,allowForAll=false]
2019-11-08 14:10:07.167 DEBUG content 5795 _a-0000d657-64e3-8000-e359-010000010000_762 Completing produce.
2019-11-08 14:10:07.167 DEBUG content 5795 _a-0000d657-64e3-8000-e359-010000010000_762 Exporting binary resources.
2019-11-08 14:10:07.178 DEBUG content 5795 _a-0000d657-64e3-8000-e359-010000010000_762 Serializing object to XML.
2019-11-08 14:10:07.18 DEBUG content 5795 _a-0000d657-64e3-8000-e359-010000010000_762 Object transported.
2019-11-08 14:10:07.18 DEBUG content 5796 _636f6e74656e74-0000d16e-98b7-8000-1d21-01000001000000000000231 Begin transport.
2019-11-08 14:10:07.18 DEBUG content 5796 _636f6e74656e74-0000d16e-98b7-8000-1d21-01000001000000000000231 Retrieving object data.
2019-11-08 14:10:07.19 DEBUG content 5796 _636f6e74656e74-0000d16e-98b7-8000-1d21-01000001000000000000231 Setting uuids of object references.
2019-11-08 14:10:07.19 DEBUG content 5796 _636f6e74656e74-0000d16e-98b7-8000-1d21-01000001000000000000231 Processing reference: Document.forum
2019-11-08 14:10:07.191 DEBUG content 5796 _636f6e74656e74-0000d16e-98b7-8000-1d21-01000001000000000000231 Processing reference: Document.parent
2019-11-08 14:10:07.194 DEBUG content 5796 _636f6e74656e74-0000d16e-98b7-8000-1d21-01000001000000000000231 Processing reference: com.appiancorp.suiteapi.content.ContentRoleMap@62cc294d[
  ContentRole[name=readers,inherit=true,allowForAll=false]
  ContentRole[name=authors,inherit=true,allowForAll=false]
  ContentRole[name=administrators,usernames=[Administrator],inherit=true,allowForAll=false]
  ContentRole[name=denyReaders,inherit=false,allowForAll=false]
  ContentRole[name=denyAuthors,inherit=false,allowForAll=false]
  ContentRole[name=denyAdministrators,inherit=false,allowForAll=false]
  securityVector=143:SEC_PUBLIC=true,SEC_CREATOR_ADMIN=true,SEC_INH_ADMIN=true,SEC_INH_EDITOR=true,SEC_INH_VIEWER=true,SEC_ALL_ADMIN=false,SEC_ALL_EDITOR=false,SEC_ALL_VIEWER=false
]
2019-11-08 14:10:07.194 DEBUG content 5796 _636f6e74656e74-0000d16e-98b7-8000-1d21-01000001000000000000231 Processing reference: ContentRole[name=readers,inherit=true,allowForAll=false]
2019-11-08 14:10:07.194 DEBUG content 5796 _636f6e74656e74-0000d16e-98b7-8000-1d21-01000001000000000000231 Processing reference: ContentRole[name=authors,inherit=true,allowForAll=false]
2019-11-08 14:10:07.194 DEBUG content 5796 _636f6e74656e74-0000d16e-98b7-8000-1d21-01000001000000000000231 Processing reference: ContentRole[name=administrators,usernames=[Administrator],inherit=true,allowForAll=false]
2019-11-08 14:10:07.197 DEBUG content 5796 _636f6e74656e74-0000d16e-98b7-8000-1d21-01000001000000000000231 Processing reference: ContentRole[name=denyReaders,inherit=false,allowForAll=false]
2019-11-08 14:10:07.197 DEBUG content 5796 _636f6e74656e74-0000d16e-98b7-8000-1d21-01000001000000000000231 Processing reference: ContentRole[name=denyAuthors,inherit=false,allowForAll=false]
2019-11-08 14:10:07.197 DEBUG content 5796 _636f6e74656e74-0000d16e-98b7-8000-1d21-01000001000000000000231 Processing reference: ContentRole[name=denyAdministrators,inherit=false,allowForAll=false]
2019-11-08 14:10:07.197 DEBUG content 5796 _636f6e74656e74-0000d16e-98b7-8000-1d21-01000001000000000000231 Completing produce.
2019-11-08 14:10:07.197 DEBUG content 5796 _636f6e74656e74-0000d16e-98b7-8000-1d21-01000001000000000000231 Exporting binary resources.
2019-11-08 14:10:07.205 DEBUG content 5796 _636f6e74656e74-0000d16e-98b7-8000-1d21-01000001000000000000231 Serializing object to XML.
2019-11-08 14:10:07.208 DEBUG content 5796 _636f6e74656e74-0000d16e-98b7-8000-1d21-01000001000000000000231 Object transported.
2019-11-08 14:10:07.208 DEBUG content 5797 0015d137-f5f5-8000-f11f-75fb5175fb51 Begin transport.
2019-11-08 14:10:07.208 DEBUG content 5797 0015d137-f5f5-8000-f11f-75fb5175fb51 Retrieving object data.
2019-11-08 14:10:07.217 DEBUG content 5797 0015d137-f5f5-8000-f11f-75fb5175fb51 Setting uuids of object references.
2019-11-08 14:10:07.217 DEBUG content 5797 0015d137-f5f5-8000-f11f-75fb5175fb51 Processing reference: Document.forum
2019-11-08 14:10:07.217 DEBUG content 5797 0015d137-f5f5-8000-f11f-75fb5175fb51 Processing reference: Document.parent
2019-11-08 14:10:07.22 DEBUG content 5797 0015d137-f5f5-8000-f11f-75fb5175fb51 Processing reference: com.appiancorp.suiteapi.content.ContentRoleMap@1ac79078[
  ContentRole[name=readers,inherit=true,allowForAll=false]
  ContentRole[name=authors,inherit=true,allowForAll=false]
  ContentRole[name=administrators,usernames=[Administrator],inherit=true,allowForAll=false]
  ContentRole[name=denyReaders,inherit=false,allowForAll=false]
  ContentRole[name=denyAuthors,inherit=false,allowForAll=false]
  ContentRole[name=denyAdministrators,inherit=false,allowForAll=false]
  securityVector=143:SEC_PUBLIC=true,SEC_CREATOR_ADMIN=true,SEC_INH_ADMIN=true,SEC_INH_EDITOR=true,SEC_INH_VIEWER=true,SEC_ALL_ADMIN=false,SEC_ALL_EDITOR=false,SEC_ALL_VIEWER=false
]
2019-11-08 14:10:07.22 DEBUG content 5797 0015d137-f5f5-8000-f11f-75fb5175fb51 Processing reference: ContentRole[name=readers,inherit=true,allowForAll=false]
2019-11-08 14:10:07.22 DEBUG content 5797 0015d137-f5f5-8000-f11f-75fb5175fb51 Processing reference: ContentRole[name=authors,inherit=true,allowForAll=false]
2019-11-08 14:10:07.22 DEBUG content 5797 0015d137-f5f5-8000-f11f-75fb5175fb51 Processing reference: ContentRole[name=administrators,usernames=[Administrator],inherit=true,allowForAll=false]
2019-11-08 14:10:07.221 DEBUG content 5797 0015d137-f5f5-8000-f11f-75fb5175fb51 Processing reference: ContentRole[name=denyReaders,inherit=false,allowForAll=false]
2019-11-08 14:10:07.221 DEBUG content 5797 0015d137-f5f5-8000-f11f-75fb5175fb51 Processing reference: ContentRole[name=denyAuthors,inherit=false,allowForAll=false]
2019-11-08 14:10:07.221 DEBUG content 5797 0015d137-f5f5-8000-f11f-75fb5175fb51 Processing reference: ContentRole[name=denyAdministrators,inherit=false,allowForAll=false]
2019-11-08 14:10:07.222 DEBUG content 5797 0015d137-f5f5-8000-f11f-75fb5175fb51 Completing produce.
2019-11-08 14:10:07.222 DEBUG content 5797 0015d137-f5f5-8000-f11f-75fb5175fb51 Exporting binary resources.
2019-11-08 14:10:07.234 DEBUG content 5797 0015d137-f5f5-8000-f11f-75fb5175fb51 Serializing object to XML.
2019-11-08 14:10:07.238 DEBUG content 5797 0015d137-f5f5-8000-f11f-75fb5175fb51 Object transported.
2019-11-08 14:10:07.238 DEBUG content 5798 _636f6e74656e74-0000d16e-98b7-8000-1d21-01000001000000000000242 Begin transport.
2019-11-08 14:10:07.238 DEBUG content 5798 _636f6e74656e74-0000d16e-98b7-8000-1d21-01000001000000000000242 Retrieving object data.
2019-11-08 14:10:07.248 DEBUG content 5798 _636f6e74656e74-0000d16e-98b7-8000-1d21-01000001000000000000242 Setting uuids of object references.
2019-11-08 14:10:07.248 DEBUG content 5798 _636f6e74656e74-0000d16e-98b7-8000-1d21-01000001000000000000242 Processing reference: Document.forum
2019-11-08 14:10:07.248 DEBUG content 5798 _636f6e74656e74-0000d16e-98b7-8000-1d21-01000001000000000000242 Processing reference: Document.parent
2019-11-08 14:10:07.251 DEBUG content 5798 _636f6e74656e74-0000d16e-98b7-8000-1d21-01000001000000000000242 Processing reference: com.appiancorp.suiteapi.content.ContentRoleMap@7f1bd748[
  ContentRole[name=readers,inherit=true,allowForAll=false]
  ContentRole[name=authors,inherit=true,allowForAll=false]
  ContentRole[name=administrators,usernames=[Administrator],inherit=true,allowForAll=false]
  ContentRole[name=denyReaders,inherit=false,allowForAll=false]
  ContentRole[name=denyAuthors,inherit=false,allowForAll=false]
  ContentRole[name=denyAdministrators,inherit=false,allowForAll=false]
  securityVector=143:SEC_PUBLIC=true,SEC_CREATOR_ADMIN=true,SEC_INH_ADMIN=true,SEC_INH_EDITOR=true,SEC_INH_VIEWER=true,SEC_ALL_ADMIN=false,SEC_ALL_EDITOR=false,SEC_ALL_VIEWER=false
]
2019-11-08 14:10:07.251 DEBUG content 5798 _636f6e74656e74-0000d16e-98b7-8000-1d21-01000001000000000000242 Processing reference: ContentRole[name=readers,inherit=true,allowForAll=false]
2019-11-08 14:10:07.251 DEBUG content 5798 _636f6e74656e74-0000d16e-98b7-8000-1d21-01000001000000000000242 Processing reference: ContentRole[name=authors,inherit=true,allowForAll=false]
2019-11-08 14:10:07.251 DEBUG content 5798 _636f6e74656e74-0000d16e-98b7-8000-1d21-01000001000000000000242 Processing reference: ContentRole[name=administrators,usernames=[Administrator],inherit=true,allowForAll=false]
2019-11-08 14:10:07.252 DEBUG content 5798 _636f6e74656e74-0000d16e-98b7-8000-1d21-01000001000000000000242 Processing reference: ContentRole[name=denyReaders,inherit=false,allowForAll=false]
2019-11-08 14:10:07.252 DEBUG content 5798 _636f6e74656e74-0000d16e-98b7-8000-1d21-01000001000000000000242 Processing reference: ContentRole[name=denyAuthors,inherit=false,allowForAll=false]
2019-11-08 14:10:07.252 DEBUG content 5798 _636f6e74656e74-0000d16e-98b7-8000-1d21-01000001000000000000242 Processing reference: ContentRole[name=denyAdministrators,inherit=false,allowForAll=false]
2019-11-08 14:10:07.252 DEBUG content 5798 _636f6e74656e74-0000d16e-98b7-8000-1d21-01000001000000000000242 Completing produce.
2019-11-08 14:10:07.252 DEBUG content 5798 _636f6e74656e74-0000d16e-98b7-8000-1d21-01000001000000000000242 Exporting binary resources.
2019-11-08 14:10:07.26 DEBUG content 5798 _636f6e74656e74-0000d16e-98b7-8000-1d21-01000001000000000000242 Serializing object to XML.
2019-11-08 14:10:07.264 DEBUG content 5798 _636f6e74656e74-0000d16e-98b7-8000-1d21-01000001000000000000242 Object transported.
2019-11-08 14:10:07.264 DEBUG content 5799 0006d137-f5f5-8000-f11f-75fb5175fb51 Begin transport.
2019-11-08 14:10:07.264 DEBUG content 5799 0006d137-f5f5-8000-f11f-75fb5175fb51 Retrieving object data.
2019-11-08 14:10:07.273 DEBUG content 5799 0006d137-f5f5-8000-f11f-75fb5175fb51 Setting uuids of object references.
2019-11-08 14:10:07.273 DEBUG content 5799 0006d137-f5f5-8000-f11f-75fb5175fb51 Processing reference: Document.forum
2019-11-08 14:10:07.274 DEBUG content 5799 0006d137-f5f5-8000-f11f-75fb5175fb51 Processing reference: Document.parent
2019-11-08 14:10:07.277 DEBUG content 5799 0006d137-f5f5-8000-f11f-75fb5175fb51 Processing reference: com.appiancorp.suiteapi.content.ContentRoleMap@5ddc8b93[
  ContentRole[name=readers,inherit=true,allowForAll=false]
  ContentRole[name=authors,inherit=true,allowForAll=false]
  ContentRole[name=administrators,usernames=[Administrator],inherit=true,allowForAll=false]
  ContentRole[name=denyReaders,inherit=false,allowForAll=false]
  ContentRole[name=denyAuthors,inherit=false,allowForAll=false]
  ContentRole[name=denyAdministrators,inherit=false,allowForAll=false]
  securityVector=143:SEC_PUBLIC=true,SEC_CREATOR_ADMIN=true,SEC_INH_ADMIN=true,SEC_INH_EDITOR=true,SEC_INH_VIEWER=true,SEC_ALL_ADMIN=false,SEC_ALL_EDITOR=false,SEC_ALL_VIEWER=false
]
2019-11-08 14:10:07.277 DEBUG content 5799 0006d137-f5f5-8000-f11f-75fb5175fb51 Processing reference: ContentRole[name=readers,inherit=true,allowForAll=false]
2019-11-08 14:10:07.277 DEBUG content 5799 0006d137-f5f5-8000-f11f-75fb5175fb51 Processing reference: ContentRole[name=authors,inherit=true,allowForAll=false]
2019-11-08 14:10:07.277 DEBUG content 5799 0006d137-f5f5-8000-f11f-75fb5175fb51 Processing reference: ContentRole[name=administrators,usernames=[Administrator],inherit=true,allowForAll=false]
2019-11-08 14:10:07.278 DEBUG content 5799 0006d137-f5f5-8000-f11f-75fb5175fb51 Processing reference: ContentRole[name=denyReaders,inherit=false,allowForAll=false]
2019-11-08 14:10:07.278 DEBUG content 5799 0006d137-f5f5-8000-f11f-75fb5175fb51 Processing reference: ContentRole[name=denyAuthors,inherit=false,allowForAll=false]
2019-11-08 14:10:07.278 DEBUG content 5799 0006d137-f5f5-8000-f11f-75fb5175fb51 Processing reference: ContentRole[name=denyAdministrators,inherit=false,allowForAll=false]
2019-11-08 14:10:07.278 DEBUG content 5799 0006d137-f5f5-8000-f11f-75fb5175fb51 Completing produce.
2019-11-08 14:10:07.278 DEBUG content 5799 0006d137-f5f5-8000-f11f-75fb5175fb51 Exporting binary resources.
2019-11-08 14:10:07.289 DEBUG content 5799 0006d137-f5f5-8000-f11f-75fb5175fb51 Serializing object to XML.
2019-11-08 14:10:07.293 DEBUG content 5799 0006d137-f5f5-8000-f11f-75fb5175fb51 Object transported.
2019-11-08 14:10:07.293 DEBUG content 5800 0043d137-f5f5-8000-f11f-75fb5175fb51 Begin transport.
2019-11-08 14:10:07.293 DEBUG content 5800 0043d137-f5f5-8000-f11f-75fb5175fb51 Retrieving object data.
2019-11-08 14:10:07.302 DEBUG content 5800 0043d137-f5f5-8000-f11f-75fb5175fb51 Setting uuids of object references.
2019-11-08 14:10:07.303 DEBUG content 5800 0043d137-f5f5-8000-f11f-75fb5175fb51 Processing reference: Document.forum
2019-11-08 14:10:07.303 DEBUG content 5800 0043d137-f5f5-8000-f11f-75fb5175fb51 Processing reference: Document.parent
2019-11-08 14:10:07.306 DEBUG content 5800 0043d137-f5f5-8000-f11f-75fb5175fb51 Processing reference: com.appiancorp.suiteapi.content.ContentRoleMap@151da923[
  ContentRole[name=readers,inherit=true,allowForAll=false]
  ContentRole[name=authors,inherit=true,allowForAll=false]
  ContentRole[name=administrators,usernames=[Administrator],inherit=true,allowForAll=false]
  ContentRole[name=denyReaders,inherit=false,allowForAll=false]
  ContentRole[name=denyAuthors,inherit=false,allowForAll=false]
  ContentRole[name=denyAdministrators,inherit=false,allowForAll=false]
  securityVector=143:SEC_PUBLIC=true,SEC_CREATOR_ADMIN=true,SEC_INH_ADMIN=true,SEC_INH_EDITOR=true,SEC_INH_VIEWER=true,SEC_ALL_ADMIN=false,SEC_ALL_EDITOR=false,SEC_ALL_VIEWER=false
]
2019-11-08 14:10:07.306 DEBUG content 5800 0043d137-f5f5-8000-f11f-75fb5175fb51 Processing reference: ContentRole[name=readers,inherit=true,allowForAll=false]
2019-11-08 14:10:07.306 DEBUG content 5800 0043d137-f5f5-8000-f11f-75fb5175fb51 Processing reference: ContentRole[name=authors,inherit=true,allowForAll=false]
2019-11-08 14:10:07.306 DEBUG content 5800 0043d137-f5f5-8000-f11f-75fb5175fb51 Processing reference: ContentRole[name=administrators,usernames=[Administrator],inherit=true,allowForAll=false]
2019-11-08 14:10:07.307 DEBUG content 5800 0043d137-f5f5-8000-f11f-75fb5175fb51 Processing reference: ContentRole[name=denyReaders,inherit=false,allowForAll=false]
2019-11-08 14:10:07.307 DEBUG content 5800 0043d137-f5f5-8000-f11f-75fb5175fb51 Processing reference: ContentRole[name=denyAuthors,inherit=false,allowForAll=false]
2019-11-08 14:10:07.307 DEBUG content 5800 0043d137-f5f5-8000-f11f-75fb5175fb51 Processing reference: ContentRole[name=denyAdministrators,inherit=false,allowForAll=false]
2019-11-08 14:10:07.307 DEBUG content 5800 0043d137-f5f5-8000-f11f-75fb5175fb51 Completing produce.
2019-11-08 14:10:07.307 DEBUG content 5800 0043d137-f5f5-8000-f11f-75fb5175fb51 Exporting binary resources.
2019-11-08 14:10:07.318 DEBUG content 5800 0043d137-f5f5-8000-f11f-75fb5175fb51 Serializing object to XML.
2019-11-08 14:10:07.321 DEBUG content 5800 0043d137-f5f5-8000-f11f-75fb5175fb51 Object transported.
2019-11-08 14:10:07.321 DEBUG content 5801 0034d137-f5f5-8000-f11f-75fb5175fb51 Begin transport.
2019-11-08 14:10:07.321 DEBUG content 5801 0034d137-f5f5-8000-f11f-75fb5175fb51 Retrieving object data.
2019-11-08 14:10:07.33 DEBUG content 5801 0034d137-f5f5-8000-f11f-75fb5175fb51 Setting uuids of object references.
2019-11-08 14:10:07.33 DEBUG content 5801 0034d137-f5f5-8000-f11f-75fb5175fb51 Processing reference: Document.forum
2019-11-08 14:10:07.331 DEBUG content 5801 0034d137-f5f5-8000-f11f-75fb5175fb51 Processing reference: Document.parent
2019-11-08 14:10:07.334 DEBUG content 5801 0034d137-f5f5-8000-f11f-75fb5175fb51 Processing reference: com.appiancorp.suiteapi.content.ContentRoleMap@5e94ea50[
  ContentRole[name=readers,inherit=true,allowForAll=false]
  ContentRole[name=authors,inherit=true,allowForAll=false]
  ContentRole[name=administrators,usernames=[Administrator],inherit=true,allowForAll=false]
  ContentRole[name=denyReaders,inherit=false,allowForAll=false]
  ContentRole[name=denyAuthors,inherit=false,allowForAll=false]
  ContentRole[name=denyAdministrators,inherit=false,allowForAll=false]
  securityVector=143:SEC_PUBLIC=true,SEC_CREATOR_ADMIN=true,SEC_INH_ADMIN=true,SEC_INH_EDITOR=true,SEC_INH_VIEWER=true,SEC_ALL_ADMIN=false,SEC_ALL_EDITOR=false,SEC_ALL_VIEWER=false
]
2019-11-08 14:10:07.334 DEBUG content 5801 0034d137-f5f5-8000-f11f-75fb5175fb51 Processing reference: ContentRole[name=readers,inherit=true,allowForAll=false]
2019-11-08 14:10:07.334 DEBUG content 5801 0034d137-f5f5-8000-f11f-75fb5175fb51 Processing reference: ContentRole[name=authors,inherit=true,allowForAll=false]
2019-11-08 14:10:07.334 DEBUG content 5801 0034d137-f5f5-8000-f11f-75fb5175fb51 Processing reference: ContentRole[name=administrators,usernames=[Administrator],inherit=true,allowForAll=false]
2019-11-08 14:10:07.335 DEBUG content 5801 0034d137-f5f5-8000-f11f-75fb5175fb51 Processing reference: ContentRole[name=denyReaders,inherit=false,allowForAll=false]
2019-11-08 14:10:07.335 DEBUG content 5801 0034d137-f5f5-8000-f11f-75fb5175fb51 Processing reference: ContentRole[name=denyAuthors,inherit=false,allowForAll=false]
2019-11-08 14:10:07.335 DEBUG content 5801 0034d137-f5f5-8000-f11f-75fb5175fb51 Processing reference: ContentRole[name=denyAdministrators,inherit=false,allowForAll=false]
2019-11-08 14:10:07.335 DEBUG content 5801 0034d137-f5f5-8000-f11f-75fb5175fb51 Completing produce.
2019-11-08 14:10:07.336 DEBUG content 5801 0034d137-f5f5-8000-f11f-75fb5175fb51 Exporting binary resources.
2019-11-08 14:10:07.344 DEBUG content 5801 0034d137-f5f5-8000-f11f-75fb5175fb51 Serializing object to XML.
2019-11-08 14:10:07.347 DEBUG content 5801 0034d137-f5f5-8000-f11f-75fb5175fb51 Object transported.
2019-11-08 14:10:07.347 DEBUG content 5802 _a-0001daf6-194e-8000-194e-0d00000d0000_3626 Begin transport.
2019-11-08 14:10:07.347 DEBUG content 5802 _a-0001daf6-194e-8000-194e-0d00000d0000_3626 Retrieving object data.
2019-11-08 14:10:07.356 DEBUG content 5802 _a-0001daf6-194e-8000-194e-0d00000d0000_3626 Setting uuids of object references.
2019-11-08 14:10:07.356 DEBUG content 5802 _a-0001daf6-194e-8000-194e-0d00000d0000_3626 Processing reference: Document.forum
2019-11-08 14:10:07.357 DEBUG content 5802 _a-0001daf6-194e-8000-194e-0d00000d0000_3626 Processing reference: Document.parent
2019-11-08 14:10:07.36 DEBUG content 5802 _a-0001daf6-194e-8000-194e-0d00000d0000_3626 Processing reference: com.appiancorp.suiteapi.content.ContentRoleMap@5e7f96e6[
  ContentRole[name=readers,inherit=true,allowForAll=false]
  ContentRole[name=authors,inherit=true,allowForAll=false]
  ContentRole[name=administrators,usernames=[Administrator],inherit=true,allowForAll=false]
  ContentRole[name=denyReaders,inherit=false,allowForAll=false]
  ContentRole[name=denyAuthors,inherit=false,allowForAll=false]
  ContentRole[name=denyAdministrators,inherit=false,allowForAll=false]
  securityVector=143:SEC_PUBLIC=true,SEC_CREATOR_ADMIN=true,SEC_INH_ADMIN=true,SEC_INH_EDITOR=true,SEC_INH_VIEWER=true,SEC_ALL_ADMIN=false,SEC_ALL_EDITOR=false,SEC_ALL_VIEWER=false
]
2019-11-08 14:10:07.36 DEBUG content 5802 _a-0001daf6-194e-8000-194e-0d00000d0000_3626 Processing reference: ContentRole[name=readers,inherit=true,allowForAll=false]
2019-11-08 14:10:07.36 DEBUG content 5802 _a-0001daf6-194e-8000-194e-0d00000d0000_3626 Processing reference: ContentRole[name=authors,inherit=true,allowForAll=false]
2019-11-08 14:10:07.36 DEBUG content 5802 _a-0001daf6-194e-8000-194e-0d00000d0000_3626 Processing reference: ContentRole[name=administrators,usernames=[Administrator],inherit=true,allowForAll=false]
2019-11-08 14:10:07.361 DEBUG content 5802 _a-0001daf6-194e-8000-194e-0d00000d0000_3626 Processing reference: ContentRole[name=denyReaders,inherit=false,allowForAll=false]
2019-11-08 14:10:07.361 DEBUG content 5802 _a-0001daf6-194e-8000-194e-0d00000d0000_3626 Processing reference: ContentRole[name=denyAuthors,inherit=false,allowForAll=false]
2019-11-08 14:10:07.361 DEBUG content 5802 _a-0001daf6-194e-8000-194e-0d00000d0000_3626 Processing reference: ContentRole[name=denyAdministrators,inherit=false,allowForAll=false]
2019-11-08 14:10:07.361 DEBUG content 5802 _a-0001daf6-194e-8000-194e-0d00000d0000_3626 Completing produce.
2019-11-08 14:10:07.361 DEBUG content 5802 _a-0001daf6-194e-8000-194e-0d00000d0000_3626 Exporting binary resources.
2019-11-08 14:10:07.37 DEBUG content 5802 _a-0001daf6-194e-8000-194e-0d00000d0000_3626 Serializing object to XML.
2019-11-08 14:10:07.385 DEBUG content 5802 _a-0001daf6-194e-8000-194e-0d00000d0000_3626 Object transported.
2019-11-08 14:10:07.385 DEBUG content 5803 0053d137-f5f5-8000-f11f-75fb5175fb51 Begin transport.
2019-11-08 14:10:07.385 DEBUG content 5803 0053d137-f5f5-8000-f11f-75fb5175fb51 Retrieving object data.
2019-11-08 14:10:07.395 DEBUG content 5803 0053d137-f5f5-8000-f11f-75fb5175fb51 Setting uuids of object references.
2019-11-08 14:10:07.395 DEBUG content 5803 0053d137-f5f5-8000-f11f-75fb5175fb51 Processing reference: Document.forum
2019-11-08 14:10:07.396 DEBUG content 5803 0053d137-f5f5-8000-f11f-75fb5175fb51 Processing reference: Document.parent
2019-11-08 14:10:07.399 DEBUG content 5803 0053d137-f5f5-8000-f11f-75fb5175fb51 Processing reference: com.appiancorp.suiteapi.content.ContentRoleMap@bef4b35[
  ContentRole[name=readers,inherit=true,allowForAll=false]
  ContentRole[name=authors,inherit=true,allowForAll=false]
  ContentRole[name=administrators,usernames=[Administrator],inherit=true,allowForAll=false]
  ContentRole[name=denyReaders,inherit=false,allowForAll=false]
  ContentRole[name=denyAuthors,inherit=false,allowForAll=false]
  ContentRole[name=denyAdministrators,inherit=false,allowForAll=false]
  securityVector=143:SEC_PUBLIC=true,SEC_CREATOR_ADMIN=true,SEC_INH_ADMIN=true,SEC_INH_EDITOR=true,SEC_INH_VIEWER=true,SEC_ALL_ADMIN=false,SEC_ALL_EDITOR=false,SEC_ALL_VIEWER=false
]
2019-11-08 14:10:07.399 DEBUG content 5803 0053d137-f5f5-8000-f11f-75fb5175fb51 Processing reference: ContentRole[name=readers,inherit=true,allowForAll=false]
2019-11-08 14:10:07.399 DEBUG content 5803 0053d137-f5f5-8000-f11f-75fb5175fb51 Processing reference: ContentRole[name=authors,inherit=true,allowForAll=false]
2019-11-08 14:10:07.399 DEBUG content 5803 0053d137-f5f5-8000-f11f-75fb5175fb51 Processing reference: ContentRole[name=administrators,usernames=[Administrator],inherit=true,allowForAll=false]
2019-11-08 14:10:07.4 DEBUG content 5803 0053d137-f5f5-8000-f11f-75fb5175fb51 Processing reference: ContentRole[name=denyReaders,inherit=false,allowForAll=false]
2019-11-08 14:10:07.4 DEBUG content 5803 0053d137-f5f5-8000-f11f-75fb5175fb51 Processing reference: ContentRole[name=denyAuthors,inherit=false,allowForAll=false]
2019-11-08 14:10:07.4 DEBUG content 5803 0053d137-f5f5-8000-f11f-75fb5175fb51 Processing reference: ContentRole[name=denyAdministrators,inherit=false,allowForAll=false]
2019-11-08 14:10:07.4 DEBUG content 5803 0053d137-f5f5-8000-f11f-75fb5175fb51 Completing produce.
2019-11-08 14:10:07.4 DEBUG content 5803 0053d137-f5f5-8000-f11f-75fb5175fb51 Exporting binary resources.
2019-11-08 14:10:07.411 DEBUG content 5803 0053d137-f5f5-8000-f11f-75fb5175fb51 Serializing object to XML.
2019-11-08 14:10:07.414 DEBUG content 5803 0053d137-f5f5-8000-f11f-75fb5175fb51 Object transported.
2019-11-08 14:10:07.414 DEBUG content 5804 0040d137-f5f5-8000-f11f-75fb5175fb51 Begin transport.
2019-11-08 14:10:07.414 DEBUG content 5804 0040d137-f5f5-8000-f11f-75fb5175fb51 Retrieving object data.
2019-11-08 14:10:07.423 DEBUG content 5804 0040d137-f5f5-8000-f11f-75fb5175fb51 Setting uuids of object references.
2019-11-08 14:10:07.423 DEBUG content 5804 0040d137-f5f5-8000-f11f-75fb5175fb51 Processing reference: Document.forum
2019-11-08 14:10:07.424 DEBUG content 5804 0040d137-f5f5-8000-f11f-75fb5175fb51 Processing reference: Document.parent
2019-11-08 14:10:07.427 DEBUG content 5804 0040d137-f5f5-8000-f11f-75fb5175fb51 Processing reference: com.appiancorp.suiteapi.content.ContentRoleMap@5dadb520[
  ContentRole[name=readers,inherit=true,allowForAll=false]
  ContentRole[name=authors,inherit=true,allowForAll=false]
  ContentRole[name=administrators,usernames=[Administrator],inherit=true,allowForAll=false]
  ContentRole[name=denyReaders,inherit=false,allowForAll=false]
  ContentRole[name=denyAuthors,inherit=false,allowForAll=false]
  ContentRole[name=denyAdministrators,inherit=false,allowForAll=false]
  securityVector=143:SEC_PUBLIC=true,SEC_CREATOR_ADMIN=true,SEC_INH_ADMIN=true,SEC_INH_EDITOR=true,SEC_INH_VIEWER=true,SEC_ALL_ADMIN=false,SEC_ALL_EDITOR=false,SEC_ALL_VIEWER=false
]
2019-11-08 14:10:07.427 DEBUG content 5804 0040d137-f5f5-8000-f11f-75fb5175fb51 Processing reference: ContentRole[name=readers,inherit=true,allowForAll=false]
2019-11-08 14:10:07.427 DEBUG content 5804 0040d137-f5f5-8000-f11f-75fb5175fb51 Processing reference: ContentRole[name=authors,inherit=true,allowForAll=false]
2019-11-08 14:10:07.427 DEBUG content 5804 0040d137-f5f5-8000-f11f-75fb5175fb51 Processing reference: ContentRole[name=administrators,usernames=[Administrator],inherit=true,allowForAll=false]
2019-11-08 14:10:07.428 DEBUG content 5804 0040d137-f5f5-8000-f11f-75fb5175fb51 Processing reference: ContentRole[name=denyReaders,inherit=false,allowForAll=false]
2019-11-08 14:10:07.428 DEBUG content 5804 0040d137-f5f5-8000-f11f-75fb5175fb51 Processing reference: ContentRole[name=denyAuthors,inherit=false,allowForAll=false]
2019-11-08 14:10:07.428 DEBUG content 5804 0040d137-f5f5-8000-f11f-75fb5175fb51 Processing reference: ContentRole[name=denyAdministrators,inherit=false,allowForAll=false]
2019-11-08 14:10:07.428 DEBUG content 5804 0040d137-f5f5-8000-f11f-75fb5175fb51 Completing produce.
2019-11-08 14:10:07.428 DEBUG content 5804 0040d137-f5f5-8000-f11f-75fb5175fb51 Exporting binary resources.
2019-11-08 14:10:07.437 DEBUG content 5804 0040d137-f5f5-8000-f11f-75fb5175fb51 Serializing object to XML.
2019-11-08 14:10:07.441 DEBUG content 5804 0040d137-f5f5-8000-f11f-75fb5175fb51 Object transported.
2019-11-08 14:10:07.441 DEBUG content 5805 0049d137-f5f5-8000-f11f-75fb5175fb51 Begin transport.
2019-11-08 14:10:07.441 DEBUG content 5805 0049d137-f5f5-8000-f11f-75fb5175fb51 Retrieving object data.
2019-11-08 14:10:07.45 DEBUG content 5805 0049d137-f5f5-8000-f11f-75fb5175fb51 Setting uuids of object references.
2019-11-08 14:10:07.45 DEBUG content 5805 0049d137-f5f5-8000-f11f-75fb5175fb51 Processing reference: Document.forum
2019-11-08 14:10:07.451 DEBUG content 5805 0049d137-f5f5-8000-f11f-75fb5175fb51 Processing reference: Document.parent
2019-11-08 14:10:07.453 DEBUG content 5805 0049d137-f5f5-8000-f11f-75fb5175fb51 Processing reference: com.appiancorp.suiteapi.content.ContentRoleMap@1e26e6d1[
  ContentRole[name=readers,inherit=true,allowForAll=false]
  ContentRole[name=authors,inherit=true,allowForAll=false]
  ContentRole[name=administrators,usernames=[Administrator],inherit=true,allowForAll=false]
  ContentRole[name=denyReaders,inherit=false,allowForAll=false]
  ContentRole[name=denyAuthors,inherit=false,allowForAll=false]
  ContentRole[name=denyAdministrators,inherit=false,allowForAll=false]
  securityVector=143:SEC_PUBLIC=true,SEC_CREATOR_ADMIN=true,SEC_INH_ADMIN=true,SEC_INH_EDITOR=true,SEC_INH_VIEWER=true,SEC_ALL_ADMIN=false,SEC_ALL_EDITOR=false,SEC_ALL_VIEWER=false
]
2019-11-08 14:10:07.453 DEBUG content 5805 0049d137-f5f5-8000-f11f-75fb5175fb51 Processing reference: ContentRole[name=readers,inherit=true,allowForAll=false]
2019-11-08 14:10:07.453 DEBUG content 5805 0049d137-f5f5-8000-f11f-75fb5175fb51 Processing reference: ContentRole[name=authors,inherit=true,allowForAll=false]
2019-11-08 14:10:07.453 DEBUG content 5805 0049d137-f5f5-8000-f11f-75fb5175fb51 Processing reference: ContentRole[name=administrators,usernames=[Administrator],inherit=true,allowForAll=false]
2019-11-08 14:10:07.455 DEBUG content 5805 0049d137-f5f5-8000-f11f-75fb5175fb51 Processing reference: ContentRole[name=denyReaders,inherit=false,allowForAll=false]
2019-11-08 14:10:07.455 DEBUG content 5805 0049d137-f5f5-8000-f11f-75fb5175fb51 Processing reference: ContentRole[name=denyAuthors,inherit=false,allowForAll=false]
2019-11-08 14:10:07.455 DEBUG content 5805 0049d137-f5f5-8000-f11f-75fb5175fb51 Processing reference: ContentRole[name=denyAdministrators,inherit=false,allowForAll=false]
2019-11-08 14:10:07.455 DEBUG content 5805 0049d137-f5f5-8000-f11f-75fb5175fb51 Completing produce.
2019-11-08 14:10:07.455 DEBUG content 5805 0049d137-f5f5-8000-f11f-75fb5175fb51 Exporting binary resources.
2019-11-08 14:10:07.462 DEBUG content 5805 0049d137-f5f5-8000-f11f-75fb5175fb51 Serializing object to XML.
2019-11-08 14:10:07.466 DEBUG content 5805 0049d137-f5f5-8000-f11f-75fb5175fb51 Object transported.
2019-11-08 14:10:07.466 DEBUG content 5806 0009d137-f5f5-8000-f11f-75fb5175fb51 Begin transport.
2019-11-08 14:10:07.466 DEBUG content 5806 0009d137-f5f5-8000-f11f-75fb5175fb51 Retrieving object data.
2019-11-08 14:10:07.477 DEBUG content 5806 0009d137-f5f5-8000-f11f-75fb5175fb51 Setting uuids of object references.
2019-11-08 14:10:07.477 DEBUG content 5806 0009d137-f5f5-8000-f11f-75fb5175fb51 Processing reference: Document.forum
2019-11-08 14:10:07.477 DEBUG content 5806 0009d137-f5f5-8000-f11f-75fb5175fb51 Processing reference: Document.parent
2019-11-08 14:10:07.48 DEBUG content 5806 0009d137-f5f5-8000-f11f-75fb5175fb51 Processing reference: com.appiancorp.suiteapi.content.ContentRoleMap@248195af[
  ContentRole[name=readers,inherit=true,allowForAll=false]
  ContentRole[name=authors,inherit=true,allowForAll=false]
  ContentRole[name=administrators,usernames=[Administrator],inherit=true,allowForAll=false]
  ContentRole[name=denyReaders,inherit=false,allowForAll=false]
  ContentRole[name=denyAuthors,inherit=false,allowForAll=false]
  ContentRole[name=denyAdministrators,inherit=false,allowForAll=false]
  securityVector=143:SEC_PUBLIC=true,SEC_CREATOR_ADMIN=true,SEC_INH_ADMIN=true,SEC_INH_EDITOR=true,SEC_INH_VIEWER=true,SEC_ALL_ADMIN=false,SEC_ALL_EDITOR=false,SEC_ALL_VIEWER=false
]
2019-11-08 14:10:07.48 DEBUG content 5806 0009d137-f5f5-8000-f11f-75fb5175fb51 Processing reference: ContentRole[name=readers,inherit=true,allowForAll=false]
2019-11-08 14:10:07.48 DEBUG content 5806 0009d137-f5f5-8000-f11f-75fb5175fb51 Processing reference: ContentRole[name=authors,inherit=true,allowForAll=false]
2019-11-08 14:10:07.48 DEBUG content 5806 0009d137-f5f5-8000-f11f-75fb5175fb51 Processing reference: ContentRole[name=administrators,usernames=[Administrator],inherit=true,allowForAll=false]
2019-11-08 14:10:07.482 DEBUG content 5806 0009d137-f5f5-8000-f11f-75fb5175fb51 Processing reference: ContentRole[name=denyReaders,inherit=false,allowForAll=false]
2019-11-08 14:10:07.482 DEBUG content 5806 0009d137-f5f5-8000-f11f-75fb5175fb51 Processing reference: ContentRole[name=denyAuthors,inherit=false,allowForAll=false]
2019-11-08 14:10:07.482 DEBUG content 5806 0009d137-f5f5-8000-f11f-75fb5175fb51 Processing reference: ContentRole[name=denyAdministrators,inherit=false,allowForAll=false]
2019-11-08 14:10:07.482 DEBUG content 5806 0009d137-f5f5-8000-f11f-75fb5175fb51 Completing produce.
2019-11-08 14:10:07.482 DEBUG content 5806 0009d137-f5f5-8000-f11f-75fb5175fb51 Exporting binary resources.
2019-11-08 14:10:07.495 DEBUG content 5806 0009d137-f5f5-8000-f11f-75fb5175fb51 Serializing object to XML.
2019-11-08 14:10:07.498 DEBUG content 5806 0009d137-f5f5-8000-f11f-75fb5175fb51 Object transported.
2019-11-08 14:10:07.499 DEBUG content 5807 0065d137-f5f5-8000-f11f-75fb5175fb51 Begin transport.
2019-11-08 14:10:07.499 DEBUG content 5807 0065d137-f5f5-8000-f11f-75fb5175fb51 Retrieving object data.
2019-11-08 14:10:07.508 DEBUG content 5807 0065d137-f5f5-8000-f11f-75fb5175fb51 Setting uuids of object references.
2019-11-08 14:10:07.508 DEBUG content 5807 0065d137-f5f5-8000-f11f-75fb5175fb51 Processing reference: Document.forum
2019-11-08 14:10:07.509 DEBUG content 5807 0065d137-f5f5-8000-f11f-75fb5175fb51 Processing reference: Document.parent
2019-11-08 14:10:07.511 DEBUG content 5807 0065d137-f5f5-8000-f11f-75fb5175fb51 Processing reference: com.appiancorp.suiteapi.content.ContentRoleMap@36093bda[
  ContentRole[name=readers,inherit=true,allowForAll=false]
  ContentRole[name=authors,inherit=true,allowForAll=false]
  ContentRole[name=administrators,usernames=[Administrator],inherit=true,allowForAll=false]
  ContentRole[name=denyReaders,inherit=false,allowForAll=false]
  ContentRole[name=denyAuthors,inherit=false,allowForAll=false]
  ContentRole[name=denyAdministrators,inherit=false,allowForAll=false]
  securityVector=143:SEC_PUBLIC=true,SEC_CREATOR_ADMIN=true,SEC_INH_ADMIN=true,SEC_INH_EDITOR=true,SEC_INH_VIEWER=true,SEC_ALL_ADMIN=false,SEC_ALL_EDITOR=false,SEC_ALL_VIEWER=false
]
2019-11-08 14:10:07.511 DEBUG content 5807 0065d137-f5f5-8000-f11f-75fb5175fb51 Processing reference: ContentRole[name=readers,inherit=true,allowForAll=false]
2019-11-08 14:10:07.511 DEBUG content 5807 0065d137-f5f5-8000-f11f-75fb5175fb51 Processing reference: ContentRole[name=authors,inherit=true,allowForAll=false]
2019-11-08 14:10:07.511 DEBUG content 5807 0065d137-f5f5-8000-f11f-75fb5175fb51 Processing reference: ContentRole[name=administrators,usernames=[Administrator],inherit=true,allowForAll=false]
2019-11-08 14:10:07.513 DEBUG content 5807 0065d137-f5f5-8000-f11f-75fb5175fb51 Processing reference: ContentRole[name=denyReaders,inherit=false,allowForAll=false]
2019-11-08 14:10:07.513 DEBUG content 5807 0065d137-f5f5-8000-f11f-75fb5175fb51 Processing reference: ContentRole[name=denyAuthors,inherit=false,allowForAll=false]
2019-11-08 14:10:07.513 DEBUG content 5807 0065d137-f5f5-8000-f11f-75fb5175fb51 Processing reference: ContentRole[name=denyAdministrators,inherit=false,allowForAll=false]
2019-11-08 14:10:07.513 DEBUG content 5807 0065d137-f5f5-8000-f11f-75fb5175fb51 Completing produce.
2019-11-08 14:10:07.513 DEBUG content 5807 0065d137-f5f5-8000-f11f-75fb5175fb51 Exporting binary resources.
2019-11-08 14:10:07.522 DEBUG content 5807 0065d137-f5f5-8000-f11f-75fb5175fb51 Serializing object to XML.
2019-11-08 14:10:07.526 DEBUG content 5807 0065d137-f5f5-8000-f11f-75fb5175fb51 Object transported.
2019-11-08 14:10:07.526 DEBUG content 5808 _636f6e74656e74-0000d16e-98b7-8000-1d21-01000001000000000000237 Begin transport.
2019-11-08 14:10:07.526 DEBUG content 5808 _636f6e74656e74-0000d16e-98b7-8000-1d21-01000001000000000000237 Retrieving object data.
2019-11-08 14:10:07.536 DEBUG content 5808 _636f6e74656e74-0000d16e-98b7-8000-1d21-01000001000000000000237 Setting uuids of object references.
2019-11-08 14:10:07.536 DEBUG content 5808 _636f6e74656e74-0000d16e-98b7-8000-1d21-01000001000000000000237 Processing reference: Document.forum
2019-11-08 14:10:07.536 DEBUG content 5808 _636f6e74656e74-0000d16e-98b7-8000-1d21-01000001000000000000237 Processing reference: Document.parent
2019-11-08 14:10:07.54 DEBUG content 5808 _636f6e74656e74-0000d16e-98b7-8000-1d21-01000001000000000000237 Processing reference: com.appiancorp.suiteapi.content.ContentRoleMap@237314bf[
  ContentRole[name=readers,inherit=true,allowForAll=false]
  ContentRole[name=authors,inherit=true,allowForAll=false]
  ContentRole[name=administrators,usernames=[Administrator],inherit=true,allowForAll=false]
  ContentRole[name=denyReaders,inherit=false,allowForAll=false]
  ContentRole[name=denyAuthors,inherit=false,allowForAll=false]
  ContentRole[name=denyAdministrators,inherit=false,allowForAll=false]
  securityVector=143:SEC_PUBLIC=true,SEC_CREATOR_ADMIN=true,SEC_INH_ADMIN=true,SEC_INH_EDITOR=true,SEC_INH_VIEWER=true,SEC_ALL_ADMIN=false,SEC_ALL_EDITOR=false,SEC_ALL_VIEWER=false
]
2019-11-08 14:10:07.54 DEBUG content 5808 _636f6e74656e74-0000d16e-98b7-8000-1d21-01000001000000000000237 Processing reference: ContentRole[name=readers,inherit=true,allowForAll=false]
2019-11-08 14:10:07.54 DEBUG content 5808 _636f6e74656e74-0000d16e-98b7-8000-1d21-01000001000000000000237 Processing reference: ContentRole[name=authors,inherit=true,allowForAll=false]
2019-11-08 14:10:07.54 DEBUG content 5808 _636f6e74656e74-0000d16e-98b7-8000-1d21-01000001000000000000237 Processing reference: ContentRole[name=administrators,usernames=[Administrator],inherit=true,allowForAll=false]
2019-11-08 14:10:07.541 DEBUG content 5808 _636f6e74656e74-0000d16e-98b7-8000-1d21-01000001000000000000237 Processing reference: ContentRole[name=denyReaders,inherit=false,allowForAll=false]
2019-11-08 14:10:07.542 DEBUG content 5808 _636f6e74656e74-0000d16e-98b7-8000-1d21-01000001000000000000237 Processing reference: ContentRole[name=denyAuthors,inherit=false,allowForAll=false]
2019-11-08 14:10:07.542 DEBUG content 5808 _636f6e74656e74-0000d16e-98b7-8000-1d21-01000001000000000000237 Processing reference: ContentRole[name=denyAdministrators,inherit=false,allowForAll=false]
2019-11-08 14:10:07.542 DEBUG content 5808 _636f6e74656e74-0000d16e-98b7-8000-1d21-01000001000000000000237 Completing produce.
2019-11-08 14:10:07.542 DEBUG content 5808 _636f6e74656e74-0000d16e-98b7-8000-1d21-01000001000000000000237 Exporting binary resources.
2019-11-08 14:10:07.551 DEBUG content 5808 _636f6e74656e74-0000d16e-98b7-8000-1d21-01000001000000000000237 Serializing object to XML.
2019-11-08 14:10:07.554 DEBUG content 5808 _636f6e74656e74-0000d16e-98b7-8000-1d21-01000001000000000000237 Object transported.
2019-11-08 14:10:07.554 DEBUG content 5809 0023d137-f5f5-8000-f11f-75fb5175fb51 Begin transport.
2019-11-08 14:10:07.554 DEBUG content 5809 0023d137-f5f5-8000-f11f-75fb5175fb51 Retrieving object data.
2019-11-08 14:10:07.565 DEBUG content 5809 0023d137-f5f5-8000-f11f-75fb5175fb51 Setting uuids of object references.
2019-11-08 14:10:07.566 DEBUG content 5809 0023d137-f5f5-8000-f11f-75fb5175fb51 Processing reference: Document.forum
2019-11-08 14:10:07.566 DEBUG content 5809 0023d137-f5f5-8000-f11f-75fb5175fb51 Processing reference: Document.parent
2019-11-08 14:10:07.569 DEBUG content 5809 0023d137-f5f5-8000-f11f-75fb5175fb51 Processing reference: com.appiancorp.suiteapi.content.ContentRoleMap@1a85eee3[
  ContentRole[name=readers,inherit=true,allowForAll=false]
  ContentRole[name=authors,inherit=true,allowForAll=false]
  ContentRole[name=administrators,usernames=[Administrator],inherit=true,allowForAll=false]
  ContentRole[name=denyReaders,inherit=false,allowForAll=false]
  ContentRole[name=denyAuthors,inherit=false,allowForAll=false]
  ContentRole[name=denyAdministrators,inherit=false,allowForAll=false]
  securityVector=143:SEC_PUBLIC=true,SEC_CREATOR_ADMIN=true,SEC_INH_ADMIN=true,SEC_INH_EDITOR=true,SEC_INH_VIEWER=true,SEC_ALL_ADMIN=false,SEC_ALL_EDITOR=false,SEC_ALL_VIEWER=false
]
2019-11-08 14:10:07.569 DEBUG content 5809 0023d137-f5f5-8000-f11f-75fb5175fb51 Processing reference: ContentRole[name=readers,inherit=true,allowForAll=false]
2019-11-08 14:10:07.569 DEBUG content 5809 0023d137-f5f5-8000-f11f-75fb5175fb51 Processing reference: ContentRole[name=authors,inherit=true,allowForAll=false]
2019-11-08 14:10:07.569 DEBUG content 5809 0023d137-f5f5-8000-f11f-75fb5175fb51 Processing reference: ContentRole[name=administrators,usernames=[Administrator],inherit=true,allowForAll=false]
2019-11-08 14:10:07.571 DEBUG content 5809 0023d137-f5f5-8000-f11f-75fb5175fb51 Processing reference: ContentRole[name=denyReaders,inherit=false,allowForAll=false]
2019-11-08 14:10:07.571 DEBUG content 5809 0023d137-f5f5-8000-f11f-75fb5175fb51 Processing reference: ContentRole[name=denyAuthors,inherit=false,allowForAll=false]
2019-11-08 14:10:07.571 DEBUG content 5809 0023d137-f5f5-8000-f11f-75fb5175fb51 Processing reference: ContentRole[name=denyAdministrators,inherit=false,allowForAll=false]
2019-11-08 14:10:07.571 DEBUG content 5809 0023d137-f5f5-8000-f11f-75fb5175fb51 Completing produce.
2019-11-08 14:10:07.571 DEBUG content 5809 0023d137-f5f5-8000-f11f-75fb5175fb51 Exporting binary resources.
2019-11-08 14:10:07.582 DEBUG content 5809 0023d137-f5f5-8000-f11f-75fb5175fb51 Serializing object to XML.
2019-11-08 14:10:07.585 DEBUG content 5809 0023d137-f5f5-8000-f11f-75fb5175fb51 Object transported.
2019-11-08 14:10:07.587 DEBUG processModel 0 001bdaf2-5dd5-8000-d78e-010000010000 Begin transport.
2019-11-08 14:10:07.587 DEBUG processModel 0 001bdaf2-5dd5-8000-d78e-010000010000 Retrieving object data.
2019-11-08 14:10:07.752 DEBUG processModel 0 001bdaf2-5dd5-8000-d78e-010000010000 Setting uuids of object references.
2019-11-08 14:10:07.752 DEBUG processModel 0 001bdaf2-5dd5-8000-d78e-010000010000 Processing reference: ProcessModelHaul.folderId
2019-11-08 14:10:07.753 DEBUG processModel 0 001bdaf2-5dd5-8000-d78e-010000010000 Processing reference: ProcessModelHaul.modelDashboardPageId
2019-11-08 14:10:07.753 DEBUG processModel 0 001bdaf2-5dd5-8000-d78e-010000010000 Processing reference: ProcessModelHaul.processDashboardPageId
2019-11-08 14:10:07.753 DEBUG processModel 0 001bdaf2-5dd5-8000-d78e-010000010000 Processing reference: ProcessModel.emailAttachmentFolderId
2019-11-08 14:10:07.758 DEBUG processModel 0 001bdaf2-5dd5-8000-d78e-010000010000 Processing reference: FormElement[label=Label]
2019-11-08 14:10:07.758 DEBUG processModel 0 001bdaf2-5dd5-8000-d78e-010000010000 Processing reference: FormElement[label=Message]
2019-11-08 14:10:07.758 DEBUG processModel 0 001bdaf2-5dd5-8000-d78e-010000010000 Processing reference: FormElement[label=User Creation]
2019-11-08 14:10:07.758 DEBUG processModel 0 001bdaf2-5dd5-8000-d78e-010000010000 Processing reference: FormElement[label=]
2019-11-08 14:10:07.759 DEBUG processModel 0 001bdaf2-5dd5-8000-d78e-010000010000 Processing reference: FormElement[label=Add User]
2019-11-08 14:10:07.759 DEBUG processModel 0 001bdaf2-5dd5-8000-d78e-010000010000 Processing reference: FormElement[label=Username]
2019-11-08 14:10:07.759 DEBUG processModel 0 001bdaf2-5dd5-8000-d78e-010000010000 Processing reference: FormElement[label=Password]
2019-11-08 14:10:07.759 DEBUG processModel 0 001bdaf2-5dd5-8000-d78e-010000010000 Processing reference: FormElement[label=First Name]
2019-11-08 14:10:07.759 DEBUG processModel 0 001bdaf2-5dd5-8000-d78e-010000010000 Processing reference: FormElement[label=Nickname]
2019-11-08 14:10:07.759 DEBUG processModel 0 001bdaf2-5dd5-8000-d78e-010000010000 Processing reference: FormElement[label=Middle Name]
2019-11-08 14:10:07.759 DEBUG processModel 0 001bdaf2-5dd5-8000-d78e-010000010000 Processing reference: FormElement[label=Last Name]
2019-11-08 14:10:07.759 DEBUG processModel 0 001bdaf2-5dd5-8000-d78e-010000010000 Processing reference: FormElement[label=Email address]
2019-11-08 14:10:07.759 DEBUG processModel 0 001bdaf2-5dd5-8000-d78e-010000010000 Processing reference: ActivityClassParameter[name=UserName,it=3,v=test.usr]
2019-11-08 14:10:07.759 DEBUG processModel 0 001bdaf2-5dd5-8000-d78e-010000010000 Processing reference: ActivityClassParameter[name=Password,it=3,v=]
2019-11-08 14:10:07.759 DEBUG processModel 0 001bdaf2-5dd5-8000-d78e-010000010000 Processing reference: ActivityClassParameter[name=FirstName,it=3,v=test]
2019-11-08 14:10:07.759 DEBUG processModel 0 001bdaf2-5dd5-8000-d78e-010000010000 Processing reference: ActivityClassParameter[name=NickName,it=3,v=]
2019-11-08 14:10:07.76 DEBUG processModel 0 001bdaf2-5dd5-8000-d78e-010000010000 Processing reference: ActivityClassParameter[name=MiddleName,it=3,v=]
2019-11-08 14:10:07.76 DEBUG processModel 0 001bdaf2-5dd5-8000-d78e-010000010000 Processing reference: ActivityClassParameter[name=LastName,it=3,v=user]
2019-11-08 14:10:07.76 DEBUG processModel 0 001bdaf2-5dd5-8000-d78e-010000010000 Processing reference: ActivityClassParameter[name=Email,it=3,v=test.user@example.com]
2019-11-08 14:10:07.76 DEBUG processModel 0 001bdaf2-5dd5-8000-d78e-010000010000 Processing reference: ActivityClassParameter[name=NewUsername,it=4,v=]
2019-11-08 14:10:07.76 DEBUG processModel 0 001bdaf2-5dd5-8000-d78e-010000010000 Processing reference: ActivityClassParameter[name=fired,it=1,v=0]
2019-11-08 14:10:07.76 DEBUG processModel 0 001bdaf2-5dd5-8000-d78e-010000010000 Processing reference: ActivityClassParameter[name=arrivedNodes,it=101,v=<null>]
2019-11-08 14:10:07.76 DEBUG processModel 0 001bdaf2-5dd5-8000-d78e-010000010000 Processing reference: FormElement[label=Add Group Members]
2019-11-08 14:10:07.76 DEBUG processModel 0 001bdaf2-5dd5-8000-d78e-010000010000 Processing reference: FormElement[label=Members]
2019-11-08 14:10:07.76 DEBUG processModel 0 001bdaf2-5dd5-8000-d78e-010000010000 Processing reference: FormElement[label=Group]
2019-11-08 14:10:07.76 DEBUG processModel 0 001bdaf2-5dd5-8000-d78e-010000010000 Processing reference: ActivityClassParameter[name=UsersAndGroups,it=127,v=<null>]
2019-11-08 14:10:07.76 DEBUG processModel 0 001bdaf2-5dd5-8000-d78e-010000010000 Processing reference: ActivityClassParameter[name=Group,it=5,v=6]
2019-11-08 14:10:07.762 DEBUG processModel 0 001bdaf2-5dd5-8000-d78e-010000010000 Processing reference: ActivityClassParameter[name=pmID,it=23,v=<null>]
2019-11-08 14:10:07.762 DEBUG processModel 0 001bdaf2-5dd5-8000-d78e-010000010000 Processing reference: ActivityClassParameter[name=inMap,it=111,v={}]
2019-11-08 14:10:07.762 DEBUG processModel 0 001bdaf2-5dd5-8000-d78e-010000010000 Processing reference: ActivityClassParameter[name=procInheritsPriority,it=1,v=1]
2019-11-08 14:10:07.762 DEBUG processModel 0 001bdaf2-5dd5-8000-d78e-010000010000 Processing reference: ActivityClassParameter[name=pmUUID,it=3,v=]
2019-11-08 14:10:07.762 DEBUG processModel 0 001bdaf2-5dd5-8000-d78e-010000010000 Processing reference: ActivityClassParameter[name=isAsynchronous,it=26,v=1]
2019-11-08 14:10:07.762 DEBUG processModel 0 001bdaf2-5dd5-8000-d78e-010000010000 Processing reference: ActivityClassParameter[name=isTransparent,it=26,v=1]
2019-11-08 14:10:07.762 DEBUG processModel 0 001bdaf2-5dd5-8000-d78e-010000010000 Processing reference: ActivityClassParameter[name=inheritSecurity,it=26,v=0]
2019-11-08 14:10:07.762 DEBUG processModel 0 001bdaf2-5dd5-8000-d78e-010000010000 Processing reference: ActivityClassParameter[name=pmID,it=23,v=<null>]
2019-11-08 14:10:07.762 DEBUG processModel 0 001bdaf2-5dd5-8000-d78e-010000010000 Processing reference: ActivityClassParameter[name=inMap,it=111,v={}]
2019-11-08 14:10:07.762 DEBUG processModel 0 001bdaf2-5dd5-8000-d78e-010000010000 Processing reference: ActivityClassParameter[name=procInheritsPriority,it=1,v=1]
2019-11-08 14:10:07.762 DEBUG processModel 0 001bdaf2-5dd5-8000-d78e-010000010000 Processing reference: ActivityClassParameter[name=pmUUID,it=3,v=]
2019-11-08 14:10:07.762 DEBUG processModel 0 001bdaf2-5dd5-8000-d78e-010000010000 Processing reference: ActivityClassParameter[name=isAsynchronous,it=26,v=1]
2019-11-08 14:10:07.762 DEBUG processModel 0 001bdaf2-5dd5-8000-d78e-010000010000 Processing reference: ActivityClassParameter[name=isTransparent,it=26,v=1]
2019-11-08 14:10:07.762 DEBUG processModel 0 001bdaf2-5dd5-8000-d78e-010000010000 Processing reference: ActivityClassParameter[name=inheritSecurity,it=26,v=0]
2019-11-08 14:10:07.762 DEBUG processModel 0 001bdaf2-5dd5-8000-d78e-010000010000 Processing reference: ActivityClassParameter[name=pmID,it=23,v=<null>]
2019-11-08 14:10:07.763 DEBUG processModel 0 001bdaf2-5dd5-8000-d78e-010000010000 Processing reference: ActivityClassParameter[name=inMap,it=111,v={}]
2019-11-08 14:10:07.763 DEBUG processModel 0 001bdaf2-5dd5-8000-d78e-010000010000 Processing reference: ActivityClassParameter[name=procInheritsPriority,it=1,v=1]
2019-11-08 14:10:07.763 DEBUG processModel 0 001bdaf2-5dd5-8000-d78e-010000010000 Processing reference: ActivityClassParameter[name=pmUUID,it=3,v=]
2019-11-08 14:10:07.763 DEBUG processModel 0 001bdaf2-5dd5-8000-d78e-010000010000 Processing reference: ActivityClassParameter[name=isAsynchronous,it=26,v=1]
2019-11-08 14:10:07.763 DEBUG processModel 0 001bdaf2-5dd5-8000-d78e-010000010000 Processing reference: ActivityClassParameter[name=isTransparent,it=26,v=1]
2019-11-08 14:10:07.763 DEBUG processModel 0 001bdaf2-5dd5-8000-d78e-010000010000 Processing reference: ActivityClassParameter[name=inheritSecurity,it=26,v=0]
2019-11-08 14:10:07.763 DEBUG processModel 0 001bdaf2-5dd5-8000-d78e-010000010000 Processing reference: ActivityClassParameter[name=UserName,it=3,v=]
2019-11-08 14:10:07.763 DEBUG processModel 0 001bdaf2-5dd5-8000-d78e-010000010000 Processing reference: ActivityClassParameter[name=Password,it=3,v=]
2019-11-08 14:10:07.763 DEBUG processModel 0 001bdaf2-5dd5-8000-d78e-010000010000 Processing reference: ActivityClassParameter[name=SocialSecurityNumber,it=3,v=]
2019-11-08 14:10:07.763 DEBUG processModel 0 001bdaf2-5dd5-8000-d78e-010000010000 Processing reference: ActivityClassParameter[name=FirstName,it=3,v=]
2019-11-08 14:10:07.763 DEBUG processModel 0 001bdaf2-5dd5-8000-d78e-010000010000 Processing reference: ActivityClassParameter[name=NickName,it=3,v=]
2019-11-08 14:10:07.763 DEBUG processModel 0 001bdaf2-5dd5-8000-d78e-010000010000 Processing reference: ActivityClassParameter[name=MiddleName,it=3,v=]
2019-11-08 14:10:07.763 DEBUG processModel 0 001bdaf2-5dd5-8000-d78e-010000010000 Processing reference: ActivityClassParameter[name=LastName,it=3,v=]
2019-11-08 14:10:07.763 DEBUG processModel 0 001bdaf2-5dd5-8000-d78e-010000010000 Processing reference: ActivityClassParameter[name=Email,it=3,v=]
2019-11-08 14:10:07.763 DEBUG processModel 0 001bdaf2-5dd5-8000-d78e-010000010000 Processing reference: ActivityClassParameter[name=NewUsername,it=4,v=]
2019-11-08 14:10:07.763 DEBUG processModel 0 001bdaf2-5dd5-8000-d78e-010000010000 Processing reference: ActivityClassParameter[name=UserName,it=3,v=]
2019-11-08 14:10:07.763 DEBUG processModel 0 001bdaf2-5dd5-8000-d78e-010000010000 Processing reference: ActivityClassParameter[name=Password,it=3,v=]
2019-11-08 14:10:07.763 DEBUG processModel 0 001bdaf2-5dd5-8000-d78e-010000010000 Processing reference: ActivityClassParameter[name=SocialSecurityNumber,it=3,v=]
2019-11-08 14:10:07.763 DEBUG processModel 0 001bdaf2-5dd5-8000-d78e-010000010000 Processing reference: ActivityClassParameter[name=FirstName,it=3,v=]
2019-11-08 14:10:07.763 DEBUG processModel 0 001bdaf2-5dd5-8000-d78e-010000010000 Processing reference: ActivityClassParameter[name=NickName,it=3,v=]
2019-11-08 14:10:07.763 DEBUG processModel 0 001bdaf2-5dd5-8000-d78e-010000010000 Processing reference: ActivityClassParameter[name=MiddleName,it=3,v=]
2019-11-08 14:10:07.763 DEBUG processModel 0 001bdaf2-5dd5-8000-d78e-010000010000 Processing reference: ActivityClassParameter[name=LastName,it=3,v=]
2019-11-08 14:10:07.763 DEBUG processModel 0 001bdaf2-5dd5-8000-d78e-010000010000 Processing reference: ActivityClassParameter[name=Email,it=3,v=]
2019-11-08 14:10:07.763 DEBUG processModel 0 001bdaf2-5dd5-8000-d78e-010000010000 Processing reference: ActivityClassParameter[name=NewUsername,it=4,v=]
2019-11-08 14:10:07.764 DEBUG processModel 0 001bdaf2-5dd5-8000-d78e-010000010000 Processing reference: ActivityClassParameter[name=UserName,it=3,v=]
2019-11-08 14:10:07.764 DEBUG processModel 0 001bdaf2-5dd5-8000-d78e-010000010000 Processing reference: ActivityClassParameter[name=Password,it=3,v=]
2019-11-08 14:10:07.764 DEBUG processModel 0 001bdaf2-5dd5-8000-d78e-010000010000 Processing reference: ActivityClassParameter[name=SocialSecurityNumber,it=3,v=]
2019-11-08 14:10:07.764 DEBUG processModel 0 001bdaf2-5dd5-8000-d78e-010000010000 Processing reference: ActivityClassParameter[name=FirstName,it=3,v=]
2019-11-08 14:10:07.764 DEBUG processModel 0 001bdaf2-5dd5-8000-d78e-010000010000 Processing reference: ActivityClassParameter[name=NickName,it=3,v=]
2019-11-08 14:10:07.764 DEBUG processModel 0 001bdaf2-5dd5-8000-d78e-010000010000 Processing reference: ActivityClassParameter[name=MiddleName,it=3,v=]
2019-11-08 14:10:07.764 DEBUG processModel 0 001bdaf2-5dd5-8000-d78e-010000010000 Processing reference: ActivityClassParameter[name=LastName,it=3,v=]
2019-11-08 14:10:07.764 DEBUG processModel 0 001bdaf2-5dd5-8000-d78e-010000010000 Processing reference: ActivityClassParameter[name=Email,it=3,v=]
2019-11-08 14:10:07.764 DEBUG processModel 0 001bdaf2-5dd5-8000-d78e-010000010000 Processing reference: ActivityClassParameter[name=NewUsername,it=4,v=]
2019-11-08 14:10:07.764 DEBUG processModel 0 001bdaf2-5dd5-8000-d78e-010000010000 Processing reference: ActivityClassParameter[name=UserName,it=3,v=]
2019-11-08 14:10:07.764 DEBUG processModel 0 001bdaf2-5dd5-8000-d78e-010000010000 Processing reference: ActivityClassParameter[name=Password,it=3,v=]
2019-11-08 14:10:07.764 DEBUG processModel 0 001bdaf2-5dd5-8000-d78e-010000010000 Processing reference: ActivityClassParameter[name=SocialSecurityNumber,it=3,v=]
2019-11-08 14:10:07.764 DEBUG processModel 0 001bdaf2-5dd5-8000-d78e-010000010000 Processing reference: ActivityClassParameter[name=FirstName,it=3,v=]
2019-11-08 14:10:07.764 DEBUG processModel 0 001bdaf2-5dd5-8000-d78e-010000010000 Processing reference: ActivityClassParameter[name=NickName,it=3,v=]
2019-11-08 14:10:07.764 DEBUG processModel 0 001bdaf2-5dd5-8000-d78e-010000010000 Processing reference: ActivityClassParameter[name=MiddleName,it=3,v=]
2019-11-08 14:10:07.764 DEBUG processModel 0 001bdaf2-5dd5-8000-d78e-010000010000 Processing reference: ActivityClassParameter[name=LastName,it=3,v=]
2019-11-08 14:10:07.764 DEBUG processModel 0 001bdaf2-5dd5-8000-d78e-010000010000 Processing reference: ActivityClassParameter[name=Email,it=3,v=]
2019-11-08 14:10:07.764 DEBUG processModel 0 001bdaf2-5dd5-8000-d78e-010000010000 Processing reference: ActivityClassParameter[name=NewUsername,it=4,v=]
2019-11-08 14:10:07.764 DEBUG processModel 0 001bdaf2-5dd5-8000-d78e-010000010000 Processing reference: ActivityClassParameter[name=UserName,it=3,v=]
2019-11-08 14:10:07.764 DEBUG processModel 0 001bdaf2-5dd5-8000-d78e-010000010000 Processing reference: ActivityClassParameter[name=Password,it=3,v=]
2019-11-08 14:10:07.764 DEBUG processModel 0 001bdaf2-5dd5-8000-d78e-010000010000 Processing reference: ActivityClassParameter[name=SocialSecurityNumber,it=3,v=]
2019-11-08 14:10:07.765 DEBUG processModel 0 001bdaf2-5dd5-8000-d78e-010000010000 Processing reference: ActivityClassParameter[name=FirstName,it=3,v=]
2019-11-08 14:10:07.765 DEBUG processModel 0 001bdaf2-5dd5-8000-d78e-010000010000 Processing reference: ActivityClassParameter[name=NickName,it=3,v=]
2019-11-08 14:10:07.765 DEBUG processModel 0 001bdaf2-5dd5-8000-d78e-010000010000 Processing reference: ActivityClassParameter[name=MiddleName,it=3,v=]
2019-11-08 14:10:07.765 DEBUG processModel 0 001bdaf2-5dd5-8000-d78e-010000010000 Processing reference: ActivityClassParameter[name=LastName,it=3,v=]
2019-11-08 14:10:07.765 DEBUG processModel 0 001bdaf2-5dd5-8000-d78e-010000010000 Processing reference: ActivityClassParameter[name=Email,it=3,v=]
2019-11-08 14:10:07.765 DEBUG processModel 0 001bdaf2-5dd5-8000-d78e-010000010000 Processing reference: ActivityClassParameter[name=NewUsername,it=4,v=]
2019-11-08 14:10:07.765 DEBUG processModel 0 001bdaf2-5dd5-8000-d78e-010000010000 Processing reference: ActivityClassParameter[name=UserName,it=3,v=]
2019-11-08 14:10:07.765 DEBUG processModel 0 001bdaf2-5dd5-8000-d78e-010000010000 Processing reference: ActivityClassParameter[name=Password,it=3,v=]
2019-11-08 14:10:07.765 DEBUG processModel 0 001bdaf2-5dd5-8000-d78e-010000010000 Processing reference: ActivityClassParameter[name=SocialSecurityNumber,it=3,v=]
2019-11-08 14:10:07.765 DEBUG processModel 0 001bdaf2-5dd5-8000-d78e-010000010000 Processing reference: ActivityClassParameter[name=FirstName,it=3,v=]
2019-11-08 14:10:07.765 DEBUG processModel 0 001bdaf2-5dd5-8000-d78e-010000010000 Processing reference: ActivityClassParameter[name=NickName,it=3,v=]
2019-11-08 14:10:07.765 DEBUG processModel 0 001bdaf2-5dd5-8000-d78e-010000010000 Processing reference: ActivityClassParameter[name=MiddleName,it=3,v=]
2019-11-08 14:10:07.765 DEBUG processModel 0 001bdaf2-5dd5-8000-d78e-010000010000 Processing reference: ActivityClassParameter[name=LastName,it=3,v=]
2019-11-08 14:10:07.765 DEBUG processModel 0 001bdaf2-5dd5-8000-d78e-010000010000 Processing reference: ActivityClassParameter[name=Email,it=3,v=]
2019-11-08 14:10:07.765 DEBUG processModel 0 001bdaf2-5dd5-8000-d78e-010000010000 Processing reference: ActivityClassParameter[name=NewUsername,it=4,v=]
2019-11-08 14:10:07.765 DEBUG processModel 0 001bdaf2-5dd5-8000-d78e-010000010000 Processing reference: ActivityClassParameter[name=UserName,it=3,v=]
2019-11-08 14:10:07.765 DEBUG processModel 0 001bdaf2-5dd5-8000-d78e-010000010000 Processing reference: ActivityClassParameter[name=Password,it=3,v=]
2019-11-08 14:10:07.765 DEBUG processModel 0 001bdaf2-5dd5-8000-d78e-010000010000 Processing reference: ActivityClassParameter[name=SocialSecurityNumber,it=3,v=]
2019-11-08 14:10:07.765 DEBUG processModel 0 001bdaf2-5dd5-8000-d78e-010000010000 Processing reference: ActivityClassParameter[name=FirstName,it=3,v=]
2019-11-08 14:10:07.765 DEBUG processModel 0 001bdaf2-5dd5-8000-d78e-010000010000 Processing reference: ActivityClassParameter[name=NickName,it=3,v=]
2019-11-08 14:10:07.765 DEBUG processModel 0 001bdaf2-5dd5-8000-d78e-010000010000 Processing reference: ActivityClassParameter[name=MiddleName,it=3,v=]
2019-11-08 14:10:07.765 DEBUG processModel 0 001bdaf2-5dd5-8000-d78e-010000010000 Processing reference: ActivityClassParameter[name=LastName,it=3,v=]
2019-11-08 14:10:07.766 DEBUG processModel 0 001bdaf2-5dd5-8000-d78e-010000010000 Processing reference: ActivityClassParameter[name=Email,it=3,v=]
2019-11-08 14:10:07.766 DEBUG processModel 0 001bdaf2-5dd5-8000-d78e-010000010000 Processing reference: ActivityClassParameter[name=NewUsername,it=4,v=]
2019-11-08 14:10:07.766 DEBUG processModel 0 001bdaf2-5dd5-8000-d78e-010000010000 Processing reference: ActivityClassParameter[name=UserName,it=3,v=]
2019-11-08 14:10:07.766 DEBUG processModel 0 001bdaf2-5dd5-8000-d78e-010000010000 Processing reference: ActivityClassParameter[name=Password,it=3,v=]
2019-11-08 14:10:07.766 DEBUG processModel 0 001bdaf2-5dd5-8000-d78e-010000010000 Processing reference: ActivityClassParameter[name=SocialSecurityNumber,it=3,v=]
2019-11-08 14:10:07.766 DEBUG processModel 0 001bdaf2-5dd5-8000-d78e-010000010000 Processing reference: ActivityClassParameter[name=FirstName,it=3,v=]
2019-11-08 14:10:07.766 DEBUG processModel 0 001bdaf2-5dd5-8000-d78e-010000010000 Processing reference: ActivityClassParameter[name=NickName,it=3,v=]
2019-11-08 14:10:07.766 DEBUG processModel 0 001bdaf2-5dd5-8000-d78e-010000010000 Processing reference: ActivityClassParameter[name=MiddleName,it=3,v=]
2019-11-08 14:10:07.766 DEBUG processModel 0 001bdaf2-5dd5-8000-d78e-010000010000 Processing reference: ActivityClassParameter[name=LastName,it=3,v=]
2019-11-08 14:10:07.766 DEBUG processModel 0 001bdaf2-5dd5-8000-d78e-010000010000 Processing reference: ActivityClassParameter[name=Email,it=3,v=]
2019-11-08 14:10:07.766 DEBUG processModel 0 001bdaf2-5dd5-8000-d78e-010000010000 Processing reference: ActivityClassParameter[name=NewUsername,it=4,v=]
2019-11-08 14:10:07.766 DEBUG processModel 0 001bdaf2-5dd5-8000-d78e-010000010000 Processing reference: ActivityClassParameter[name=UserName,it=3,v=]
2019-11-08 14:10:07.766 DEBUG processModel 0 001bdaf2-5dd5-8000-d78e-010000010000 Processing reference: ActivityClassParameter[name=Password,it=3,v=]
2019-11-08 14:10:07.766 DEBUG processModel 0 001bdaf2-5dd5-8000-d78e-010000010000 Processing reference: ActivityClassParameter[name=SocialSecurityNumber,it=3,v=]
2019-11-08 14:10:07.766 DEBUG processModel 0 001bdaf2-5dd5-8000-d78e-010000010000 Processing reference: ActivityClassParameter[name=FirstName,it=3,v=]
2019-11-08 14:10:07.766 DEBUG processModel 0 001bdaf2-5dd5-8000-d78e-010000010000 Processing reference: ActivityClassParameter[name=NickName,it=3,v=]
2019-11-08 14:10:07.766 DEBUG processModel 0 001bdaf2-5dd5-8000-d78e-010000010000 Processing reference: ActivityClassParameter[name=MiddleName,it=3,v=]
2019-11-08 14:10:07.766 DEBUG processModel 0 001bdaf2-5dd5-8000-d78e-010000010000 Processing reference: ActivityClassParameter[name=LastName,it=3,v=]
2019-11-08 14:10:07.766 DEBUG processModel 0 001bdaf2-5dd5-8000-d78e-010000010000 Processing reference: ActivityClassParameter[name=Email,it=3,v=]
2019-11-08 14:10:07.766 DEBUG processModel 0 001bdaf2-5dd5-8000-d78e-010000010000 Processing reference: ActivityClassParameter[name=NewUsername,it=4,v=]
2019-11-08 14:10:07.766 DEBUG processModel 0 001bdaf2-5dd5-8000-d78e-010000010000 Processing reference: ActivityClassParameter[name=UserName,it=3,v=]
2019-11-08 14:10:07.767 DEBUG processModel 0 001bdaf2-5dd5-8000-d78e-010000010000 Processing reference: ActivityClassParameter[name=Password,it=3,v=]
2019-11-08 14:10:07.767 DEBUG processModel 0 001bdaf2-5dd5-8000-d78e-010000010000 Processing reference: ActivityClassParameter[name=SocialSecurityNumber,it=3,v=]
2019-11-08 14:10:07.767 DEBUG processModel 0 001bdaf2-5dd5-8000-d78e-010000010000 Processing reference: ActivityClassParameter[name=FirstName,it=3,v=]
2019-11-08 14:10:07.767 DEBUG processModel 0 001bdaf2-5dd5-8000-d78e-010000010000 Processing reference: ActivityClassParameter[name=NickName,it=3,v=]
2019-11-08 14:10:07.767 DEBUG processModel 0 001bdaf2-5dd5-8000-d78e-010000010000 Processing reference: ActivityClassParameter[name=MiddleName,it=3,v=]
2019-11-08 14:10:07.767 DEBUG processModel 0 001bdaf2-5dd5-8000-d78e-010000010000 Processing reference: ActivityClassParameter[name=LastName,it=3,v=]
2019-11-08 14:10:07.767 DEBUG processModel 0 001bdaf2-5dd5-8000-d78e-010000010000 Processing reference: ActivityClassParameter[name=Email,it=3,v=]
2019-11-08 14:10:07.767 DEBUG processModel 0 001bdaf2-5dd5-8000-d78e-010000010000 Processing reference: ActivityClassParameter[name=NewUsername,it=4,v=]
2019-11-08 14:10:07.767 DEBUG processModel 0 001bdaf2-5dd5-8000-d78e-010000010000 Processing reference: ActivityClassParameter[name=UserName,it=3,v=]
2019-11-08 14:10:07.767 DEBUG processModel 0 001bdaf2-5dd5-8000-d78e-010000010000 Processing reference: ActivityClassParameter[name=Password,it=3,v=]
2019-11-08 14:10:07.767 DEBUG processModel 0 001bdaf2-5dd5-8000-d78e-010000010000 Processing reference: ActivityClassParameter[name=SocialSecurityNumber,it=3,v=]
2019-11-08 14:10:07.767 DEBUG processModel 0 001bdaf2-5dd5-8000-d78e-010000010000 Processing reference: ActivityClassParameter[name=FirstName,it=3,v=]
2019-11-08 14:10:07.767 DEBUG processModel 0 001bdaf2-5dd5-8000-d78e-010000010000 Processing reference: ActivityClassParameter[name=NickName,it=3,v=]
2019-11-08 14:10:07.767 DEBUG processModel 0 001bdaf2-5dd5-8000-d78e-010000010000 Processing reference: ActivityClassParameter[name=MiddleName,it=3,v=]
2019-11-08 14:10:07.767 DEBUG processModel 0 001bdaf2-5dd5-8000-d78e-010000010000 Processing reference: ActivityClassParameter[name=LastName,it=3,v=]
2019-11-08 14:10:07.767 DEBUG processModel 0 001bdaf2-5dd5-8000-d78e-010000010000 Processing reference: ActivityClassParameter[name=Email,it=3,v=]
2019-11-08 14:10:07.767 DEBUG processModel 0 001bdaf2-5dd5-8000-d78e-010000010000 Processing reference: ActivityClassParameter[name=NewUsername,it=4,v=]
2019-11-08 14:10:07.767 DEBUG processModel 0 001bdaf2-5dd5-8000-d78e-010000010000 Processing reference: ActivityClassParameter[name=User,it=4,v=]
2019-11-08 14:10:07.767 DEBUG processModel 0 001bdaf2-5dd5-8000-d78e-010000010000 Processing reference: ActivityClassParameter[name=UserType,it=1,v=1]
2019-11-08 14:10:07.767 DEBUG processModel 0 001bdaf2-5dd5-8000-d78e-010000010000 Processing reference: ActivityClassParameter[name=User,it=4,v=]
2019-11-08 14:10:07.767 DEBUG processModel 0 001bdaf2-5dd5-8000-d78e-010000010000 Processing reference: ActivityClassParameter[name=UserType,it=1,v=1]
2019-11-08 14:10:07.768 DEBUG processModel 0 001bdaf2-5dd5-8000-d78e-010000010000 Processing reference: FormElement[label=Add Group Members]
2019-11-08 14:10:07.768 DEBUG processModel 0 001bdaf2-5dd5-8000-d78e-010000010000 Processing reference: FormElement[label=Members]
2019-11-08 14:10:07.768 DEBUG processModel 0 001bdaf2-5dd5-8000-d78e-010000010000 Processing reference: FormElement[label=Group]
2019-11-08 14:10:07.768 DEBUG processModel 0 001bdaf2-5dd5-8000-d78e-010000010000 Processing reference: ActivityClassParameter[name=UsersAndGroups,it=127,v=<null>]
2019-11-08 14:10:07.768 DEBUG processModel 0 001bdaf2-5dd5-8000-d78e-010000010000 Processing reference: ActivityClassParameter[name=Group,it=5,v=4]
2019-11-08 14:10:07.769 DEBUG processModel 0 001bdaf2-5dd5-8000-d78e-010000010000 Processing reference: ActivityClassParameter[name=fired,it=1,v=0]
2019-11-08 14:10:07.769 DEBUG processModel 0 001bdaf2-5dd5-8000-d78e-010000010000 Processing reference: ActivityClassParameter[name=arrivedNodes,it=101,v={}]
2019-11-08 14:10:07.769 DEBUG processModel 0 001bdaf2-5dd5-8000-d78e-010000010000 Processing reference: ActivityClassParameter[name=UserName,it=3,v=]
2019-11-08 14:10:07.769 DEBUG processModel 0 001bdaf2-5dd5-8000-d78e-010000010000 Processing reference: ActivityClassParameter[name=Password,it=3,v=]
2019-11-08 14:10:07.769 DEBUG processModel 0 001bdaf2-5dd5-8000-d78e-010000010000 Processing reference: ActivityClassParameter[name=SocialSecurityNumber,it=3,v=]
2019-11-08 14:10:07.769 DEBUG processModel 0 001bdaf2-5dd5-8000-d78e-010000010000 Processing reference: ActivityClassParameter[name=FirstName,it=3,v=]
2019-11-08 14:10:07.769 DEBUG processModel 0 001bdaf2-5dd5-8000-d78e-010000010000 Processing reference: ActivityClassParameter[name=NickName,it=3,v=]
2019-11-08 14:10:07.769 DEBUG processModel 0 001bdaf2-5dd5-8000-d78e-010000010000 Processing reference: ActivityClassParameter[name=MiddleName,it=3,v=]
2019-11-08 14:10:07.77 DEBUG processModel 0 001bdaf2-5dd5-8000-d78e-010000010000 Processing reference: ActivityClassParameter[name=LastName,it=3,v=]
2019-11-08 14:10:07.77 DEBUG processModel 0 001bdaf2-5dd5-8000-d78e-010000010000 Processing reference: ActivityClassParameter[name=Email,it=3,v=]
2019-11-08 14:10:07.77 DEBUG processModel 0 001bdaf2-5dd5-8000-d78e-010000010000 Processing reference: ActivityClassParameter[name=NewUsername,it=4,v=]
2019-11-08 14:10:07.77 DEBUG processModel 0 001bdaf2-5dd5-8000-d78e-010000010000 Processing reference: ActivityClassParameter[name=fired,it=1,v=0]
2019-11-08 14:10:07.771 DEBUG processModel 0 001bdaf2-5dd5-8000-d78e-010000010000 Processing reference: ActivityClassParameter[name=arrivedNodes,it=101,v=<null>]
2019-11-08 14:10:07.771 DEBUG processModel 0 001bdaf2-5dd5-8000-d78e-010000010000 Processing reference: ActivityClassParameter[name=UserName,it=3,v=]
2019-11-08 14:10:07.771 DEBUG processModel 0 001bdaf2-5dd5-8000-d78e-010000010000 Processing reference: ActivityClassParameter[name=Password,it=3,v=]
2019-11-08 14:10:07.771 DEBUG processModel 0 001bdaf2-5dd5-8000-d78e-010000010000 Processing reference: ActivityClassParameter[name=SocialSecurityNumber,it=3,v=]
2019-11-08 14:10:07.771 DEBUG processModel 0 001bdaf2-5dd5-8000-d78e-010000010000 Processing reference: ActivityClassParameter[name=FirstName,it=3,v=]
2019-11-08 14:10:07.771 DEBUG processModel 0 001bdaf2-5dd5-8000-d78e-010000010000 Processing reference: ActivityClassParameter[name=NickName,it=3,v=]
2019-11-08 14:10:07.771 DEBUG processModel 0 001bdaf2-5dd5-8000-d78e-010000010000 Processing reference: ActivityClassParameter[name=MiddleName,it=3,v=]
2019-11-08 14:10:07.771 DEBUG processModel 0 001bdaf2-5dd5-8000-d78e-010000010000 Processing reference: ActivityClassParameter[name=LastName,it=3,v=]
2019-11-08 14:10:07.771 DEBUG processModel 0 001bdaf2-5dd5-8000-d78e-010000010000 Processing reference: ActivityClassParameter[name=Email,it=3,v=]
2019-11-08 14:10:07.771 DEBUG processModel 0 001bdaf2-5dd5-8000-d78e-010000010000 Processing reference: ActivityClassParameter[name=NewUsername,it=4,v=]
2019-11-08 14:10:07.771 DEBUG processModel 0 001bdaf2-5dd5-8000-d78e-010000010000 Processing reference: FormElement[label=Add Group Members]
2019-11-08 14:10:07.771 DEBUG processModel 0 001bdaf2-5dd5-8000-d78e-010000010000 Processing reference: FormElement[label=Members]
2019-11-08 14:10:07.771 DEBUG processModel 0 001bdaf2-5dd5-8000-d78e-010000010000 Processing reference: FormElement[label=Group]
2019-11-08 14:10:07.771 DEBUG processModel 0 001bdaf2-5dd5-8000-d78e-010000010000 Processing reference: ActivityClassParameter[name=UsersAndGroups,it=127,v=<null>]
2019-11-08 14:10:07.771 DEBUG processModel 0 001bdaf2-5dd5-8000-d78e-010000010000 Processing reference: ActivityClassParameter[name=Group,it=5,v=7]
2019-11-08 14:10:07.773 DEBUG processModel 0 001bdaf2-5dd5-8000-d78e-010000010000 Processing reference: FormElement[label=Add Group Members]
2019-11-08 14:10:07.773 DEBUG processModel 0 001bdaf2-5dd5-8000-d78e-010000010000 Processing reference: FormElement[label=Members]
2019-11-08 14:10:07.773 DEBUG processModel 0 001bdaf2-5dd5-8000-d78e-010000010000 Processing reference: FormElement[label=Group]
2019-11-08 14:10:07.773 DEBUG processModel 0 001bdaf2-5dd5-8000-d78e-010000010000 Processing reference: ActivityClassParameter[name=UsersAndGroups,it=127,v=<null>]
2019-11-08 14:10:07.773 DEBUG processModel 0 001bdaf2-5dd5-8000-d78e-010000010000 Processing reference: ActivityClassParameter[name=Group,it=5,v=7]
2019-11-08 14:10:07.774 DEBUG processModel 0 001bdaf2-5dd5-8000-d78e-010000010000 Processing reference: FormElement[label=Update User Profile]
2019-11-08 14:10:07.774 DEBUG processModel 0 001bdaf2-5dd5-8000-d78e-010000010000 Processing reference: FormElement[label=User]
2019-11-08 14:10:07.774 DEBUG processModel 0 001bdaf2-5dd5-8000-d78e-010000010000 Processing reference: FormElement[label=SSN]
2019-11-08 14:10:07.774 DEBUG processModel 0 001bdaf2-5dd5-8000-d78e-010000010000 Processing reference: FormElement[label=First Name]
2019-11-08 14:10:07.774 DEBUG processModel 0 001bdaf2-5dd5-8000-d78e-010000010000 Processing reference: FormElement[label=Middle Name]
2019-11-08 14:10:07.774 DEBUG processModel 0 001bdaf2-5dd5-8000-d78e-010000010000 Processing reference: FormElement[label=Last Name]
2019-11-08 14:10:07.774 DEBUG processModel 0 001bdaf2-5dd5-8000-d78e-010000010000 Processing reference: FormElement[label=E-mail]
2019-11-08 14:10:07.774 DEBUG processModel 0 001bdaf2-5dd5-8000-d78e-010000010000 Processing reference: FormElement[label=Office Phone]
2019-11-08 14:10:07.774 DEBUG processModel 0 001bdaf2-5dd5-8000-d78e-010000010000 Processing reference: FormElement[label=Mobile Phone]
2019-11-08 14:10:07.774 DEBUG processModel 0 001bdaf2-5dd5-8000-d78e-010000010000 Processing reference: FormElement[label=Home Phone]
2019-11-08 14:10:07.774 DEBUG processModel 0 001bdaf2-5dd5-8000-d78e-010000010000 Processing reference: FormElement[label=Address 1]
2019-11-08 14:10:07.774 DEBUG processModel 0 001bdaf2-5dd5-8000-d78e-010000010000 Processing reference: FormElement[label=Address 2]
2019-11-08 14:10:07.774 DEBUG processModel 0 001bdaf2-5dd5-8000-d78e-010000010000 Processing reference: FormElement[label=Address 3]
2019-11-08 14:10:07.774 DEBUG processModel 0 001bdaf2-5dd5-8000-d78e-010000010000 Processing reference: FormElement[label=City]
2019-11-08 14:10:07.774 DEBUG processModel 0 001bdaf2-5dd5-8000-d78e-010000010000 Processing reference: FormElement[label=State]
2019-11-08 14:10:07.774 DEBUG processModel 0 001bdaf2-5dd5-8000-d78e-010000010000 Processing reference: FormElement[label=Zip code]
2019-11-08 14:10:07.774 DEBUG processModel 0 001bdaf2-5dd5-8000-d78e-010000010000 Processing reference: FormElement[label=Country]
2019-11-08 14:10:07.774 DEBUG processModel 0 001bdaf2-5dd5-8000-d78e-010000010000 Processing reference: FormElement[label=Supervisor]
2019-11-08 14:10:07.775 DEBUG processModel 0 001bdaf2-5dd5-8000-d78e-010000010000 Processing reference: FormElement[label=Title]
2019-11-08 14:10:07.775 DEBUG processModel 0 001bdaf2-5dd5-8000-d78e-010000010000 Processing reference: ActivityClassParameter[name=UserName,it=4,v=]
2019-11-08 14:10:07.775 DEBUG processModel 0 001bdaf2-5dd5-8000-d78e-010000010000 Processing reference: ActivityClassParameter[name=SocialSecurityNumber,it=3,v=]
2019-11-08 14:10:07.775 DEBUG processModel 0 001bdaf2-5dd5-8000-d78e-010000010000 Processing reference: ActivityClassParameter[name=FirstName,it=3,v=]
2019-11-08 14:10:07.775 DEBUG processModel 0 001bdaf2-5dd5-8000-d78e-010000010000 Processing reference: ActivityClassParameter[name=MiddleName,it=3,v=]
2019-11-08 14:10:07.775 DEBUG processModel 0 001bdaf2-5dd5-8000-d78e-010000010000 Processing reference: ActivityClassParameter[name=LastName,it=3,v=]
2019-11-08 14:10:07.775 DEBUG processModel 0 001bdaf2-5dd5-8000-d78e-010000010000 Processing reference: ActivityClassParameter[name=Email,it=3,v=]
2019-11-08 14:10:07.775 DEBUG processModel 0 001bdaf2-5dd5-8000-d78e-010000010000 Processing reference: ActivityClassParameter[name=OfficePhone,it=3,v=]
2019-11-08 14:10:07.775 DEBUG processModel 0 001bdaf2-5dd5-8000-d78e-010000010000 Processing reference: ActivityClassParameter[name=MobilePhone,it=3,v=]
2019-11-08 14:10:07.775 DEBUG processModel 0 001bdaf2-5dd5-8000-d78e-010000010000 Processing reference: ActivityClassParameter[name=HomePhone,it=3,v=]
2019-11-08 14:10:07.775 DEBUG processModel 0 001bdaf2-5dd5-8000-d78e-010000010000 Processing reference: ActivityClassParameter[name=Address1,it=3,v=]
2019-11-08 14:10:07.775 DEBUG processModel 0 001bdaf2-5dd5-8000-d78e-010000010000 Processing reference: ActivityClassParameter[name=Address2,it=3,v=]
2019-11-08 14:10:07.775 DEBUG processModel 0 001bdaf2-5dd5-8000-d78e-010000010000 Processing reference: ActivityClassParameter[name=Address3,it=3,v=]
2019-11-08 14:10:07.775 DEBUG processModel 0 001bdaf2-5dd5-8000-d78e-010000010000 Processing reference: ActivityClassParameter[name=City,it=3,v=Reston]
2019-11-08 14:10:07.775 DEBUG processModel 0 001bdaf2-5dd5-8000-d78e-010000010000 Processing reference: ActivityClassParameter[name=State,it=3,v=VA]
2019-11-08 14:10:07.775 DEBUG processModel 0 001bdaf2-5dd5-8000-d78e-010000010000 Processing reference: ActivityClassParameter[name=ZipCode,it=3,v=]
2019-11-08 14:10:07.775 DEBUG processModel 0 001bdaf2-5dd5-8000-d78e-010000010000 Processing reference: ActivityClassParameter[name=Country,it=3,v=USA]
2019-11-08 14:10:07.775 DEBUG processModel 0 001bdaf2-5dd5-8000-d78e-010000010000 Processing reference: ActivityClassParameter[name=Supervisor,it=4,v=]
2019-11-08 14:10:07.775 DEBUG processModel 0 001bdaf2-5dd5-8000-d78e-010000010000 Processing reference: ActivityClassParameter[name=Title,it=1,v=<null>]
2019-11-08 14:10:07.775 DEBUG processModel 0 001bdaf2-5dd5-8000-d78e-010000010000 Processing reference: ActivityClassParameter[name=UserName,it=3,v=]
2019-11-08 14:10:07.775 DEBUG processModel 0 001bdaf2-5dd5-8000-d78e-010000010000 Processing reference: ActivityClassParameter[name=Password,it=3,v=]
2019-11-08 14:10:07.775 DEBUG processModel 0 001bdaf2-5dd5-8000-d78e-010000010000 Processing reference: ActivityClassParameter[name=SocialSecurityNumber,it=3,v=]
2019-11-08 14:10:07.775 DEBUG processModel 0 001bdaf2-5dd5-8000-d78e-010000010000 Processing reference: ActivityClassParameter[name=FirstName,it=3,v=]
2019-11-08 14:10:07.775 DEBUG processModel 0 001bdaf2-5dd5-8000-d78e-010000010000 Processing reference: ActivityClassParameter[name=NickName,it=3,v=]
2019-11-08 14:10:07.776 DEBUG processModel 0 001bdaf2-5dd5-8000-d78e-010000010000 Processing reference: ActivityClassParameter[name=MiddleName,it=3,v=]
2019-11-08 14:10:07.776 DEBUG processModel 0 001bdaf2-5dd5-8000-d78e-010000010000 Processing reference: ActivityClassParameter[name=LastName,it=3,v=]
2019-11-08 14:10:07.776 DEBUG processModel 0 001bdaf2-5dd5-8000-d78e-010000010000 Processing reference: ActivityClassParameter[name=Email,it=3,v=]
2019-11-08 14:10:07.776 DEBUG processModel 0 001bdaf2-5dd5-8000-d78e-010000010000 Processing reference: ActivityClassParameter[name=NewUsername,it=4,v=]
2019-11-08 14:10:07.776 DEBUG processModel 0 001bdaf2-5dd5-8000-d78e-010000010000 Processing reference: ProcessVariable[name=EveryoneGroup,it=5,v=40]
2019-11-08 14:10:07.777 DEBUG processModel 0 001bdaf2-5dd5-8000-d78e-010000010000 Processing reference: ProcessVariable[name=JEX_JUA_numberOfUsers,it=1,v=160]
2019-11-08 14:10:07.777 DEBUG processModel 0 001bdaf2-5dd5-8000-d78e-010000010000 Processing reference: ProcessVariable[name=JEX_JUA_userCountIndex,it=1,v=1]
2019-11-08 14:10:07.777 DEBUG processModel 0 001bdaf2-5dd5-8000-d78e-010000010000 Processing reference: ProcessVariable[name=JEX_JUA_userFirstName,it=3,v=test]
2019-11-08 14:10:07.777 DEBUG processModel 0 001bdaf2-5dd5-8000-d78e-010000010000 Processing reference: ProcessVariable[name=JEX_JUA_userLastName,it=3,v=user]
2019-11-08 14:10:07.777 DEBUG processModel 0 001bdaf2-5dd5-8000-d78e-010000010000 Processing reference: ProcessVariable[name=LRUsers_numberOfUsers,it=1,v=1000]
2019-11-08 14:10:07.777 DEBUG processModel 0 001bdaf2-5dd5-8000-d78e-010000010000 Processing reference: ProcessVariable[name=LRUsers_userCount,it=1,v=0]
2019-11-08 14:10:07.777 DEBUG processModel 0 001bdaf2-5dd5-8000-d78e-010000010000 Processing reference: ProcessVariable[name=LRUsers_userCountIndex,it=1,v=1]
2019-11-08 14:10:07.777 DEBUG processModel 0 001bdaf2-5dd5-8000-d78e-010000010000 Processing reference: ProcessVariable[name=LRUsers_userFirstName,it=3,v=load]
2019-11-08 14:10:07.777 DEBUG processModel 0 001bdaf2-5dd5-8000-d78e-010000010000 Processing reference: ProcessVariable[name=LRUsers_userLastName,it=3,v=user]
2019-11-08 14:10:07.778 DEBUG processModel 0 001bdaf2-5dd5-8000-d78e-010000010000 Processing reference: ProcessVariable[name=NUsers_Email,it=3,v=]
2019-11-08 14:10:07.778 DEBUG processModel 0 001bdaf2-5dd5-8000-d78e-010000010000 Processing reference: ProcessVariable[name=NUsers_FirstName,it=3,v=]
2019-11-08 14:10:07.778 DEBUG processModel 0 001bdaf2-5dd5-8000-d78e-010000010000 Processing reference: ProcessVariable[name=NUsers_LastName,it=3,v=]
2019-11-08 14:10:07.778 DEBUG processModel 0 001bdaf2-5dd5-8000-d78e-010000010000 Processing reference: ProcessVariable[name=NUsers_UserName,it=3,v=]
2019-11-08 14:10:07.778 DEBUG processModel 0 001bdaf2-5dd5-8000-d78e-010000010000 Processing reference: ProcessVariable[name=NUsers_newUsers,it=104,v={}]
2019-11-08 14:10:07.778 DEBUG processModel 0 001bdaf2-5dd5-8000-d78e-010000010000 Processing reference: ProcessVariable[name=NewUsername,it=4,v=]
2019-11-08 14:10:07.778 DEBUG processModel 0 001bdaf2-5dd5-8000-d78e-010000010000 Processing reference: ProcessVariable[name=NewUsers_emails,it=103,v={}]
2019-11-08 14:10:07.778 DEBUG processModel 0 001bdaf2-5dd5-8000-d78e-010000010000 Processing reference: ProcessVariable[name=NewUsers_firstNames,it=103,v={}]
2019-11-08 14:10:07.778 DEBUG processModel 0 001bdaf2-5dd5-8000-d78e-010000010000 Processing reference: ProcessVariable[name=NewUsers_lastNames,it=103,v={}]
2019-11-08 14:10:07.778 DEBUG processModel 0 001bdaf2-5dd5-8000-d78e-010000010000 Processing reference: ProcessVariable[name=NewUsers_userTypes,it=101,v={}]
2019-11-08 14:10:07.778 DEBUG processModel 0 001bdaf2-5dd5-8000-d78e-010000010000 Processing reference: ProcessVariable[name=NewUsers_usernames,it=103,v={}]
2019-11-08 14:10:07.778 DEBUG processModel 0 001bdaf2-5dd5-8000-d78e-010000010000 Processing reference: ProcessVariable[name=SampleUsers_Finance,it=103,v={}]
2019-11-08 14:10:07.778 DEBUG processModel 0 001bdaf2-5dd5-8000-d78e-010000010000 Processing reference: ProcessVariable[name=SampleUsers_HumanResources,it=103,v={}]
2019-11-08 14:10:07.778 DEBUG processModel 0 001bdaf2-5dd5-8000-d78e-010000010000 Processing reference: ProcessVariable[name=SampleUsers_InformationTechnology,it=103,v={}]
2019-11-08 14:10:07.778 DEBUG processModel 0 001bdaf2-5dd5-8000-d78e-010000010000 Processing reference: ProcessVariable[name=SampleUsers_Legal,it=103,v={}]
2019-11-08 14:10:07.778 DEBUG processModel 0 001bdaf2-5dd5-8000-d78e-010000010000 Processing reference: ProcessVariable[name=SampleUsers_Marketing,it=103,v={}]
2019-11-08 14:10:07.778 DEBUG processModel 0 001bdaf2-5dd5-8000-d78e-010000010000 Processing reference: ProcessVariable[name=SampleUsers_Sales,it=103,v={}]
2019-11-08 14:10:07.778 DEBUG processModel 0 001bdaf2-5dd5-8000-d78e-010000010000 Processing reference: ProcessVariable[name=TechUsers_Basic,it=103,v={}]
2019-11-08 14:10:07.778 DEBUG processModel 0 001bdaf2-5dd5-8000-d78e-010000010000 Processing reference: ProcessVariable[name=TechUsers_Contractors,it=103,v={}]
2019-11-08 14:10:07.778 DEBUG processModel 0 001bdaf2-5dd5-8000-d78e-010000010000 Processing reference: ProcessVariable[name=TechUsers_Supervisors,it=103,v={}]
2019-11-08 14:10:07.778 DEBUG processModel 0 001bdaf2-5dd5-8000-d78e-010000010000 Processing reference: ProcessVariable[name=interationsInformationTechnology,it=1,v=1]
2019-11-08 14:10:07.778 DEBUG processModel 0 001bdaf2-5dd5-8000-d78e-010000010000 Processing reference: ProcessVariable[name=iterationsBasicUsers,it=1,v=1]
2019-11-08 14:10:07.778 DEBUG processModel 0 001bdaf2-5dd5-8000-d78e-010000010000 Processing reference: ProcessVariable[name=iterationsFinance,it=1,v=1]
2019-11-08 14:10:07.778 DEBUG processModel 0 001bdaf2-5dd5-8000-d78e-010000010000 Processing reference: ProcessVariable[name=iterationsHumanResources,it=1,v=1]
2019-11-08 14:10:07.778 DEBUG processModel 0 001bdaf2-5dd5-8000-d78e-010000010000 Processing reference: ProcessVariable[name=iterationsLegal,it=1,v=1]
2019-11-08 14:10:07.778 DEBUG processModel 0 001bdaf2-5dd5-8000-d78e-010000010000 Processing reference: ProcessVariable[name=iterationsMarketing,it=1,v=1]
2019-11-08 14:10:07.778 DEBUG processModel 0 001bdaf2-5dd5-8000-d78e-010000010000 Processing reference: ProcessVariable[name=iterationsSales,it=1,v=1]
2019-11-08 14:10:07.778 DEBUG processModel 0 001bdaf2-5dd5-8000-d78e-010000010000 Processing reference: ProcessVariable[name=newAdminsCreated,it=104,v={}]
2019-11-08 14:10:07.779 DEBUG processModel 0 001bdaf2-5dd5-8000-d78e-010000010000 Processing reference: ProcessVariable[name=newContractorAdminsCreated,it=104,v={}]
2019-11-08 14:10:07.779 DEBUG processModel 0 001bdaf2-5dd5-8000-d78e-010000010000 Processing reference: ProcessVariable[name=newDesignersCreated,it=104,v={}]
2019-11-08 14:10:07.779 DEBUG processModel 0 001bdaf2-5dd5-8000-d78e-010000010000 Processing reference: ProcessVariable[name=newQuickAppsCreatorsCreated,it=104,v={}]
2019-11-08 14:10:07.779 DEBUG processModel 0 001bdaf2-5dd5-8000-d78e-010000010000 Processing reference: ProcessVariable[name=newUsers,it=104,v={}]
2019-11-08 14:10:07.779 DEBUG processModel 0 001bdaf2-5dd5-8000-d78e-010000010000 Processing reference: ProcessVariable[name=numUsersToCreate,it=1,v=10]
2019-11-08 14:10:07.779 DEBUG processModel 0 001bdaf2-5dd5-8000-d78e-010000010000 Processing reference: ProcessVariable[name=onePassword,it=3,v=]
2019-11-08 14:10:07.779 DEBUG processModel 0 001bdaf2-5dd5-8000-d78e-010000010000 Processing reference: ProcessVariable[name=onePasswordForAdmins,it=3,v=]
2019-11-08 14:10:07.779 DEBUG processModel 0 001bdaf2-5dd5-8000-d78e-010000010000 Processing reference: ProcessVariable[name=selection,it=3,v=]
2019-11-08 14:10:07.779 DEBUG processModel 0 001bdaf2-5dd5-8000-d78e-010000010000 Processing reference: com.appiancorp.suiteapi.process.ProcessRoleMap@59dfee86[
  Role[name=ADMIN_OWNER,usernames=[Administrator],groupIds=[40]]
  Role[name=EDITOR]
  Role[name=EXPLICIT_NONMEMBER]
  Role[name=VIEWER]
  Role[name=MANAGER]
  Role[name=INITIATOR]
]
2019-11-08 14:10:07.779 DEBUG processModel 0 001bdaf2-5dd5-8000-d78e-010000010000 Processing reference: Role[name=ADMIN_OWNER,usernames=[Administrator],groupIds=[40]]
2019-11-08 14:10:07.781 DEBUG processModel 0 001bdaf2-5dd5-8000-d78e-010000010000 Processing reference: Role[name=EDITOR]
2019-11-08 14:10:07.781 DEBUG processModel 0 001bdaf2-5dd5-8000-d78e-010000010000 Processing reference: Role[name=EXPLICIT_NONMEMBER]
2019-11-08 14:10:07.781 DEBUG processModel 0 001bdaf2-5dd5-8000-d78e-010000010000 Processing reference: Role[name=VIEWER]
2019-11-08 14:10:07.781 DEBUG processModel 0 001bdaf2-5dd5-8000-d78e-010000010000 Processing reference: Role[name=MANAGER]
2019-11-08 14:10:07.781 DEBUG processModel 0 001bdaf2-5dd5-8000-d78e-010000010000 Processing reference: Role[name=INITIATOR]
2019-11-08 14:10:07.844 DEBUG processModel 0 001bdaf2-5dd5-8000-d78e-010000010000 Completing produce.
2019-11-08 14:10:07.844 DEBUG processModel 0 001bdaf2-5dd5-8000-d78e-010000010000 Exporting binary resources.
2019-11-08 14:10:07.844 DEBUG processModel 0 001bdaf2-5dd5-8000-d78e-010000010000 Serializing object to XML.
2019-11-08 14:10:07.901 DEBUG processModel 0 001bdaf2-5dd5-8000-d78e-010000010000 Object transported.
