Success (2):
content 2078 _a-0000e37e-8f8b-8000-8c15-88ef9088ef90_12434 "constant_test2"
content 2085 _a-0000e37e-8f8b-8000-8c15-88ef9088ef90_12474 "constant_test3"

Referenced precedents that were not exported (2):
content 2039 _a-0000e25a-4a85-8000-3a5b-01ef9001ef90_24193
application 2047 _a-0000e25a-4a85-8000-3a5b-01ef9001ef90_23541

Trace:
2019-11-08 16:35:15.638 DEBUG content 2078 _a-0000e37e-8f8b-8000-8c15-88ef9088ef90_12434 Begin transport.
2019-11-08 16:35:15.638 DEBUG content 2078 _a-0000e37e-8f8b-8000-8c15-88ef9088ef90_12434 Retrieving object data.
2019-11-08 16:35:15.651 DEBUG content 2078 _a-0000e37e-8f8b-8000-8c15-88ef9088ef90_12434 Setting uuids of object references.
2019-11-08 16:35:15.651 DEBUG content 2078 _a-0000e37e-8f8b-8000-8c15-88ef9088ef90_12434 Processing reference: [Content:id=2078,versionId=-1,name=constant_test2,type=32,subtype=0,uuid=_a-0000e37e-8f8b-8000-8c15-88ef9088ef90_12434,parent=2039]
2019-11-08 16:35:15.654 DEBUG content 2078 _a-0000e37e-8f8b-8000-8c15-88ef9088ef90_12434 Processing reference: Constant.forum
2019-11-08 16:35:15.655 DEBUG content 2078 _a-0000e37e-8f8b-8000-8c15-88ef9088ef90_12434 Processing reference: Constant.parent
2019-11-08 16:35:15.659 DEBUG content 2078 _a-0000e37e-8f8b-8000-8c15-88ef9088ef90_12434 Processing reference: com.appiancorp.suiteapi.content.ContentRoleMap@45fc82ac[
  ContentRole[name=readers,inherit=true,allowForAll=false]
  ContentRole[name=authors,inherit=true,allowForAll=false]
  ContentRole[name=administrators,inherit=true,allowForAll=false]
  ContentRole[name=denyReaders,inherit=false,allowForAll=false]
  ContentRole[name=denyAuthors,inherit=false,allowForAll=false]
  ContentRole[name=denyAdministrators,inherit=false,allowForAll=false]
  securityVector=15:SEC_PUBLIC=true,SEC_CREATOR_ADMIN=false,SEC_INH_ADMIN=true,SEC_INH_EDITOR=true,SEC_INH_VIEWER=true,SEC_ALL_ADMIN=false,SEC_ALL_EDITOR=false,SEC_ALL_VIEWER=false
]
2019-11-08 16:35:15.659 DEBUG content 2078 _a-0000e37e-8f8b-8000-8c15-88ef9088ef90_12434 Processing reference: ContentRole[name=readers,inherit=true,allowForAll=false]
2019-11-08 16:35:15.659 DEBUG content 2078 _a-0000e37e-8f8b-8000-8c15-88ef9088ef90_12434 Processing reference: ContentRole[name=authors,inherit=true,allowForAll=false]
2019-11-08 16:35:15.659 DEBUG content 2078 _a-0000e37e-8f8b-8000-8c15-88ef9088ef90_12434 Processing reference: ContentRole[name=administrators,inherit=true,allowForAll=false]
2019-11-08 16:35:15.659 DEBUG content 2078 _a-0000e37e-8f8b-8000-8c15-88ef9088ef90_12434 Processing reference: ContentRole[name=denyReaders,inherit=false,allowForAll=false]
2019-11-08 16:35:15.659 DEBUG content 2078 _a-0000e37e-8f8b-8000-8c15-88ef9088ef90_12434 Processing reference: ContentRole[name=denyAuthors,inherit=false,allowForAll=false]
2019-11-08 16:35:15.659 DEBUG content 2078 _a-0000e37e-8f8b-8000-8c15-88ef9088ef90_12434 Processing reference: ContentRole[name=denyAdministrators,inherit=false,allowForAll=false]
2019-11-08 16:35:15.659 DEBUG content 2078 _a-0000e37e-8f8b-8000-8c15-88ef9088ef90_12434 Completing produce.
2019-11-08 16:35:15.659 DEBUG content 2078 _a-0000e37e-8f8b-8000-8c15-88ef9088ef90_12434 Exporting binary resources.
2019-11-08 16:35:15.659 DEBUG content 2078 _a-0000e37e-8f8b-8000-8c15-88ef9088ef90_12434 Serializing object to XML.
2019-11-08 16:35:15.801 DEBUG content 2078 _a-0000e37e-8f8b-8000-8c15-88ef9088ef90_12434 Object transported.
2019-11-08 16:35:15.801 DEBUG content 2085 _a-0000e37e-8f8b-8000-8c15-88ef9088ef90_12474 Begin transport.
2019-11-08 16:35:15.801 DEBUG content 2085 _a-0000e37e-8f8b-8000-8c15-88ef9088ef90_12474 Retrieving object data.
2019-11-08 16:35:15.811 DEBUG content 2085 _a-0000e37e-8f8b-8000-8c15-88ef9088ef90_12474 Setting uuids of object references.
2019-11-08 16:35:15.811 DEBUG content 2085 _a-0000e37e-8f8b-8000-8c15-88ef9088ef90_12474 Processing reference: [Content:id=2085,versionId=-1,name=constant_test3,type=32,subtype=0,uuid=_a-0000e37e-8f8b-8000-8c15-88ef9088ef90_12474,parent=2039]
2019-11-08 16:35:15.814 DEBUG content 2085 _a-0000e37e-8f8b-8000-8c15-88ef9088ef90_12474 Processing reference: Constant.forum
2019-11-08 16:35:15.814 DEBUG content 2085 _a-0000e37e-8f8b-8000-8c15-88ef9088ef90_12474 Processing reference: Constant.parent
2019-11-08 16:35:15.817 DEBUG content 2085 _a-0000e37e-8f8b-8000-8c15-88ef9088ef90_12474 Processing reference: com.appiancorp.suiteapi.content.ContentRoleMap@7dd19ae0[
  ContentRole[name=readers,inherit=true,allowForAll=false]
  ContentRole[name=authors,inherit=true,allowForAll=false]
  ContentRole[name=administrators,inherit=true,allowForAll=false]
  ContentRole[name=denyReaders,inherit=false,allowForAll=false]
  ContentRole[name=denyAuthors,inherit=false,allowForAll=false]
  ContentRole[name=denyAdministrators,inherit=false,allowForAll=false]
  securityVector=15:SEC_PUBLIC=true,SEC_CREATOR_ADMIN=false,SEC_INH_ADMIN=true,SEC_INH_EDITOR=true,SEC_INH_VIEWER=true,SEC_ALL_ADMIN=false,SEC_ALL_EDITOR=false,SEC_ALL_VIEWER=false
]
2019-11-08 16:35:15.817 DEBUG content 2085 _a-0000e37e-8f8b-8000-8c15-88ef9088ef90_12474 Processing reference: ContentRole[name=readers,inherit=true,allowForAll=false]
2019-11-08 16:35:15.817 DEBUG content 2085 _a-0000e37e-8f8b-8000-8c15-88ef9088ef90_12474 Processing reference: ContentRole[name=authors,inherit=true,allowForAll=false]
2019-11-08 16:35:15.817 DEBUG content 2085 _a-0000e37e-8f8b-8000-8c15-88ef9088ef90_12474 Processing reference: ContentRole[name=administrators,inherit=true,allowForAll=false]
2019-11-08 16:35:15.817 DEBUG content 2085 _a-0000e37e-8f8b-8000-8c15-88ef9088ef90_12474 Processing reference: ContentRole[name=denyReaders,inherit=false,allowForAll=false]
2019-11-08 16:35:15.817 DEBUG content 2085 _a-0000e37e-8f8b-8000-8c15-88ef9088ef90_12474 Processing reference: ContentRole[name=denyAuthors,inherit=false,allowForAll=false]
2019-11-08 16:35:15.817 DEBUG content 2085 _a-0000e37e-8f8b-8000-8c15-88ef9088ef90_12474 Processing reference: ContentRole[name=denyAdministrators,inherit=false,allowForAll=false]
2019-11-08 16:35:15.817 DEBUG content 2085 _a-0000e37e-8f8b-8000-8c15-88ef9088ef90_12474 Completing produce.
2019-11-08 16:35:15.817 DEBUG content 2085 _a-0000e37e-8f8b-8000-8c15-88ef9088ef90_12474 Exporting binary resources.
2019-11-08 16:35:15.817 DEBUG content 2085 _a-0000e37e-8f8b-8000-8c15-88ef9088ef90_12474 Serializing object to XML.
2019-11-08 16:35:15.826 DEBUG content 2085 _a-0000e37e-8f8b-8000-8c15-88ef9088ef90_12474 Object transported.
